<?xml version="1.0" encoding="UTF-8"?>
<coverage generated="1761867147631" clover="3.2.0">
  <project timestamp="1761867147631" name="All files">
    <metrics statements="477" coveredstatements="200" conditionals="273" coveredconditionals="46" methods="55" coveredmethods="18" elements="805" coveredelements="264" complexity="0" loc="477" ncloc="477" packages="3" files="9" classes="9"/>
    <package name="backend">
      <metrics statements="158" coveredstatements="98" conditionals="73" coveredconditionals="33" methods="17" coveredmethods="11"/>
      <file name="server.js" path="C:\Users\aditn\OneDrive\Desktop\Aandsz-Forces-ATS-CS490\backend\server.js">
        <metrics statements="158" coveredstatements="98" conditionals="73" coveredconditionals="33" methods="17" coveredmethods="11"/>
        <line num="22" count="8" type="stmt"/>
        <line num="25" count="8" type="stmt"/>
        <line num="26" count="8" type="stmt"/>
        <line num="27" count="8" type="stmt"/>
        <line num="29" count="8" type="stmt"/>
        <line num="30" count="8" type="stmt"/>
        <line num="33" count="8" type="stmt"/>
        <line num="34" count="8" type="stmt"/>
        <line num="37" count="8" type="stmt"/>
        <line num="40" count="8" type="stmt"/>
        <line num="44" count="8" type="stmt"/>
        <line num="46" count="8" type="stmt"/>
        <line num="47" count="0" type="stmt"/>
        <line num="50" count="8" type="cond" truecount="1" falsecount="1"/>
        <line num="51" count="8" type="stmt"/>
        <line num="54" count="2" type="stmt"/>
        <line num="60" count="5" type="stmt"/>
        <line num="61" count="5" type="cond" truecount="2" falsecount="0"/>
        <line num="62" count="4" type="stmt"/>
        <line num="63" count="4" type="stmt"/>
        <line num="64" count="4" type="stmt"/>
        <line num="65" count="4" type="stmt"/>
        <line num="66" count="4" type="stmt"/>
        <line num="68" count="0" type="stmt"/>
        <line num="73" count="8" type="stmt"/>
        <line num="76" count="8" type="stmt"/>
        <line num="83" count="4" type="stmt"/>
        <line num="84" count="4" type="stmt"/>
        <line num="85" count="4" type="cond" truecount="4" falsecount="0"/>
        <line num="86" count="1" type="stmt"/>
        <line num="88" count="3" type="cond" truecount="2" falsecount="0"/>
        <line num="89" count="1" type="stmt"/>
        <line num="93" count="2" type="cond" truecount="1" falsecount="1"/>
        <line num="94" count="0" type="stmt"/>
        <line num="96" count="2" type="cond" truecount="3" falsecount="1"/>
        <line num="97" count="0" type="stmt"/>
        <line num="102" count="2" type="stmt"/>
        <line num="103" count="2" type="stmt"/>
        <line num="106" count="2" type="cond" truecount="2" falsecount="0"/>
        <line num="107" count="1" type="stmt"/>
        <line num="109" count="1" type="stmt"/>
        <line num="110" count="1" type="stmt"/>
        <line num="114" count="1" type="stmt"/>
        <line num="115" count="1" type="stmt"/>
        <line num="117" count="0" type="stmt"/>
        <line num="118" count="0" type="stmt"/>
        <line num="123" count="8" type="stmt"/>
        <line num="124" count="3" type="cond" truecount="0" falsecount="2"/>
        <line num="125" count="3" type="stmt"/>
        <line num="126" count="3" type="stmt"/>
        <line num="127" count="3" type="stmt"/>
        <line num="130" count="3" type="cond" truecount="2" falsecount="0"/>
        <line num="131" count="1" type="stmt"/>
        <line num="133" count="2" type="stmt"/>
        <line num="134" count="2" type="cond" truecount="1" falsecount="1"/>
        <line num="135" count="2" type="cond" truecount="2" falsecount="0"/>
        <line num="136" count="1" type="stmt"/>
        <line num="138" count="1" type="stmt"/>
        <line num="139" count="1" type="stmt"/>
        <line num="141" count="0" type="stmt"/>
        <line num="142" count="0" type="stmt"/>
        <line num="147" count="8" type="stmt"/>
        <line num="148" count="1" type="stmt"/>
        <line num="152" count="8" type="stmt"/>
        <line num="153" count="0" type="stmt"/>
        <line num="154" count="0" type="cond" truecount="0" falsecount="1"/>
        <line num="155" count="0" type="stmt"/>
        <line num="156" count="0" type="stmt"/>
        <line num="160" count="0" type="cond" truecount="0" falsecount="2"/>
        <line num="161" count="0" type="stmt"/>
        <line num="162" count="0" type="stmt"/>
        <line num="163" count="0" type="stmt"/>
        <line num="164" count="0" type="stmt"/>
        <line num="169" count="0" type="stmt"/>
        <line num="173" count="0" type="stmt"/>
        <line num="174" count="0" type="stmt"/>
        <line num="179" count="8" type="stmt"/>
        <line num="185" count="0" type="stmt"/>
        <line num="186" count="0" type="stmt"/>
        <line num="188" count="0" type="stmt"/>
        <line num="189" count="0" type="stmt"/>
        <line num="190" count="0" type="cond" truecount="0" falsecount="2"/>
        <line num="196" count="0" type="stmt"/>
        <line num="199" count="0" type="cond" truecount="0" falsecount="2"/>
        <line num="200" count="0" type="stmt"/>
        <line num="201" count="0" type="cond" truecount="0" falsecount="2"/>
        <line num="202" count="0" type="stmt"/>
        <line num="204" count="0" type="stmt"/>
        <line num="205" count="0" type="stmt"/>
        <line num="209" count="0" type="cond" truecount="0" falsecount="2"/>
        <line num="210" count="0" type="stmt"/>
        <line num="212" count="0" type="stmt"/>
        <line num="213" count="0" type="stmt"/>
        <line num="214" count="0" type="stmt"/>
        <line num="216" count="0" type="stmt"/>
        <line num="217" count="0" type="stmt"/>
        <line num="222" count="8" type="stmt"/>
        <line num="223" count="1" type="stmt"/>
        <line num="224" count="1" type="stmt"/>
        <line num="228" count="1" type="cond" truecount="1" falsecount="1"/>
        <line num="229" count="0" type="stmt"/>
        <line num="230" count="1" type="stmt"/>
        <line num="232" count="0" type="stmt"/>
        <line num="233" count="0" type="stmt"/>
        <line num="237" count="8" type="stmt"/>
        <line num="238" count="1" type="cond" truecount="0" falsecount="2"/>
        <line num="239" count="1" type="stmt"/>
        <line num="240" count="1" type="stmt"/>
        <line num="244" count="1" type="stmt"/>
        <line num="246" count="0" type="stmt"/>
        <line num="247" count="0" type="stmt"/>
        <line num="252" count="8" type="stmt"/>
        <line num="253" count="2" type="stmt"/>
        <line num="254" count="2" type="cond" truecount="0" falsecount="1"/>
        <line num="255" count="2" type="stmt"/>
        <line num="258" count="2" type="cond" truecount="1" falsecount="1"/>
        <line num="259" count="0" type="stmt"/>
        <line num="261" count="2" type="stmt"/>
        <line num="262" count="2" type="cond" truecount="1" falsecount="1"/>
        <line num="263" count="2" type="cond" truecount="2" falsecount="0"/>
        <line num="265" count="1" type="stmt"/>
        <line num="266" count="1" type="stmt"/>
        <line num="268" count="0" type="stmt"/>
        <line num="269" count="0" type="stmt"/>
        <line num="298" count="8" type="stmt"/>
        <line num="299" count="1" type="stmt"/>
        <line num="300" count="1" type="stmt"/>
        <line num="301" count="1" type="cond" truecount="1" falsecount="1"/>
        <line num="302" count="0" type="stmt"/>
        <line num="305" count="1" type="stmt"/>
        <line num="310" count="0" type="stmt"/>
        <line num="311" count="0" type="stmt"/>
        <line num="312" count="0" type="cond" truecount="0" falsecount="2"/>
        <line num="313" count="0" type="cond" truecount="0" falsecount="2"/>
        <line num="316" count="0" type="stmt"/>
        <line num="319" count="0" type="cond" truecount="0" falsecount="2"/>
        <line num="320" count="0" type="stmt"/>
        <line num="327" count="0" type="stmt"/>
        <line num="329" count="0" type="stmt"/>
        <line num="335" count="1" type="stmt"/>
        <line num="336" count="1" type="stmt"/>
        <line num="339" count="8" type="cond" truecount="1" falsecount="1"/>
        <line num="340" count="8" type="stmt"/>
        <line num="341" count="55" type="stmt"/>
        <line num="342" count="55" type="stmt"/>
        <line num="347" count="8" type="stmt"/>
        <line num="348" count="8" type="stmt"/>
        <line num="349" count="8" type="stmt"/>
        <line num="350" count="8" type="stmt"/>
        <line num="351" count="8" type="stmt"/>
        <line num="352" count="8" type="stmt"/>
        <line num="353" count="8" type="stmt"/>
        <line num="356" count="8" type="stmt"/>
        <line num="357" count="0" type="stmt"/>
        <line num="358" count="0" type="stmt"/>
        <line num="362" count="8" type="stmt"/>
        <line num="365" count="8" type="cond" truecount="1" falsecount="1"/>
        <line num="366" count="0" type="stmt"/>
      </file>
    </package>
    <package name="backend.routes">
      <metrics statements="314" coveredstatements="98" conditionals="200" coveredconditionals="13" methods="35" coveredmethods="5"/>
      <file name="certification.js" path="C:\Users\aditn\OneDrive\Desktop\Aandsz-Forces-ATS-CS490\backend\routes\certification.js">
        <metrics statements="61" coveredstatements="16" conditionals="42" coveredconditionals="2" methods="5" coveredmethods="1"/>
        <line num="6" count="8" type="stmt"/>
        <line num="7" count="8" type="stmt"/>
        <line num="8" count="8" type="stmt"/>
        <line num="9" count="8" type="stmt"/>
        <line num="10" count="8" type="cond" truecount="1" falsecount="1"/>
        <line num="14" count="7" type="stmt"/>
        <line num="15" count="7" type="cond" truecount="1" falsecount="1"/>
        <line num="17" count="7" type="stmt"/>
        <line num="18" count="7" type="stmt"/>
        <line num="19" count="7" type="stmt"/>
        <line num="20" count="7" type="stmt"/>
        <line num="21" count="0" type="stmt"/>
        <line num="23" count="7" type="stmt"/>
        <line num="28" count="8" type="stmt"/>
        <line num="29" count="0" type="stmt"/>
        <line num="41" count="0" type="stmt"/>
        <line num="43" count="0" type="cond" truecount="0" falsecount="4"/>
        <line num="44" count="0" type="stmt"/>
        <line num="49" count="0" type="cond" truecount="0" falsecount="2"/>
        <line num="50" count="0" type="cond" truecount="0" falsecount="4"/>
        <line num="52" count="0" type="cond" truecount="0" falsecount="4"/>
        <line num="56" count="0" type="stmt"/>
        <line num="77" count="0" type="stmt"/>
        <line num="79" count="0" type="stmt"/>
        <line num="80" count="0" type="stmt"/>
        <line num="85" count="8" type="stmt"/>
        <line num="86" count="0" type="stmt"/>
        <line num="87" count="0" type="stmt"/>
        <line num="91" count="0" type="stmt"/>
        <line num="93" count="0" type="stmt"/>
        <line num="94" count="0" type="stmt"/>
        <line num="99" count="8" type="stmt"/>
        <line num="100" count="0" type="stmt"/>
        <line num="113" count="0" type="stmt"/>
        <line num="114" count="0" type="stmt"/>
        <line num="115" count="0" type="stmt"/>
        <line num="117" count="0" type="stmt"/>
        <line num="118" count="0" type="cond" truecount="0" falsecount="2"/>
        <line num="119" count="0" type="stmt"/>
        <line num="122" count="0" type="cond" truecount="0" falsecount="2"/>
        <line num="125" count="0" type="cond" truecount="0" falsecount="4"/>
        <line num="128" count="0" type="stmt"/>
        <line num="129" count="0" type="stmt"/>
        <line num="133" count="0" type="cond" truecount="0" falsecount="2"/>
        <line num="134" count="0" type="stmt"/>
        <line num="136" count="0" type="stmt"/>
        <line num="138" count="0" type="stmt"/>
        <line num="145" count="0" type="stmt"/>
        <line num="146" count="0" type="stmt"/>
        <line num="147" count="0" type="cond" truecount="0" falsecount="2"/>
        <line num="148" count="0" type="stmt"/>
        <line num="150" count="0" type="stmt"/>
        <line num="151" count="0" type="stmt"/>
        <line num="156" count="8" type="stmt"/>
        <line num="157" count="0" type="stmt"/>
        <line num="158" count="0" type="stmt"/>
        <line num="162" count="0" type="cond" truecount="0" falsecount="2"/>
        <line num="163" count="0" type="stmt"/>
        <line num="164" count="0" type="stmt"/>
        <line num="166" count="0" type="stmt"/>
        <line num="167" count="0" type="stmt"/>
      </file>
      <file name="education.js" path="C:\Users\aditn\OneDrive\Desktop\Aandsz-Forces-ATS-CS490\backend\routes\education.js">
        <metrics statements="44" coveredstatements="16" conditionals="37" coveredconditionals="2" methods="5" coveredmethods="1"/>
        <line num="6" count="8" type="stmt"/>
        <line num="7" count="8" type="stmt"/>
        <line num="8" count="8" type="stmt"/>
        <line num="10" count="8" type="stmt"/>
        <line num="11" count="8" type="cond" truecount="1" falsecount="1"/>
        <line num="15" count="7" type="stmt"/>
        <line num="16" count="7" type="cond" truecount="1" falsecount="1"/>
        <line num="17" count="7" type="stmt"/>
        <line num="18" count="7" type="stmt"/>
        <line num="19" count="7" type="stmt"/>
        <line num="20" count="7" type="stmt"/>
        <line num="21" count="0" type="stmt"/>
        <line num="23" count="7" type="stmt"/>
        <line num="28" count="8" type="stmt"/>
        <line num="39" count="0" type="stmt"/>
        <line num="41" count="0" type="cond" truecount="0" falsecount="5"/>
        <line num="42" count="0" type="stmt"/>
        <line num="44" count="0" type="stmt"/>
        <line num="45" count="0" type="stmt"/>
        <line num="65" count="0" type="stmt"/>
        <line num="67" count="0" type="stmt"/>
        <line num="68" count="0" type="stmt"/>
        <line num="73" count="8" type="stmt"/>
        <line num="74" count="0" type="stmt"/>
        <line num="75" count="0" type="stmt"/>
        <line num="79" count="0" type="stmt"/>
        <line num="81" count="0" type="stmt"/>
        <line num="82" count="0" type="stmt"/>
        <line num="87" count="8" type="stmt"/>
        <line num="98" count="0" type="stmt"/>
        <line num="100" count="0" type="stmt"/>
        <line num="101" count="0" type="stmt"/>
        <line num="123" count="0" type="cond" truecount="0" falsecount="2"/>
        <line num="124" count="0" type="stmt"/>
        <line num="126" count="0" type="stmt"/>
        <line num="127" count="0" type="stmt"/>
        <line num="132" count="8" type="stmt"/>
        <line num="133" count="0" type="stmt"/>
        <line num="134" count="0" type="stmt"/>
        <line num="138" count="0" type="cond" truecount="0" falsecount="2"/>
        <line num="139" count="0" type="stmt"/>
        <line num="140" count="0" type="stmt"/>
        <line num="142" count="0" type="stmt"/>
        <line num="143" count="0" type="stmt"/>
      </file>
      <file name="employment.js" path="C:\Users\aditn\OneDrive\Desktop\Aandsz-Forces-ATS-CS490\backend\routes\employment.js">
        <metrics statements="52" coveredstatements="17" conditionals="35" coveredconditionals="2" methods="5" coveredmethods="1"/>
        <line num="6" count="8" type="stmt"/>
        <line num="7" count="8" type="stmt"/>
        <line num="8" count="8" type="stmt"/>
        <line num="10" count="8" type="stmt"/>
        <line num="14" count="8" type="cond" truecount="1" falsecount="1"/>
        <line num="18" count="7" type="stmt"/>
        <line num="19" count="7" type="cond" truecount="1" falsecount="1"/>
        <line num="20" count="7" type="stmt"/>
        <line num="21" count="7" type="stmt"/>
        <line num="22" count="7" type="stmt"/>
        <line num="23" count="7" type="stmt"/>
        <line num="24" count="0" type="stmt"/>
        <line num="26" count="7" type="stmt"/>
        <line num="27" count="7" type="stmt"/>
        <line num="34" count="8" type="stmt"/>
        <line num="43" count="0" type="stmt"/>
        <line num="45" count="0" type="cond" truecount="0" falsecount="5"/>
        <line num="46" count="0" type="stmt"/>
        <line num="51" count="0" type="cond" truecount="0" falsecount="5"/>
        <line num="52" count="0" type="stmt"/>
        <line num="57" count="0" type="stmt"/>
        <line num="58" count="0" type="stmt"/>
        <line num="64" count="0" type="stmt"/>
        <line num="75" count="0" type="stmt"/>
        <line num="76" count="0" type="stmt"/>
        <line num="81" count="0" type="stmt"/>
        <line num="82" count="0" type="stmt"/>
        <line num="89" count="8" type="stmt"/>
        <line num="90" count="0" type="stmt"/>
        <line num="91" count="0" type="stmt"/>
        <line num="100" count="0" type="stmt"/>
        <line num="102" count="0" type="stmt"/>
        <line num="103" count="0" type="stmt"/>
        <line num="110" count="8" type="stmt"/>
        <line num="119" count="0" type="stmt"/>
        <line num="121" count="0" type="cond" truecount="0" falsecount="5"/>
        <line num="122" count="0" type="stmt"/>
        <line num="127" count="0" type="stmt"/>
        <line num="128" count="0" type="stmt"/>
        <line num="149" count="0" type="cond" truecount="0" falsecount="2"/>
        <line num="150" count="0" type="stmt"/>
        <line num="152" count="0" type="stmt"/>
        <line num="157" count="0" type="stmt"/>
        <line num="158" count="0" type="stmt"/>
        <line num="165" count="8" type="stmt"/>
        <line num="166" count="0" type="stmt"/>
        <line num="167" count="0" type="stmt"/>
        <line num="176" count="0" type="cond" truecount="0" falsecount="2"/>
        <line num="177" count="0" type="stmt"/>
        <line num="179" count="0" type="stmt"/>
        <line num="181" count="0" type="stmt"/>
        <line num="182" count="0" type="stmt"/>
      </file>
      <file name="profile.js" path="C:\Users\aditn\OneDrive\Desktop\Aandsz-Forces-ATS-CS490\backend\routes\profile.js">
        <metrics statements="41" coveredstatements="15" conditionals="10" coveredconditionals="3" methods="4" coveredmethods="1"/>
        <line num="6" count="8" type="stmt"/>
        <line num="7" count="8" type="stmt"/>
        <line num="9" count="8" type="stmt"/>
        <line num="12" count="8" type="stmt"/>
        <line num="16" count="8" type="cond" truecount="1" falsecount="1"/>
        <line num="20" count="3" type="stmt"/>
        <line num="21" count="3" type="cond" truecount="2" falsecount="0"/>
        <line num="22" count="2" type="stmt"/>
        <line num="23" count="2" type="stmt"/>
        <line num="24" count="2" type="stmt"/>
        <line num="25" count="2" type="stmt"/>
        <line num="26" count="0" type="stmt"/>
        <line num="28" count="2" type="stmt"/>
        <line num="33" count="8" type="stmt"/>
        <line num="34" count="0" type="stmt"/>
        <line num="35" count="0" type="stmt"/>
        <line num="36" count="0" type="stmt"/>
        <line num="37" count="0" type="cond" truecount="0" falsecount="2"/>
        <line num="38" count="0" type="stmt"/>
        <line num="44" count="0" type="stmt"/>
        <line num="50" count="0" type="stmt"/>
        <line num="52" count="0" type="stmt"/>
        <line num="53" count="0" type="stmt"/>
        <line num="58" count="8" type="stmt"/>
        <line num="59" count="0" type="stmt"/>
        <line num="60" count="0" type="stmt"/>
        <line num="66" count="0" type="cond" truecount="0" falsecount="2"/>
        <line num="67" count="0" type="stmt"/>
        <line num="69" count="0" type="stmt"/>
        <line num="70" count="0" type="stmt"/>
        <line num="75" count="8" type="stmt"/>
        <line num="76" count="0" type="stmt"/>
        <line num="77" count="0" type="stmt"/>
        <line num="79" count="0" type="stmt"/>
        <line num="82" count="0" type="stmt"/>
        <line num="83" count="0" type="cond" truecount="0" falsecount="2"/>
        <line num="84" count="0" type="stmt"/>
        <line num="89" count="0" type="stmt"/>
        <line num="92" count="0" type="stmt"/>
        <line num="94" count="0" type="stmt"/>
        <line num="95" count="0" type="stmt"/>
      </file>
      <file name="projects.js" path="C:\Users\aditn\OneDrive\Desktop\Aandsz-Forces-ATS-CS490\backend\routes\projects.js">
        <metrics statements="53" coveredstatements="17" conditionals="60" coveredconditionals="2" methods="7" coveredmethods="1"/>
        <line num="6" count="8" type="stmt"/>
        <line num="7" count="8" type="stmt"/>
        <line num="8" count="8" type="stmt"/>
        <line num="10" count="8" type="stmt"/>
        <line num="14" count="8" type="cond" truecount="1" falsecount="1"/>
        <line num="18" count="7" type="stmt"/>
        <line num="19" count="7" type="cond" truecount="1" falsecount="1"/>
        <line num="20" count="7" type="stmt"/>
        <line num="21" count="7" type="stmt"/>
        <line num="22" count="7" type="stmt"/>
        <line num="23" count="7" type="stmt"/>
        <line num="24" count="0" type="stmt"/>
        <line num="26" count="7" type="stmt"/>
        <line num="27" count="7" type="stmt"/>
        <line num="34" count="8" type="stmt"/>
        <line num="50" count="0" type="stmt"/>
        <line num="52" count="0" type="cond" truecount="0" falsecount="6"/>
        <line num="53" count="0" type="stmt"/>
        <line num="58" count="0" type="stmt"/>
        <line num="59" count="0" type="stmt"/>
        <line num="69" count="0" type="stmt"/>
        <line num="76" count="0" type="cond" truecount="0" falsecount="2"/>
        <line num="87" count="0" type="stmt"/>
        <line num="89" count="0" type="stmt"/>
        <line num="94" count="0" type="stmt"/>
        <line num="95" count="0" type="stmt"/>
        <line num="102" count="8" type="stmt"/>
        <line num="103" count="0" type="stmt"/>
        <line num="104" count="0" type="stmt"/>
        <line num="110" count="0" type="stmt"/>
        <line num="111" count="0" type="stmt"/>
        <line num="113" count="0" type="stmt"/>
        <line num="114" count="0" type="stmt"/>
        <line num="121" count="8" type="stmt"/>
        <line num="137" count="0" type="stmt"/>
        <line num="139" count="0" type="cond" truecount="0" falsecount="6"/>
        <line num="140" count="0" type="stmt"/>
        <line num="145" count="0" type="stmt"/>
        <line num="146" count="0" type="stmt"/>
        <line num="161" count="0" type="cond" truecount="0" falsecount="2"/>
        <line num="175" count="0" type="cond" truecount="0" falsecount="2"/>
        <line num="176" count="0" type="stmt"/>
        <line num="178" count="0" type="stmt"/>
        <line num="183" count="0" type="stmt"/>
        <line num="184" count="0" type="stmt"/>
        <line num="191" count="8" type="stmt"/>
        <line num="192" count="0" type="stmt"/>
        <line num="193" count="0" type="stmt"/>
        <line num="202" count="0" type="cond" truecount="0" falsecount="2"/>
        <line num="203" count="0" type="stmt"/>
        <line num="205" count="0" type="stmt"/>
        <line num="207" count="0" type="stmt"/>
        <line num="208" count="0" type="stmt"/>
      </file>
      <file name="skills.js" path="C:\Users\aditn\OneDrive\Desktop\Aandsz-Forces-ATS-CS490\backend\routes\skills.js">
        <metrics statements="46" coveredstatements="9" conditionals="12" coveredconditionals="1" methods="5" coveredmethods="0"/>
        <line num="6" count="8" type="stmt"/>
        <line num="7" count="8" type="stmt"/>
        <line num="8" count="8" type="stmt"/>
        <line num="9" count="8" type="stmt"/>
        <line num="10" count="8" type="cond" truecount="1" falsecount="1"/>
        <line num="14" count="0" type="stmt"/>
        <line num="15" count="0" type="cond" truecount="0" falsecount="2"/>
        <line num="16" count="0" type="stmt"/>
        <line num="17" count="0" type="stmt"/>
        <line num="18" count="0" type="stmt"/>
        <line num="19" count="0" type="stmt"/>
        <line num="20" count="0" type="stmt"/>
        <line num="22" count="0" type="stmt"/>
        <line num="27" count="8" type="stmt"/>
        <line num="28" count="0" type="stmt"/>
        <line num="29" count="0" type="cond" truecount="0" falsecount="2"/>
        <line num="31" count="0" type="stmt"/>
        <line num="32" count="0" type="stmt"/>
        <line num="36" count="0" type="cond" truecount="0" falsecount="2"/>
        <line num="37" count="0" type="stmt"/>
        <line num="39" count="0" type="stmt"/>
        <line num="45" count="0" type="stmt"/>
        <line num="47" count="0" type="stmt"/>
        <line num="48" count="0" type="stmt"/>
        <line num="53" count="8" type="stmt"/>
        <line num="54" count="0" type="stmt"/>
        <line num="55" count="0" type="stmt"/>
        <line num="59" count="0" type="stmt"/>
        <line num="61" count="0" type="stmt"/>
        <line num="62" count="0" type="stmt"/>
        <line num="67" count="8" type="stmt"/>
        <line num="68" count="0" type="stmt"/>
        <line num="69" count="0" type="stmt"/>
        <line num="70" count="0" type="stmt"/>
        <line num="78" count="0" type="cond" truecount="0" falsecount="2"/>
        <line num="79" count="0" type="stmt"/>
        <line num="81" count="0" type="stmt"/>
        <line num="82" count="0" type="stmt"/>
        <line num="87" count="8" type="stmt"/>
        <line num="88" count="0" type="stmt"/>
        <line num="89" count="0" type="stmt"/>
        <line num="93" count="0" type="cond" truecount="0" falsecount="2"/>
        <line num="94" count="0" type="stmt"/>
        <line num="95" count="0" type="stmt"/>
        <line num="97" count="0" type="stmt"/>
        <line num="98" count="0" type="stmt"/>
      </file>
      <file name="upload.js" path="C:\Users\aditn\OneDrive\Desktop\Aandsz-Forces-ATS-CS490\backend\routes\upload.js">
        <metrics statements="17" coveredstatements="8" conditionals="4" coveredconditionals="1" methods="4" coveredmethods="0"/>
        <line num="7" count="8" type="stmt"/>
        <line num="9" count="8" type="stmt"/>
        <line num="10" count="8" type="stmt"/>
        <line num="13" count="8" type="stmt"/>
        <line num="14" count="8" type="cond" truecount="1" falsecount="1"/>
        <line num="15" count="0" type="stmt"/>
        <line num="19" count="8" type="stmt"/>
        <line num="20" count="0" type="stmt"/>
        <line num="22" count="0" type="stmt"/>
        <line num="23" count="0" type="stmt"/>
        <line num="27" count="8" type="stmt"/>
        <line num="31" count="0" type="stmt"/>
        <line num="32" count="0" type="stmt"/>
        <line num="33" count="0" type="cond" truecount="0" falsecount="2"/>
        <line num="38" count="8" type="stmt"/>
        <line num="39" count="0" type="stmt"/>
        <line num="40" count="0" type="stmt"/>
      </file>
    </package>
    <package name="backend.tests">
      <metrics statements="5" coveredstatements="4" conditionals="0" coveredconditionals="0" methods="3" coveredmethods="2"/>
      <file name="setupPgMock.js" path="C:\Users\aditn\OneDrive\Desktop\Aandsz-Forces-ATS-CS490\backend\tests\setupPgMock.js">
        <metrics statements="5" coveredstatements="4" conditionals="0" coveredconditionals="0" methods="3" coveredmethods="2"/>
        <line num="4" count="1" type="stmt"/>
        <line num="5" count="1" type="stmt"/>
        <line num="12" count="1" type="stmt"/>
        <line num="14" count="7" type="stmt"/>
        <line num="15" count="0" type="stmt"/>
      </file>
    </package>
  </project>
</coverage>
