{"C:\\Users\\Zaid Hasan\\OneDrive\\Desktop\\Aandsz-Forces-ATS-CS490\\backend\\auth.js": {"path":"C:\\Users\\Zaid Hasan\\OneDrive\\Desktop\\Aandsz-Forces-ATS-CS490\\backend\\auth.js","statementMap":{"0":{"start":{"line":4,"column":12},"end":{"line":4,"column":43}},"1":{"start":{"line":5,"column":16},"end":{"line":5,"column":64}},"2":{"start":{"line":6,"column":2},"end":{"line":6,"column":65}},"3":{"start":{"line":6,"column":14},"end":{"line":6,"column":65}},"4":{"start":{"line":8,"column":2},"end":{"line":18,"column":3}},"5":{"start":{"line":9,"column":17},"end":{"line":9,"column":58}},"6":{"start":{"line":11,"column":4},"end":{"line":11,"column":50}},"7":{"start":{"line":12,"column":4},"end":{"line":12,"column":11}},"8":{"start":{"line":14,"column":4},"end":{"line":16,"column":5}},"9":{"start":{"line":15,"column":6},"end":{"line":15,"column":62}},"10":{"start":{"line":17,"column":4},"end":{"line":17,"column":60}}},"fnMap":{"0":{"name":"auth","decl":{"start":{"line":3,"column":16},"end":{"line":3,"column":20}},"loc":{"start":{"line":3,"column":37},"end":{"line":19,"column":1}},"line":3}},"branchMap":{"0":{"loc":{"start":{"line":4,"column":12},"end":{"line":4,"column":43}},"type":"binary-expr","locations":[{"start":{"line":4,"column":12},"end":{"line":4,"column":37}},{"start":{"line":4,"column":41},"end":{"line":4,"column":43}}],"line":4},"1":{"loc":{"start":{"line":5,"column":16},"end":{"line":5,"column":64}},"type":"cond-expr","locations":[{"start":{"line":5,"column":42},"end":{"line":5,"column":57}},{"start":{"line":5,"column":60},"end":{"line":5,"column":64}}],"line":5},"2":{"loc":{"start":{"line":6,"column":2},"end":{"line":6,"column":65}},"type":"if","locations":[{"start":{"line":6,"column":2},"end":{"line":6,"column":65}},{"start":{},"end":{}}],"line":6},"3":{"loc":{"start":{"line":14,"column":4},"end":{"line":16,"column":5}},"type":"if","locations":[{"start":{"line":14,"column":4},"end":{"line":16,"column":5}},{"start":{},"end":{}}],"line":14}},"s":{"0":22,"1":22,"2":22,"3":0,"4":22,"5":22,"6":22,"7":22,"8":0,"9":0,"10":0},"f":{"0":22},"b":{"0":[22,0],"1":[22,0],"2":[0,22],"3":[0,0]},"inputSourceMap":null,"_coverageSchema":"1a1c01bbd47fc00a2c39e90264f33305004495a9","hash":"900c1bafbaf54ace824b52af2c086ca6fc9b9f29"}
,"C:\\Users\\Zaid Hasan\\OneDrive\\Desktop\\Aandsz-Forces-ATS-CS490\\backend\\server.js": {"path":"C:\\Users\\Zaid Hasan\\OneDrive\\Desktop\\Aandsz-Forces-ATS-CS490\\backend\\server.js","statementMap":{"0":{"start":{"line":36,"column":0},"end":{"line":36,"column":16}},"1":{"start":{"line":37,"column":17},"end":{"line":37,"column":20}},"2":{"start":{"line":38,"column":12},"end":{"line":38,"column":21}},"3":{"start":{"line":40,"column":19},"end":{"line":40,"column":49}},"4":{"start":{"line":41,"column":18},"end":{"line":41,"column":42}},"5":{"start":{"line":45,"column":20},"end":{"line":51,"column":2}},"6":{"start":{"line":54,"column":0},"end":{"line":54,"column":70}},"7":{"start":{"line":55,"column":0},"end":{"line":55,"column":24}},"8":{"start":{"line":58,"column":0},"end":{"line":58,"column":69}},"9":{"start":{"line":61,"column":20},"end":{"line":63,"column":2}},"10":{"start":{"line":71,"column":19},"end":{"line":71,"column":67}},"11":{"start":{"line":72,"column":22},"end":{"line":72,"column":61}},"12":{"start":{"line":75,"column":2},"end":{"line":77,"column":5}},"13":{"start":{"line":81,"column":19},"end":{"line":81,"column":28}},"14":{"start":{"line":84,"column":0},"end":{"line":128,"column":3}},"15":{"start":{"line":91,"column":6},"end":{"line":91,"column":14}},"16":{"start":{"line":92,"column":2},"end":{"line":127,"column":3}},"17":{"start":{"line":93,"column":4},"end":{"line":95,"column":5}},"18":{"start":{"line":94,"column":6},"end":{"line":94,"column":69}},"19":{"start":{"line":96,"column":4},"end":{"line":100,"column":5}},"20":{"start":{"line":97,"column":6},"end":{"line":99,"column":9}},"21":{"start":{"line":101,"column":4},"end":{"line":103,"column":5}},"22":{"start":{"line":102,"column":6},"end":{"line":102,"column":71}},"23":{"start":{"line":104,"column":4},"end":{"line":108,"column":5}},"24":{"start":{"line":105,"column":6},"end":{"line":107,"column":61}},"25":{"start":{"line":110,"column":18},"end":{"line":110,"column":37}},"26":{"start":{"line":111,"column":21},"end":{"line":113,"column":6}},"27":{"start":{"line":114,"column":4},"end":{"line":115,"column":69}},"28":{"start":{"line":115,"column":6},"end":{"line":115,"column":69}},"29":{"start":{"line":117,"column":25},"end":{"line":117,"column":56}},"30":{"start":{"line":118,"column":19},"end":{"line":121,"column":5}},"31":{"start":{"line":122,"column":18},"end":{"line":122,"column":68}},"32":{"start":{"line":123,"column":4},"end":{"line":123,"column":66}},"33":{"start":{"line":125,"column":4},"end":{"line":125,"column":23}},"34":{"start":{"line":126,"column":4},"end":{"line":126,"column":59}},"35":{"start":{"line":131,"column":0},"end":{"line":152,"column":3}},"36":{"start":{"line":132,"column":40},"end":{"line":132,"column":48}},"37":{"start":{"line":133,"column":2},"end":{"line":151,"column":3}},"38":{"start":{"line":134,"column":18},"end":{"line":134,"column":37}},"39":{"start":{"line":135,"column":19},"end":{"line":137,"column":6}},"40":{"start":{"line":138,"column":4},"end":{"line":139,"column":74}},"41":{"start":{"line":139,"column":6},"end":{"line":139,"column":74}},"42":{"start":{"line":141,"column":17},"end":{"line":141,"column":31}},"43":{"start":{"line":142,"column":15},"end":{"line":142,"column":71}},"44":{"start":{"line":143,"column":4},"end":{"line":144,"column":74}},"45":{"start":{"line":144,"column":6},"end":{"line":144,"column":74}},"46":{"start":{"line":146,"column":18},"end":{"line":146,"column":63}},"47":{"start":{"line":147,"column":4},"end":{"line":147,"column":53}},"48":{"start":{"line":149,"column":4},"end":{"line":149,"column":23}},"49":{"start":{"line":150,"column":4},"end":{"line":150,"column":59}},"50":{"start":{"line":155,"column":0},"end":{"line":157,"column":3}},"51":{"start":{"line":156,"column":2},"end":{"line":156,"column":45}},"52":{"start":{"line":161,"column":15},"end":{"line":161,"column":53}},"53":{"start":{"line":164,"column":0},"end":{"line":202,"column":3}},"54":{"start":{"line":165,"column":2},"end":{"line":201,"column":3}},"55":{"start":{"line":166,"column":27},"end":{"line":166,"column":35}},"56":{"start":{"line":167,"column":18},"end":{"line":167,"column":37}},"57":{"start":{"line":168,"column":19},"end":{"line":170,"column":6}},"58":{"start":{"line":173,"column":17},"end":{"line":173,"column":71}},"59":{"start":{"line":174,"column":20},"end":{"line":174,"column":47}},"60":{"start":{"line":175,"column":4},"end":{"line":175,"column":45}},"61":{"start":{"line":177,"column":4},"end":{"line":193,"column":5}},"62":{"start":{"line":179,"column":6},"end":{"line":190,"column":9}},"63":{"start":{"line":192,"column":6},"end":{"line":192,"column":60}},"64":{"start":{"line":195,"column":4},"end":{"line":197,"column":7}},"65":{"start":{"line":199,"column":4},"end":{"line":199,"column":47}},"66":{"start":{"line":200,"column":4},"end":{"line":200,"column":59}},"67":{"start":{"line":205,"column":0},"end":{"line":237,"column":3}},"68":{"start":{"line":206,"column":2},"end":{"line":236,"column":3}},"69":{"start":{"line":207,"column":58},"end":{"line":207,"column":66}},"70":{"start":{"line":209,"column":4},"end":{"line":210,"column":63}},"71":{"start":{"line":210,"column":6},"end":{"line":210,"column":63}},"72":{"start":{"line":211,"column":4},"end":{"line":212,"column":71}},"73":{"start":{"line":212,"column":6},"end":{"line":212,"column":71}},"74":{"start":{"line":213,"column":4},"end":{"line":217,"column":5}},"75":{"start":{"line":214,"column":6},"end":{"line":216,"column":9}},"76":{"start":{"line":219,"column":18},"end":{"line":219,"column":37}},"77":{"start":{"line":220,"column":18},"end":{"line":220,"column":39}},"78":{"start":{"line":221,"column":4},"end":{"line":223,"column":5}},"79":{"start":{"line":222,"column":6},"end":{"line":222,"column":72}},"80":{"start":{"line":225,"column":25},"end":{"line":225,"column":59}},"81":{"start":{"line":226,"column":4},"end":{"line":229,"column":7}},"82":{"start":{"line":230,"column":4},"end":{"line":230,"column":29}},"83":{"start":{"line":232,"column":4},"end":{"line":232,"column":63}},"84":{"start":{"line":234,"column":4},"end":{"line":234,"column":39}},"85":{"start":{"line":235,"column":4},"end":{"line":235,"column":59}},"86":{"start":{"line":240,"column":0},"end":{"line":253,"column":3}},"87":{"start":{"line":241,"column":2},"end":{"line":252,"column":3}},"88":{"start":{"line":242,"column":19},"end":{"line":245,"column":5}},"89":{"start":{"line":246,"column":4},"end":{"line":247,"column":58}},"90":{"start":{"line":247,"column":6},"end":{"line":247,"column":58}},"91":{"start":{"line":248,"column":4},"end":{"line":248,"column":39}},"92":{"start":{"line":250,"column":4},"end":{"line":250,"column":23}},"93":{"start":{"line":251,"column":4},"end":{"line":251,"column":52}},"94":{"start":{"line":255,"column":0},"end":{"line":267,"column":3}},"95":{"start":{"line":256,"column":44},"end":{"line":256,"column":52}},"96":{"start":{"line":257,"column":2},"end":{"line":266,"column":3}},"97":{"start":{"line":258,"column":4},"end":{"line":261,"column":6}},"98":{"start":{"line":262,"column":4},"end":{"line":262,"column":37}},"99":{"start":{"line":264,"column":4},"end":{"line":264,"column":23}},"100":{"start":{"line":265,"column":4},"end":{"line":265,"column":52}},"101":{"start":{"line":270,"column":0},"end":{"line":289,"column":3}},"102":{"start":{"line":271,"column":2},"end":{"line":288,"column":3}},"103":{"start":{"line":272,"column":30},"end":{"line":272,"column":38}},"104":{"start":{"line":273,"column":20},"end":{"line":275,"column":6}},"105":{"start":{"line":276,"column":4},"end":{"line":277,"column":58}},"106":{"start":{"line":277,"column":6},"end":{"line":277,"column":58}},"107":{"start":{"line":279,"column":17},"end":{"line":279,"column":32}},"108":{"start":{"line":280,"column":15},"end":{"line":280,"column":71}},"109":{"start":{"line":281,"column":4},"end":{"line":281,"column":72}},"110":{"start":{"line":281,"column":13},"end":{"line":281,"column":72}},"111":{"start":{"line":283,"column":4},"end":{"line":283,"column":68}},"112":{"start":{"line":284,"column":4},"end":{"line":284,"column":45}},"113":{"start":{"line":286,"column":4},"end":{"line":286,"column":23}},"114":{"start":{"line":287,"column":4},"end":{"line":287,"column":52}},"115":{"start":{"line":294,"column":15},"end":{"line":294,"column":61}},"116":{"start":{"line":296,"column":0},"end":{"line":330,"column":3}},"117":{"start":{"line":297,"column":2},"end":{"line":329,"column":3}},"118":{"start":{"line":298,"column":24},"end":{"line":298,"column":32}},"119":{"start":{"line":299,"column":4},"end":{"line":300,"column":72}},"120":{"start":{"line":300,"column":6},"end":{"line":300,"column":72}},"121":{"start":{"line":303,"column":19},"end":{"line":306,"column":6}},"122":{"start":{"line":308,"column":20},"end":{"line":308,"column":39}},"123":{"start":{"line":309,"column":18},"end":{"line":309,"column":46}},"124":{"start":{"line":310,"column":22},"end":{"line":310,"column":52}},"125":{"start":{"line":311,"column":21},"end":{"line":311,"column":50}},"126":{"start":{"line":314,"column":17},"end":{"line":316,"column":6}},"127":{"start":{"line":317,"column":4},"end":{"line":322,"column":5}},"128":{"start":{"line":318,"column":6},"end":{"line":321,"column":8}},"129":{"start":{"line":324,"column":18},"end":{"line":324,"column":61}},"130":{"start":{"line":325,"column":4},"end":{"line":325,"column":60}},"131":{"start":{"line":327,"column":4},"end":{"line":327,"column":48}},"132":{"start":{"line":328,"column":4},"end":{"line":328,"column":60}},"133":{"start":{"line":333,"column":0},"end":{"line":333,"column":31}},"134":{"start":{"line":334,"column":0},"end":{"line":334,"column":30}},"135":{"start":{"line":335,"column":0},"end":{"line":335,"column":40}},"136":{"start":{"line":336,"column":0},"end":{"line":336,"column":33}},"137":{"start":{"line":337,"column":0},"end":{"line":337,"column":33}},"138":{"start":{"line":338,"column":0},"end":{"line":338,"column":32}},"139":{"start":{"line":339,"column":0},"end":{"line":339,"column":31}},"140":{"start":{"line":340,"column":0},"end":{"line":340,"column":32}},"141":{"start":{"line":341,"column":0},"end":{"line":341,"column":44}},"142":{"start":{"line":342,"column":0},"end":{"line":342,"column":52}},"143":{"start":{"line":346,"column":0},"end":{"line":349,"column":3}},"144":{"start":{"line":347,"column":2},"end":{"line":347,"column":27}},"145":{"start":{"line":348,"column":2},"end":{"line":348,"column":58}},"146":{"start":{"line":352,"column":0},"end":{"line":352,"column":52}},"147":{"start":{"line":352,"column":28},"end":{"line":352,"column":50}},"148":{"start":{"line":358,"column":0},"end":{"line":414,"column":3}},"149":{"start":{"line":359,"column":2},"end":{"line":359,"column":59}},"150":{"start":{"line":361,"column":2},"end":{"line":413,"column":3}},"151":{"start":{"line":363,"column":19},"end":{"line":369,"column":6}},"152":{"start":{"line":371,"column":4},"end":{"line":374,"column":5}},"153":{"start":{"line":372,"column":6},"end":{"line":372,"column":46}},"154":{"start":{"line":373,"column":6},"end":{"line":373,"column":13}},"155":{"start":{"line":377,"column":4},"end":{"line":410,"column":5}},"156":{"start":{"line":378,"column":23},"end":{"line":380,"column":7}},"157":{"start":{"line":381,"column":22},"end":{"line":383,"column":8}},"158":{"start":{"line":384,"column":19},"end":{"line":400,"column":7}},"159":{"start":{"line":402,"column":6},"end":{"line":407,"column":9}},"160":{"start":{"line":409,"column":6},"end":{"line":409,"column":73}},"161":{"start":{"line":412,"column":4},"end":{"line":412,"column":57}},"162":{"start":{"line":417,"column":2},"end":{"line":417,"column":67}},"163":{"start":{"line":420,"column":4},"end":{"line":420,"column":62}},"164":{"start":{"line":422,"column":2},"end":{"line":503,"column":3}},"165":{"start":{"line":423,"column":19},"end":{"line":439,"column":5}},"166":{"start":{"line":441,"column":4},"end":{"line":444,"column":5}},"167":{"start":{"line":442,"column":6},"end":{"line":442,"column":46}},"168":{"start":{"line":443,"column":6},"end":{"line":443,"column":13}},"169":{"start":{"line":446,"column":4},"end":{"line":500,"column":5}},"170":{"start":{"line":447,"column":18},"end":{"line":447,"column":28}},"171":{"start":{"line":448,"column":23},"end":{"line":448,"column":45}},"172":{"start":{"line":449,"column":23},"end":{"line":452,"column":7}},"173":{"start":{"line":454,"column":22},"end":{"line":456,"column":8}},"174":{"start":{"line":458,"column":19},"end":{"line":480,"column":7}},"175":{"start":{"line":482,"column":30},"end":{"line":487,"column":8}},"176":{"start":{"line":489,"column":6},"end":{"line":499,"column":7}},"177":{"start":{"line":490,"column":8},"end":{"line":493,"column":10}},"178":{"start":{"line":495,"column":8},"end":{"line":498,"column":10}},"179":{"start":{"line":502,"column":4},"end":{"line":502,"column":57}},"180":{"start":{"line":505,"column":0},"end":{"line":505,"column":41}},"181":{"start":{"line":506,"column":0},"end":{"line":506,"column":38}},"182":{"start":{"line":507,"column":0},"end":{"line":507,"column":37}},"183":{"start":{"line":508,"column":0},"end":{"line":508,"column":38}},"184":{"start":{"line":509,"column":0},"end":{"line":509,"column":39}},"185":{"start":{"line":510,"column":0},"end":{"line":510,"column":56}},"186":{"start":{"line":511,"column":0},"end":{"line":511,"column":35}},"187":{"start":{"line":512,"column":0},"end":{"line":512,"column":52}},"188":{"start":{"line":513,"column":0},"end":{"line":513,"column":54}},"189":{"start":{"line":516,"column":2},"end":{"line":516,"column":60}},"190":{"start":{"line":518,"column":0},"end":{"line":521,"column":3}},"191":{"start":{"line":519,"column":2},"end":{"line":519,"column":59}},"192":{"start":{"line":522,"column":0},"end":{"line":530,"column":3}},"193":{"start":{"line":523,"column":2},"end":{"line":529,"column":3}},"194":{"start":{"line":524,"column":4},"end":{"line":524,"column":34}},"195":{"start":{"line":525,"column":4},"end":{"line":525,"column":80}},"196":{"start":{"line":527,"column":4},"end":{"line":527,"column":60}},"197":{"start":{"line":528,"column":4},"end":{"line":528,"column":66}},"198":{"start":{"line":534,"column":0},"end":{"line":536,"column":1}},"199":{"start":{"line":535,"column":2},"end":{"line":535,"column":80}},"200":{"start":{"line":535,"column":25},"end":{"line":535,"column":78}}},"fnMap":{"0":{"name":"makeToken","decl":{"start":{"line":74,"column":9},"end":{"line":74,"column":18}},"loc":{"start":{"line":74,"column":25},"end":{"line":78,"column":1}},"line":74},"1":{"name":"(anonymous_1)","decl":{"start":{"line":84,"column":22},"end":{"line":84,"column":23}},"loc":{"start":{"line":84,"column":42},"end":{"line":128,"column":1}},"line":84},"2":{"name":"(anonymous_2)","decl":{"start":{"line":131,"column":19},"end":{"line":131,"column":20}},"loc":{"start":{"line":131,"column":39},"end":{"line":152,"column":1}},"line":131},"3":{"name":"(anonymous_3)","decl":{"start":{"line":155,"column":20},"end":{"line":155,"column":21}},"loc":{"start":{"line":155,"column":35},"end":{"line":157,"column":1}},"line":155},"4":{"name":"(anonymous_4)","decl":{"start":{"line":164,"column":20},"end":{"line":164,"column":21}},"loc":{"start":{"line":164,"column":40},"end":{"line":202,"column":1}},"line":164},"5":{"name":"(anonymous_5)","decl":{"start":{"line":205,"column":19},"end":{"line":205,"column":20}},"loc":{"start":{"line":205,"column":39},"end":{"line":237,"column":1}},"line":205},"6":{"name":"(anonymous_6)","decl":{"start":{"line":240,"column":21},"end":{"line":240,"column":22}},"loc":{"start":{"line":240,"column":41},"end":{"line":253,"column":1}},"line":240},"7":{"name":"(anonymous_7)","decl":{"start":{"line":255,"column":21},"end":{"line":255,"column":22}},"loc":{"start":{"line":255,"column":41},"end":{"line":267,"column":1}},"line":255},"8":{"name":"(anonymous_8)","decl":{"start":{"line":270,"column":26},"end":{"line":270,"column":27}},"loc":{"start":{"line":270,"column":46},"end":{"line":289,"column":1}},"line":270},"9":{"name":"(anonymous_9)","decl":{"start":{"line":296,"column":20},"end":{"line":296,"column":21}},"loc":{"start":{"line":296,"column":40},"end":{"line":330,"column":1}},"line":296},"10":{"name":"(anonymous_10)","decl":{"start":{"line":346,"column":8},"end":{"line":346,"column":9}},"loc":{"start":{"line":346,"column":33},"end":{"line":349,"column":1}},"line":346},"11":{"name":"(anonymous_11)","decl":{"start":{"line":352,"column":13},"end":{"line":352,"column":14}},"loc":{"start":{"line":352,"column":28},"end":{"line":352,"column":50}},"line":352},"12":{"name":"(anonymous_12)","decl":{"start":{"line":358,"column":27},"end":{"line":358,"column":28}},"loc":{"start":{"line":358,"column":39},"end":{"line":414,"column":1}},"line":358},"13":{"name":"sendDeadlineReminders","decl":{"start":{"line":416,"column":15},"end":{"line":416,"column":36}},"loc":{"start":{"line":416,"column":39},"end":{"line":504,"column":1}},"line":416},"14":{"name":"(anonymous_14)","decl":{"start":{"line":518,"column":28},"end":{"line":518,"column":29}},"loc":{"start":{"line":518,"column":40},"end":{"line":521,"column":1}},"line":518},"15":{"name":"(anonymous_15)","decl":{"start":{"line":522,"column":28},"end":{"line":522,"column":29}},"loc":{"start":{"line":522,"column":48},"end":{"line":530,"column":1}},"line":522},"16":{"name":"(anonymous_16)","decl":{"start":{"line":535,"column":19},"end":{"line":535,"column":20}},"loc":{"start":{"line":535,"column":25},"end":{"line":535,"column":78}},"line":535}},"branchMap":{"0":{"loc":{"start":{"line":71,"column":19},"end":{"line":71,"column":67}},"type":"binary-expr","locations":[{"start":{"line":71,"column":19},"end":{"line":71,"column":41}},{"start":{"line":71,"column":45},"end":{"line":71,"column":67}}],"line":71},"1":{"loc":{"start":{"line":86,"column":4},"end":{"line":86,"column":14}},"type":"default-arg","locations":[{"start":{"line":86,"column":12},"end":{"line":86,"column":14}}],"line":86},"2":{"loc":{"start":{"line":87,"column":4},"end":{"line":87,"column":17}},"type":"default-arg","locations":[{"start":{"line":87,"column":15},"end":{"line":87,"column":17}}],"line":87},"3":{"loc":{"start":{"line":88,"column":4},"end":{"line":88,"column":24}},"type":"default-arg","locations":[{"start":{"line":88,"column":22},"end":{"line":88,"column":24}}],"line":88},"4":{"loc":{"start":{"line":89,"column":4},"end":{"line":89,"column":18}},"type":"default-arg","locations":[{"start":{"line":89,"column":16},"end":{"line":89,"column":18}}],"line":89},"5":{"loc":{"start":{"line":90,"column":4},"end":{"line":90,"column":17}},"type":"default-arg","locations":[{"start":{"line":90,"column":15},"end":{"line":90,"column":17}}],"line":90},"6":{"loc":{"start":{"line":93,"column":4},"end":{"line":95,"column":5}},"type":"if","locations":[{"start":{"line":93,"column":4},"end":{"line":95,"column":5}},{"start":{},"end":{}}],"line":93},"7":{"loc":{"start":{"line":93,"column":8},"end":{"line":93,"column":67}},"type":"binary-expr","locations":[{"start":{"line":93,"column":8},"end":{"line":93,"column":28}},{"start":{"line":93,"column":32},"end":{"line":93,"column":67}}],"line":93},"8":{"loc":{"start":{"line":96,"column":4},"end":{"line":100,"column":5}},"type":"if","locations":[{"start":{"line":96,"column":4},"end":{"line":100,"column":5}},{"start":{},"end":{}}],"line":96},"9":{"loc":{"start":{"line":101,"column":4},"end":{"line":103,"column":5}},"type":"if","locations":[{"start":{"line":101,"column":4},"end":{"line":103,"column":5}},{"start":{},"end":{}}],"line":101},"10":{"loc":{"start":{"line":104,"column":4},"end":{"line":108,"column":5}},"type":"if","locations":[{"start":{"line":104,"column":4},"end":{"line":108,"column":5}},{"start":{},"end":{}}],"line":104},"11":{"loc":{"start":{"line":104,"column":8},"end":{"line":104,"column":45}},"type":"binary-expr","locations":[{"start":{"line":104,"column":8},"end":{"line":104,"column":25}},{"start":{"line":104,"column":29},"end":{"line":104,"column":45}}],"line":104},"12":{"loc":{"start":{"line":114,"column":4},"end":{"line":115,"column":69}},"type":"if","locations":[{"start":{"line":114,"column":4},"end":{"line":115,"column":69}},{"start":{},"end":{}}],"line":114},"13":{"loc":{"start":{"line":132,"column":10},"end":{"line":132,"column":20}},"type":"default-arg","locations":[{"start":{"line":132,"column":18},"end":{"line":132,"column":20}}],"line":132},"14":{"loc":{"start":{"line":132,"column":22},"end":{"line":132,"column":35}},"type":"default-arg","locations":[{"start":{"line":132,"column":33},"end":{"line":132,"column":35}}],"line":132},"15":{"loc":{"start":{"line":138,"column":4},"end":{"line":139,"column":74}},"type":"if","locations":[{"start":{"line":138,"column":4},"end":{"line":139,"column":74}},{"start":{},"end":{}}],"line":138},"16":{"loc":{"start":{"line":142,"column":46},"end":{"line":142,"column":70}},"type":"binary-expr","locations":[{"start":{"line":142,"column":46},"end":{"line":142,"column":64}},{"start":{"line":142,"column":68},"end":{"line":142,"column":70}}],"line":142},"17":{"loc":{"start":{"line":143,"column":4},"end":{"line":144,"column":74}},"type":"if","locations":[{"start":{"line":143,"column":4},"end":{"line":144,"column":74}},{"start":{},"end":{}}],"line":143},"18":{"loc":{"start":{"line":166,"column":12},"end":{"line":166,"column":22}},"type":"default-arg","locations":[{"start":{"line":166,"column":20},"end":{"line":166,"column":22}}],"line":166},"19":{"loc":{"start":{"line":177,"column":4},"end":{"line":193,"column":5}},"type":"if","locations":[{"start":{"line":177,"column":4},"end":{"line":193,"column":5}},{"start":{},"end":{}}],"line":177},"20":{"loc":{"start":{"line":209,"column":4},"end":{"line":210,"column":63}},"type":"if","locations":[{"start":{"line":209,"column":4},"end":{"line":210,"column":63}},{"start":{},"end":{}}],"line":209},"21":{"loc":{"start":{"line":209,"column":8},"end":{"line":209,"column":39}},"type":"binary-expr","locations":[{"start":{"line":209,"column":8},"end":{"line":209,"column":14}},{"start":{"line":209,"column":18},"end":{"line":209,"column":23}},{"start":{"line":209,"column":27},"end":{"line":209,"column":39}}],"line":209},"22":{"loc":{"start":{"line":211,"column":4},"end":{"line":212,"column":71}},"type":"if","locations":[{"start":{"line":211,"column":4},"end":{"line":212,"column":71}},{"start":{},"end":{}}],"line":211},"23":{"loc":{"start":{"line":213,"column":4},"end":{"line":217,"column":5}},"type":"if","locations":[{"start":{"line":213,"column":4},"end":{"line":217,"column":5}},{"start":{},"end":{}}],"line":213},"24":{"loc":{"start":{"line":221,"column":4},"end":{"line":223,"column":5}},"type":"if","locations":[{"start":{"line":221,"column":4},"end":{"line":223,"column":5}},{"start":{},"end":{}}],"line":221},"25":{"loc":{"start":{"line":221,"column":8},"end":{"line":221,"column":67}},"type":"binary-expr","locations":[{"start":{"line":221,"column":8},"end":{"line":221,"column":14}},{"start":{"line":221,"column":18},"end":{"line":221,"column":37}},{"start":{"line":221,"column":41},"end":{"line":221,"column":67}}],"line":221},"26":{"loc":{"start":{"line":246,"column":4},"end":{"line":247,"column":58}},"type":"if","locations":[{"start":{"line":246,"column":4},"end":{"line":247,"column":58}},{"start":{},"end":{}}],"line":246},"27":{"loc":{"start":{"line":256,"column":10},"end":{"line":256,"column":24}},"type":"default-arg","locations":[{"start":{"line":256,"column":22},"end":{"line":256,"column":24}}],"line":256},"28":{"loc":{"start":{"line":256,"column":26},"end":{"line":256,"column":39}},"type":"default-arg","locations":[{"start":{"line":256,"column":37},"end":{"line":256,"column":39}}],"line":256},"29":{"loc":{"start":{"line":272,"column":12},"end":{"line":272,"column":25}},"type":"default-arg","locations":[{"start":{"line":272,"column":23},"end":{"line":272,"column":25}}],"line":272},"30":{"loc":{"start":{"line":276,"column":4},"end":{"line":277,"column":58}},"type":"if","locations":[{"start":{"line":276,"column":4},"end":{"line":277,"column":58}},{"start":{},"end":{}}],"line":276},"31":{"loc":{"start":{"line":280,"column":46},"end":{"line":280,"column":70}},"type":"binary-expr","locations":[{"start":{"line":280,"column":46},"end":{"line":280,"column":64}},{"start":{"line":280,"column":68},"end":{"line":280,"column":70}}],"line":280},"32":{"loc":{"start":{"line":281,"column":4},"end":{"line":281,"column":72}},"type":"if","locations":[{"start":{"line":281,"column":4},"end":{"line":281,"column":72}},{"start":{},"end":{}}],"line":281},"33":{"loc":{"start":{"line":299,"column":4},"end":{"line":300,"column":72}},"type":"if","locations":[{"start":{"line":299,"column":4},"end":{"line":300,"column":72}},{"start":{},"end":{}}],"line":299},"34":{"loc":{"start":{"line":310,"column":22},"end":{"line":310,"column":52}},"type":"binary-expr","locations":[{"start":{"line":310,"column":22},"end":{"line":310,"column":40}},{"start":{"line":310,"column":44},"end":{"line":310,"column":52}}],"line":310},"35":{"loc":{"start":{"line":311,"column":21},"end":{"line":311,"column":50}},"type":"binary-expr","locations":[{"start":{"line":311,"column":21},"end":{"line":311,"column":40}},{"start":{"line":311,"column":44},"end":{"line":311,"column":50}}],"line":311},"36":{"loc":{"start":{"line":317,"column":4},"end":{"line":322,"column":5}},"type":"if","locations":[{"start":{"line":317,"column":4},"end":{"line":322,"column":5}},{"start":{},"end":{}}],"line":317},"37":{"loc":{"start":{"line":371,"column":4},"end":{"line":374,"column":5}},"type":"if","locations":[{"start":{"line":371,"column":4},"end":{"line":374,"column":5}},{"start":{},"end":{}}],"line":371},"38":{"loc":{"start":{"line":382,"column":8},"end":{"line":382,"column":33}},"type":"cond-expr","locations":[{"start":{"line":382,"column":25},"end":{"line":382,"column":28}},{"start":{"line":382,"column":31},"end":{"line":382,"column":33}}],"line":382},"39":{"loc":{"start":{"line":387,"column":18},"end":{"line":387,"column":43}},"type":"binary-expr","locations":[{"start":{"line":387,"column":18},"end":{"line":387,"column":32}},{"start":{"line":387,"column":36},"end":{"line":387,"column":43}}],"line":387},"40":{"loc":{"start":{"line":392,"column":8},"end":{"line":392,"column":33}},"type":"cond-expr","locations":[{"start":{"line":392,"column":25},"end":{"line":392,"column":28}},{"start":{"line":392,"column":31},"end":{"line":392,"column":33}}],"line":392},"41":{"loc":{"start":{"line":420,"column":4},"end":{"line":420,"column":62}},"type":"binary-expr","locations":[{"start":{"line":420,"column":4},"end":{"line":420,"column":57}},{"start":{"line":420,"column":61},"end":{"line":420,"column":62}}],"line":420},"42":{"loc":{"start":{"line":420,"column":13},"end":{"line":420,"column":52}},"type":"binary-expr","locations":[{"start":{"line":420,"column":13},"end":{"line":420,"column":45}},{"start":{"line":420,"column":49},"end":{"line":420,"column":52}}],"line":420},"43":{"loc":{"start":{"line":441,"column":4},"end":{"line":444,"column":5}},"type":"if","locations":[{"start":{"line":441,"column":4},"end":{"line":444,"column":5}},{"start":{},"end":{}}],"line":441},"44":{"loc":{"start":{"line":455,"column":8},"end":{"line":455,"column":33}},"type":"cond-expr","locations":[{"start":{"line":455,"column":25},"end":{"line":455,"column":28}},{"start":{"line":455,"column":31},"end":{"line":455,"column":33}}],"line":455},"45":{"loc":{"start":{"line":461,"column":18},"end":{"line":461,"column":43}},"type":"binary-expr","locations":[{"start":{"line":461,"column":18},"end":{"line":461,"column":32}},{"start":{"line":461,"column":36},"end":{"line":461,"column":43}}],"line":461},"46":{"loc":{"start":{"line":468,"column":14},"end":{"line":468,"column":65}},"type":"binary-expr","locations":[{"start":{"line":468,"column":14},"end":{"line":468,"column":38}},{"start":{"line":468,"column":42},"end":{"line":468,"column":65}}],"line":468},"47":{"loc":{"start":{"line":489,"column":6},"end":{"line":499,"column":7}},"type":"if","locations":[{"start":{"line":489,"column":6},"end":{"line":499,"column":7}},{"start":{"line":494,"column":13},"end":{"line":499,"column":7}}],"line":489},"48":{"loc":{"start":{"line":516,"column":2},"end":{"line":516,"column":60}},"type":"binary-expr","locations":[{"start":{"line":516,"column":2},"end":{"line":516,"column":55}},{"start":{"line":516,"column":59},"end":{"line":516,"column":60}}],"line":516},"49":{"loc":{"start":{"line":516,"column":11},"end":{"line":516,"column":50}},"type":"binary-expr","locations":[{"start":{"line":516,"column":11},"end":{"line":516,"column":43}},{"start":{"line":516,"column":47},"end":{"line":516,"column":50}}],"line":516},"50":{"loc":{"start":{"line":534,"column":0},"end":{"line":536,"column":1}},"type":"if","locations":[{"start":{"line":534,"column":0},"end":{"line":536,"column":1}},{"start":{},"end":{}}],"line":534}},"s":{"0":4,"1":4,"2":4,"3":4,"4":4,"5":4,"6":4,"7":4,"8":4,"9":4,"10":4,"11":4,"12":7,"13":4,"14":4,"15":4,"16":4,"17":4,"18":0,"19":4,"20":0,"21":4,"22":0,"23":4,"24":0,"25":4,"26":4,"27":4,"28":0,"29":4,"30":4,"31":4,"32":4,"33":0,"34":0,"35":4,"36":4,"37":4,"38":4,"39":4,"40":4,"41":1,"42":3,"43":3,"44":3,"45":0,"46":3,"47":3,"48":0,"49":0,"50":4,"51":0,"52":4,"53":4,"54":0,"55":0,"56":0,"57":0,"58":0,"59":0,"60":0,"61":0,"62":0,"63":0,"64":0,"65":0,"66":0,"67":4,"68":0,"69":0,"70":0,"71":0,"72":0,"73":0,"74":0,"75":0,"76":0,"77":0,"78":0,"79":0,"80":0,"81":0,"82":0,"83":0,"84":0,"85":0,"86":4,"87":0,"88":0,"89":0,"90":0,"91":0,"92":0,"93":0,"94":4,"95":0,"96":0,"97":0,"98":0,"99":0,"100":0,"101":4,"102":0,"103":0,"104":0,"105":0,"106":0,"107":0,"108":0,"109":0,"110":0,"111":0,"112":0,"113":0,"114":0,"115":4,"116":4,"117":0,"118":0,"119":0,"120":0,"121":0,"122":0,"123":0,"124":0,"125":0,"126":0,"127":0,"128":0,"129":0,"130":0,"131":0,"132":0,"133":4,"134":4,"135":4,"136":4,"137":4,"138":4,"139":4,"140":4,"141":4,"142":4,"143":4,"144":0,"145":0,"146":4,"147":0,"148":4,"149":0,"150":0,"151":0,"152":0,"153":0,"154":0,"155":0,"156":0,"157":0,"158":0,"159":0,"160":0,"161":0,"162":0,"163":0,"164":0,"165":0,"166":0,"167":0,"168":0,"169":0,"170":0,"171":0,"172":0,"173":0,"174":0,"175":0,"176":0,"177":0,"178":0,"179":0,"180":4,"181":4,"182":4,"183":4,"184":4,"185":4,"186":4,"187":4,"188":4,"189":4,"190":4,"191":0,"192":4,"193":0,"194":0,"195":0,"196":0,"197":0,"198":4,"199":0,"200":0},"f":{"0":7,"1":4,"2":4,"3":0,"4":0,"5":0,"6":0,"7":0,"8":0,"9":0,"10":0,"11":0,"12":0,"13":0,"14":0,"15":0,"16":0},"b":{"0":[4,0],"1":[0],"2":[0],"3":[0],"4":[0],"5":[0],"6":[0,4],"7":[4,4],"8":[0,4],"9":[0,4],"10":[0,4],"11":[4,4],"12":[0,4],"13":[0],"14":[0],"15":[1,3],"16":[3,0],"17":[0,3],"18":[0],"19":[0,0],"20":[0,0],"21":[0,0,0],"22":[0,0],"23":[0,0],"24":[0,0],"25":[0,0,0],"26":[0,0],"27":[0],"28":[0],"29":[0],"30":[0,0],"31":[0,0],"32":[0,0],"33":[0,0],"34":[0,0],"35":[0,0],"36":[0,0],"37":[0,0],"38":[0,0],"39":[0,0],"40":[0,0],"41":[0,0],"42":[0,0],"43":[0,0],"44":[0,0],"45":[0,0],"46":[0,0],"47":[0,0],"48":[4,0],"49":[4,0],"50":[0,4]},"inputSourceMap":null,"_coverageSchema":"1a1c01bbd47fc00a2c39e90264f33305004495a9","hash":"6f1a60614826332da63a911ec7c4bd5e1df1170e"}
,"C:\\Users\\Zaid Hasan\\OneDrive\\Desktop\\Aandsz-Forces-ATS-CS490\\backend\\routes\\certification.js": {"path":"C:\\Users\\Zaid Hasan\\OneDrive\\Desktop\\Aandsz-Forces-ATS-CS490\\backend\\routes\\certification.js","statementMap":{"0":{"start":{"line":6,"column":0},"end":{"line":6,"column":16}},"1":{"start":{"line":7,"column":17},"end":{"line":7,"column":20}},"2":{"start":{"line":8,"column":15},"end":{"line":8,"column":31}},"3":{"start":{"line":9,"column":13},"end":{"line":9,"column":69}},"4":{"start":{"line":10,"column":19},"end":{"line":10,"column":57}},"5":{"start":{"line":14,"column":17},"end":{"line":14,"column":42}},"6":{"start":{"line":15,"column":2},"end":{"line":15,"column":75}},"7":{"start":{"line":15,"column":15},"end":{"line":15,"column":75}},"8":{"start":{"line":17,"column":2},"end":{"line":24,"column":3}},"9":{"start":{"line":18,"column":18},"end":{"line":18,"column":38}},"10":{"start":{"line":19,"column":20},"end":{"line":19,"column":49}},"11":{"start":{"line":20,"column":4},"end":{"line":20,"column":28}},"12":{"start":{"line":21,"column":4},"end":{"line":21,"column":11}},"13":{"start":{"line":23,"column":4},"end":{"line":23,"column":71}},"14":{"start":{"line":28,"column":0},"end":{"line":82,"column":3}},"15":{"start":{"line":29,"column":2},"end":{"line":81,"column":3}},"16":{"start":{"line":41,"column":8},"end":{"line":41,"column":16}},"17":{"start":{"line":43,"column":4},"end":{"line":47,"column":5}},"18":{"start":{"line":44,"column":6},"end":{"line":46,"column":77}},"19":{"start":{"line":49,"column":27},"end":{"line":49,"column":46}},"20":{"start":{"line":50,"column":27},"end":{"line":50,"column":75}},"21":{"start":{"line":52,"column":6},"end":{"line":54,"column":14}},"22":{"start":{"line":56,"column":21},"end":{"line":75,"column":5}},"23":{"start":{"line":77,"column":4},"end":{"line":77,"column":73}},"24":{"start":{"line":79,"column":4},"end":{"line":79,"column":49}},"25":{"start":{"line":80,"column":4},"end":{"line":80,"column":81}},"26":{"start":{"line":85,"column":0},"end":{"line":96,"column":3}},"27":{"start":{"line":86,"column":2},"end":{"line":95,"column":3}},"28":{"start":{"line":87,"column":21},"end":{"line":90,"column":5}},"29":{"start":{"line":91,"column":4},"end":{"line":91,"column":39}},"30":{"start":{"line":93,"column":4},"end":{"line":93,"column":54}},"31":{"start":{"line":94,"column":4},"end":{"line":94,"column":69}},"32":{"start":{"line":99,"column":0},"end":{"line":153,"column":3}},"33":{"start":{"line":100,"column":17},"end":{"line":111,"column":3}},"34":{"start":{"line":113,"column":18},"end":{"line":113,"column":20}},"35":{"start":{"line":114,"column":17},"end":{"line":114,"column":19}},"36":{"start":{"line":115,"column":10},"end":{"line":115,"column":11}},"37":{"start":{"line":117,"column":2},"end":{"line":131,"column":3}},"38":{"start":{"line":118,"column":4},"end":{"line":130,"column":5}},"39":{"start":{"line":119,"column":18},"end":{"line":119,"column":33}},"40":{"start":{"line":122,"column":6},"end":{"line":126,"column":7}},"41":{"start":{"line":125,"column":8},"end":{"line":125,"column":60}},"42":{"start":{"line":128,"column":6},"end":{"line":128,"column":39}},"43":{"start":{"line":129,"column":6},"end":{"line":129,"column":25}},"44":{"start":{"line":133,"column":2},"end":{"line":134,"column":66}},"45":{"start":{"line":134,"column":4},"end":{"line":134,"column":66}},"46":{"start":{"line":136,"column":2},"end":{"line":136,"column":41}},"47":{"start":{"line":138,"column":16},"end":{"line":143,"column":3}},"48":{"start":{"line":145,"column":2},"end":{"line":152,"column":3}},"49":{"start":{"line":146,"column":21},"end":{"line":146,"column":52}},"50":{"start":{"line":147,"column":4},"end":{"line":147,"column":88}},"51":{"start":{"line":147,"column":22},"end":{"line":147,"column":88}},"52":{"start":{"line":148,"column":4},"end":{"line":148,"column":75}},"53":{"start":{"line":150,"column":4},"end":{"line":150,"column":54}},"54":{"start":{"line":151,"column":4},"end":{"line":151,"column":53}},"55":{"start":{"line":156,"column":0},"end":{"line":169,"column":3}},"56":{"start":{"line":157,"column":2},"end":{"line":168,"column":3}},"57":{"start":{"line":158,"column":19},"end":{"line":161,"column":5}},"58":{"start":{"line":162,"column":4},"end":{"line":163,"column":72}},"59":{"start":{"line":163,"column":6},"end":{"line":163,"column":72}},"60":{"start":{"line":164,"column":4},"end":{"line":164,"column":64}},"61":{"start":{"line":166,"column":4},"end":{"line":166,"column":54}},"62":{"start":{"line":167,"column":4},"end":{"line":167,"column":53}}},"fnMap":{"0":{"name":"auth","decl":{"start":{"line":13,"column":9},"end":{"line":13,"column":13}},"loc":{"start":{"line":13,"column":30},"end":{"line":25,"column":1}},"line":13},"1":{"name":"(anonymous_1)","decl":{"start":{"line":28,"column":37},"end":{"line":28,"column":38}},"loc":{"start":{"line":28,"column":57},"end":{"line":82,"column":1}},"line":28},"2":{"name":"(anonymous_2)","decl":{"start":{"line":85,"column":36},"end":{"line":85,"column":37}},"loc":{"start":{"line":85,"column":56},"end":{"line":96,"column":1}},"line":85},"3":{"name":"(anonymous_3)","decl":{"start":{"line":99,"column":40},"end":{"line":99,"column":41}},"loc":{"start":{"line":99,"column":60},"end":{"line":153,"column":1}},"line":99},"4":{"name":"(anonymous_4)","decl":{"start":{"line":156,"column":43},"end":{"line":156,"column":44}},"loc":{"start":{"line":156,"column":63},"end":{"line":169,"column":1}},"line":156}},"branchMap":{"0":{"loc":{"start":{"line":10,"column":19},"end":{"line":10,"column":57}},"type":"binary-expr","locations":[{"start":{"line":10,"column":19},"end":{"line":10,"column":41}},{"start":{"line":10,"column":45},"end":{"line":10,"column":57}}],"line":10},"1":{"loc":{"start":{"line":15,"column":2},"end":{"line":15,"column":75}},"type":"if","locations":[{"start":{"line":15,"column":2},"end":{"line":15,"column":75}},{"start":{},"end":{}}],"line":15},"2":{"loc":{"start":{"line":43,"column":4},"end":{"line":47,"column":5}},"type":"if","locations":[{"start":{"line":43,"column":4},"end":{"line":47,"column":5}},{"start":{},"end":{}}],"line":43},"3":{"loc":{"start":{"line":43,"column":8},"end":{"line":43,"column":30}},"type":"binary-expr","locations":[{"start":{"line":43,"column":8},"end":{"line":43,"column":13}},{"start":{"line":43,"column":17},"end":{"line":43,"column":30}}],"line":43},"4":{"loc":{"start":{"line":49,"column":27},"end":{"line":49,"column":46}},"type":"binary-expr","locations":[{"start":{"line":49,"column":27},"end":{"line":49,"column":38}},{"start":{"line":49,"column":42},"end":{"line":49,"column":46}}],"line":49},"5":{"loc":{"start":{"line":50,"column":27},"end":{"line":50,"column":75}},"type":"cond-expr","locations":[{"start":{"line":50,"column":45},"end":{"line":50,"column":49}},{"start":{"line":50,"column":52},"end":{"line":50,"column":75}}],"line":50},"6":{"loc":{"start":{"line":50,"column":52},"end":{"line":50,"column":75}},"type":"binary-expr","locations":[{"start":{"line":50,"column":52},"end":{"line":50,"column":67}},{"start":{"line":50,"column":71},"end":{"line":50,"column":75}}],"line":50},"7":{"loc":{"start":{"line":52,"column":6},"end":{"line":54,"column":14}},"type":"cond-expr","locations":[{"start":{"line":53,"column":10},"end":{"line":53,"column":26}},{"start":{"line":54,"column":10},"end":{"line":54,"column":14}}],"line":52},"8":{"loc":{"start":{"line":52,"column":6},"end":{"line":52,"column":56}},"type":"binary-expr","locations":[{"start":{"line":52,"column":6},"end":{"line":52,"column":22}},{"start":{"line":52,"column":26},"end":{"line":52,"column":56}}],"line":52},"9":{"loc":{"start":{"line":66,"column":8},"end":{"line":66,"column":24}},"type":"binary-expr","locations":[{"start":{"line":66,"column":8},"end":{"line":66,"column":16}},{"start":{"line":66,"column":20},"end":{"line":66,"column":24}}],"line":66},"10":{"loc":{"start":{"line":67,"column":8},"end":{"line":67,"column":27}},"type":"binary-expr","locations":[{"start":{"line":67,"column":8},"end":{"line":67,"column":19}},{"start":{"line":67,"column":23},"end":{"line":67,"column":27}}],"line":67},"11":{"loc":{"start":{"line":70,"column":8},"end":{"line":70,"column":32}},"type":"binary-expr","locations":[{"start":{"line":70,"column":8},"end":{"line":70,"column":23}},{"start":{"line":70,"column":27},"end":{"line":70,"column":32}}],"line":70},"12":{"loc":{"start":{"line":71,"column":8},"end":{"line":71,"column":28}},"type":"binary-expr","locations":[{"start":{"line":71,"column":8},"end":{"line":71,"column":20}},{"start":{"line":71,"column":24},"end":{"line":71,"column":28}}],"line":71},"13":{"loc":{"start":{"line":73,"column":8},"end":{"line":73,"column":25}},"type":"binary-expr","locations":[{"start":{"line":73,"column":8},"end":{"line":73,"column":16}},{"start":{"line":73,"column":20},"end":{"line":73,"column":25}}],"line":73},"14":{"loc":{"start":{"line":118,"column":4},"end":{"line":130,"column":5}},"type":"if","locations":[{"start":{"line":118,"column":4},"end":{"line":130,"column":5}},{"start":{},"end":{}}],"line":118},"15":{"loc":{"start":{"line":122,"column":6},"end":{"line":126,"column":7}},"type":"if","locations":[{"start":{"line":122,"column":6},"end":{"line":126,"column":7}},{"start":{},"end":{}}],"line":122},"16":{"loc":{"start":{"line":125,"column":16},"end":{"line":125,"column":59}},"type":"cond-expr","locations":[{"start":{"line":125,"column":47},"end":{"line":125,"column":52}},{"start":{"line":125,"column":55},"end":{"line":125,"column":59}}],"line":125},"17":{"loc":{"start":{"line":125,"column":16},"end":{"line":125,"column":44}},"type":"binary-expr","locations":[{"start":{"line":125,"column":16},"end":{"line":125,"column":21}},{"start":{"line":125,"column":25},"end":{"line":125,"column":44}}],"line":125},"18":{"loc":{"start":{"line":133,"column":2},"end":{"line":134,"column":66}},"type":"if","locations":[{"start":{"line":133,"column":2},"end":{"line":134,"column":66}},{"start":{},"end":{}}],"line":133},"19":{"loc":{"start":{"line":147,"column":4},"end":{"line":147,"column":88}},"type":"if","locations":[{"start":{"line":147,"column":4},"end":{"line":147,"column":88}},{"start":{},"end":{}}],"line":147},"20":{"loc":{"start":{"line":162,"column":4},"end":{"line":163,"column":72}},"type":"if","locations":[{"start":{"line":162,"column":4},"end":{"line":163,"column":72}},{"start":{},"end":{}}],"line":162}},"s":{"0":4,"1":4,"2":4,"3":4,"4":4,"5":0,"6":0,"7":0,"8":0,"9":0,"10":0,"11":0,"12":0,"13":0,"14":4,"15":0,"16":0,"17":0,"18":0,"19":0,"20":0,"21":0,"22":0,"23":0,"24":0,"25":0,"26":4,"27":0,"28":0,"29":0,"30":0,"31":0,"32":4,"33":0,"34":0,"35":0,"36":0,"37":0,"38":0,"39":0,"40":0,"41":0,"42":0,"43":0,"44":0,"45":0,"46":0,"47":0,"48":0,"49":0,"50":0,"51":0,"52":0,"53":0,"54":0,"55":4,"56":0,"57":0,"58":0,"59":0,"60":0,"61":0,"62":0},"f":{"0":0,"1":0,"2":0,"3":0,"4":0},"b":{"0":[4,0],"1":[0,0],"2":[0,0],"3":[0,0],"4":[0,0],"5":[0,0],"6":[0,0],"7":[0,0],"8":[0,0],"9":[0,0],"10":[0,0],"11":[0,0],"12":[0,0],"13":[0,0],"14":[0,0],"15":[0,0],"16":[0,0],"17":[0,0],"18":[0,0],"19":[0,0],"20":[0,0]},"inputSourceMap":null,"_coverageSchema":"1a1c01bbd47fc00a2c39e90264f33305004495a9","hash":"40746428dcc01455701caced4d1b7cea7fab425c"}
,"C:\\Users\\Zaid Hasan\\OneDrive\\Desktop\\Aandsz-Forces-ATS-CS490\\backend\\routes\\company.js": {"path":"C:\\Users\\Zaid Hasan\\OneDrive\\Desktop\\Aandsz-Forces-ATS-CS490\\backend\\routes\\company.js","statementMap":{"0":{"start":{"line":12,"column":0},"end":{"line":12,"column":16}},"1":{"start":{"line":13,"column":17},"end":{"line":13,"column":20}},"2":{"start":{"line":14,"column":15},"end":{"line":14,"column":31}},"3":{"start":{"line":15,"column":13},"end":{"line":15,"column":69}},"4":{"start":{"line":16,"column":19},"end":{"line":16,"column":67}},"5":{"start":{"line":19,"column":18},"end":{"line":19,"column":53}},"6":{"start":{"line":20,"column":0},"end":{"line":20,"column":55}},"7":{"start":{"line":20,"column":31},"end":{"line":20,"column":55}},"8":{"start":{"line":23,"column":16},"end":{"line":29,"column":2}},"9":{"start":{"line":24,"column":30},"end":{"line":24,"column":49}},"10":{"start":{"line":26,"column":23},"end":{"line":26,"column":59}},"11":{"start":{"line":27,"column":4},"end":{"line":27,"column":25}},"12":{"start":{"line":30,"column":15},"end":{"line":30,"column":34}},"13":{"start":{"line":34,"column":17},"end":{"line":34,"column":42}},"14":{"start":{"line":35,"column":2},"end":{"line":35,"column":75}},"15":{"start":{"line":35,"column":15},"end":{"line":35,"column":75}},"16":{"start":{"line":36,"column":2},"end":{"line":43,"column":3}},"17":{"start":{"line":37,"column":18},"end":{"line":37,"column":38}},"18":{"start":{"line":38,"column":20},"end":{"line":38,"column":49}},"19":{"start":{"line":39,"column":4},"end":{"line":39,"column":28}},"20":{"start":{"line":40,"column":4},"end":{"line":40,"column":11}},"21":{"start":{"line":42,"column":4},"end":{"line":42,"column":53}},"22":{"start":{"line":57,"column":14},"end":{"line":59,"column":2}},"23":{"start":{"line":60,"column":14},"end":{"line":60,"column":63}},"24":{"start":{"line":64,"column":0},"end":{"line":137,"column":3}},"25":{"start":{"line":65,"column":26},"end":{"line":65,"column":34}},"26":{"start":{"line":66,"column":2},"end":{"line":68,"column":3}},"27":{"start":{"line":67,"column":4},"end":{"line":67,"column":71}},"28":{"start":{"line":70,"column":2},"end":{"line":136,"column":3}},"29":{"start":{"line":72,"column":21},"end":{"line":75,"column":5}},"30":{"start":{"line":77,"column":4},"end":{"line":80,"column":5}},"31":{"start":{"line":79,"column":6},"end":{"line":79,"column":65}},"32":{"start":{"line":83,"column":25},"end":{"line":87,"column":5}},"33":{"start":{"line":88,"column":21},"end":{"line":92,"column":7}},"34":{"start":{"line":88,"column":60},"end":{"line":92,"column":5}},"35":{"start":{"line":95,"column":19},"end":{"line":97,"column":7}},"36":{"start":{"line":99,"column":19},"end":{"line":99,"column":54}},"37":{"start":{"line":100,"column":21},"end":{"line":100,"column":42}},"38":{"start":{"line":102,"column":19},"end":{"line":102,"column":69}},"39":{"start":{"line":105,"column":4},"end":{"line":110,"column":5}},"40":{"start":{"line":106,"column":6},"end":{"line":106,"column":34}},"41":{"start":{"line":108,"column":6},"end":{"line":108,"column":52}},"42":{"start":{"line":109,"column":6},"end":{"line":109,"column":76}},"43":{"start":{"line":113,"column":23},"end":{"line":130,"column":5}},"44":{"start":{"line":132,"column":4},"end":{"line":132,"column":58}},"45":{"start":{"line":134,"column":4},"end":{"line":134,"column":52}},"46":{"start":{"line":135,"column":4},"end":{"line":135,"column":76}},"47":{"start":{"line":141,"column":0},"end":{"line":180,"column":3}},"48":{"start":{"line":142,"column":2},"end":{"line":179,"column":3}},"49":{"start":{"line":143,"column":21},"end":{"line":143,"column":31}},"50":{"start":{"line":144,"column":19},"end":{"line":162,"column":5}},"51":{"start":{"line":164,"column":4},"end":{"line":173,"column":5}},"52":{"start":{"line":166,"column":21},"end":{"line":171,"column":7}},"53":{"start":{"line":172,"column":6},"end":{"line":172,"column":38}},"54":{"start":{"line":175,"column":4},"end":{"line":175,"column":29}},"55":{"start":{"line":177,"column":4},"end":{"line":177,"column":49}},"56":{"start":{"line":178,"column":4},"end":{"line":178,"column":54}},"57":{"start":{"line":183,"column":0},"end":{"line":258,"column":3}},"58":{"start":{"line":197,"column":6},"end":{"line":197,"column":14}},"59":{"start":{"line":199,"column":2},"end":{"line":199,"column":77}},"60":{"start":{"line":199,"column":13},"end":{"line":199,"column":77}},"61":{"start":{"line":201,"column":2},"end":{"line":257,"column":3}},"62":{"start":{"line":202,"column":21},"end":{"line":205,"column":5}},"63":{"start":{"line":207,"column":4},"end":{"line":253,"column":5}},"64":{"start":{"line":208,"column":21},"end":{"line":229,"column":7}},"65":{"start":{"line":230,"column":6},"end":{"line":230,"column":72}},"66":{"start":{"line":232,"column":21},"end":{"line":251,"column":7}},"67":{"start":{"line":252,"column":6},"end":{"line":252,"column":72}},"68":{"start":{"line":255,"column":4},"end":{"line":255,"column":48}},"69":{"start":{"line":256,"column":4},"end":{"line":256,"column":75}},"70":{"start":{"line":261,"column":0},"end":{"line":301,"column":3}},"71":{"start":{"line":262,"column":2},"end":{"line":300,"column":3}},"72":{"start":{"line":263,"column":21},"end":{"line":263,"column":31}},"73":{"start":{"line":264,"column":19},"end":{"line":264,"column":33}},"74":{"start":{"line":266,"column":21},"end":{"line":269,"column":5}},"75":{"start":{"line":271,"column":4},"end":{"line":279,"column":5}},"76":{"start":{"line":272,"column":21},"end":{"line":277,"column":7}},"77":{"start":{"line":278,"column":6},"end":{"line":278,"column":51}},"78":{"start":{"line":281,"column":17},"end":{"line":281,"column":36}},"79":{"start":{"line":282,"column":4},"end":{"line":283,"column":64}},"80":{"start":{"line":283,"column":6},"end":{"line":283,"column":64}},"81":{"start":{"line":285,"column":20},"end":{"line":285,"column":67}},"82":{"start":{"line":285,"column":39},"end":{"line":285,"column":55}},"83":{"start":{"line":286,"column":19},"end":{"line":286,"column":40}},"84":{"start":{"line":288,"column":19},"end":{"line":294,"column":5}},"85":{"start":{"line":296,"column":4},"end":{"line":296,"column":42}},"86":{"start":{"line":298,"column":4},"end":{"line":298,"column":47}},"87":{"start":{"line":299,"column":4},"end":{"line":299,"column":62}},"88":{"start":{"line":304,"column":0},"end":{"line":345,"column":3}},"89":{"start":{"line":305,"column":2},"end":{"line":344,"column":3}},"90":{"start":{"line":306,"column":21},"end":{"line":306,"column":31}},"91":{"start":{"line":307,"column":4},"end":{"line":308,"column":70}},"92":{"start":{"line":308,"column":6},"end":{"line":308,"column":70}},"93":{"start":{"line":310,"column":20},"end":{"line":310,"column":51}},"94":{"start":{"line":311,"column":21},"end":{"line":314,"column":5}},"95":{"start":{"line":316,"column":4},"end":{"line":327,"column":5}},"96":{"start":{"line":317,"column":21},"end":{"line":322,"column":7}},"97":{"start":{"line":323,"column":6},"end":{"line":326,"column":9}},"98":{"start":{"line":329,"column":19},"end":{"line":335,"column":5}},"99":{"start":{"line":337,"column":4},"end":{"line":340,"column":7}},"100":{"start":{"line":342,"column":4},"end":{"line":342,"column":47}},"101":{"start":{"line":343,"column":4},"end":{"line":343,"column":60}}},"fnMap":{"0":{"name":"(anonymous_0)","decl":{"start":{"line":24,"column":15},"end":{"line":24,"column":16}},"loc":{"start":{"line":24,"column":30},"end":{"line":24,"column":49}},"line":24},"1":{"name":"(anonymous_1)","decl":{"start":{"line":25,"column":12},"end":{"line":25,"column":13}},"loc":{"start":{"line":25,"column":29},"end":{"line":28,"column":3}},"line":25},"2":{"name":"auth","decl":{"start":{"line":33,"column":9},"end":{"line":33,"column":13}},"loc":{"start":{"line":33,"column":30},"end":{"line":44,"column":1}},"line":33},"3":{"name":"(anonymous_3)","decl":{"start":{"line":64,"column":31},"end":{"line":64,"column":32}},"loc":{"start":{"line":64,"column":51},"end":{"line":137,"column":1}},"line":64},"4":{"name":"(anonymous_4)","decl":{"start":{"line":88,"column":52},"end":{"line":88,"column":53}},"loc":{"start":{"line":88,"column":60},"end":{"line":92,"column":5}},"line":88},"5":{"name":"(anonymous_5)","decl":{"start":{"line":141,"column":27},"end":{"line":141,"column":28}},"loc":{"start":{"line":141,"column":47},"end":{"line":180,"column":1}},"line":141},"6":{"name":"(anonymous_6)","decl":{"start":{"line":183,"column":23},"end":{"line":183,"column":24}},"loc":{"start":{"line":183,"column":43},"end":{"line":258,"column":1}},"line":183},"7":{"name":"(anonymous_7)","decl":{"start":{"line":261,"column":27},"end":{"line":261,"column":28}},"loc":{"start":{"line":261,"column":47},"end":{"line":301,"column":1}},"line":261},"8":{"name":"(anonymous_8)","decl":{"start":{"line":285,"column":29},"end":{"line":285,"column":30}},"loc":{"start":{"line":285,"column":39},"end":{"line":285,"column":55}},"line":285},"9":{"name":"(anonymous_9)","decl":{"start":{"line":304,"column":56},"end":{"line":304,"column":57}},"loc":{"start":{"line":304,"column":76},"end":{"line":345,"column":1}},"line":304}},"branchMap":{"0":{"loc":{"start":{"line":16,"column":19},"end":{"line":16,"column":67}},"type":"binary-expr","locations":[{"start":{"line":16,"column":19},"end":{"line":16,"column":41}},{"start":{"line":16,"column":45},"end":{"line":16,"column":67}}],"line":16},"1":{"loc":{"start":{"line":20,"column":0},"end":{"line":20,"column":55}},"type":"if","locations":[{"start":{"line":20,"column":0},"end":{"line":20,"column":55}},{"start":{},"end":{}}],"line":20},"2":{"loc":{"start":{"line":35,"column":2},"end":{"line":35,"column":75}},"type":"if","locations":[{"start":{"line":35,"column":2},"end":{"line":35,"column":75}},{"start":{},"end":{}}],"line":35},"3":{"loc":{"start":{"line":66,"column":2},"end":{"line":68,"column":3}},"type":"if","locations":[{"start":{"line":66,"column":2},"end":{"line":68,"column":3}},{"start":{},"end":{}}],"line":66},"4":{"loc":{"start":{"line":77,"column":4},"end":{"line":80,"column":5}},"type":"if","locations":[{"start":{"line":77,"column":4},"end":{"line":80,"column":5}},{"start":{},"end":{}}],"line":77},"5":{"loc":{"start":{"line":121,"column":23},"end":{"line":121,"column":42}},"type":"binary-expr","locations":[{"start":{"line":121,"column":23},"end":{"line":121,"column":36}},{"start":{"line":121,"column":40},"end":{"line":121,"column":42}}],"line":121},"6":{"loc":{"start":{"line":122,"column":23},"end":{"line":122,"column":58}},"type":"binary-expr","locations":[{"start":{"line":122,"column":23},"end":{"line":122,"column":52}},{"start":{"line":122,"column":56},"end":{"line":122,"column":58}}],"line":122},"7":{"loc":{"start":{"line":123,"column":23},"end":{"line":123,"column":46}},"type":"binary-expr","locations":[{"start":{"line":123,"column":23},"end":{"line":123,"column":40}},{"start":{"line":123,"column":44},"end":{"line":123,"column":46}}],"line":123},"8":{"loc":{"start":{"line":124,"column":23},"end":{"line":124,"column":53}},"type":"binary-expr","locations":[{"start":{"line":124,"column":23},"end":{"line":124,"column":47}},{"start":{"line":124,"column":51},"end":{"line":124,"column":53}}],"line":124},"9":{"loc":{"start":{"line":125,"column":23},"end":{"line":125,"column":57}},"type":"binary-expr","locations":[{"start":{"line":125,"column":23},"end":{"line":125,"column":51}},{"start":{"line":125,"column":55},"end":{"line":125,"column":57}}],"line":125},"10":{"loc":{"start":{"line":128,"column":8},"end":{"line":128,"column":29}},"type":"binary-expr","locations":[{"start":{"line":128,"column":8},"end":{"line":128,"column":23}},{"start":{"line":128,"column":27},"end":{"line":128,"column":29}}],"line":128},"11":{"loc":{"start":{"line":164,"column":4},"end":{"line":173,"column":5}},"type":"if","locations":[{"start":{"line":164,"column":4},"end":{"line":173,"column":5}},{"start":{},"end":{}}],"line":164},"12":{"loc":{"start":{"line":199,"column":2},"end":{"line":199,"column":77}},"type":"if","locations":[{"start":{"line":199,"column":2},"end":{"line":199,"column":77}},{"start":{},"end":{}}],"line":199},"13":{"loc":{"start":{"line":207,"column":4},"end":{"line":253,"column":5}},"type":"if","locations":[{"start":{"line":207,"column":4},"end":{"line":253,"column":5}},{"start":{"line":231,"column":11},"end":{"line":253,"column":5}}],"line":207},"14":{"loc":{"start":{"line":264,"column":19},"end":{"line":264,"column":33}},"type":"binary-expr","locations":[{"start":{"line":264,"column":19},"end":{"line":264,"column":27}},{"start":{"line":264,"column":31},"end":{"line":264,"column":33}}],"line":264},"15":{"loc":{"start":{"line":271,"column":4},"end":{"line":279,"column":5}},"type":"if","locations":[{"start":{"line":271,"column":4},"end":{"line":279,"column":5}},{"start":{},"end":{}}],"line":271},"16":{"loc":{"start":{"line":276,"column":15},"end":{"line":276,"column":58}},"type":"binary-expr","locations":[{"start":{"line":276,"column":15},"end":{"line":276,"column":33}},{"start":{"line":276,"column":37},"end":{"line":276,"column":58}}],"line":276},"17":{"loc":{"start":{"line":282,"column":4},"end":{"line":283,"column":64}},"type":"if","locations":[{"start":{"line":282,"column":4},"end":{"line":283,"column":64}},{"start":{},"end":{}}],"line":282},"18":{"loc":{"start":{"line":307,"column":4},"end":{"line":308,"column":70}},"type":"if","locations":[{"start":{"line":307,"column":4},"end":{"line":308,"column":70}},{"start":{},"end":{}}],"line":307},"19":{"loc":{"start":{"line":316,"column":4},"end":{"line":327,"column":5}},"type":"if","locations":[{"start":{"line":316,"column":4},"end":{"line":327,"column":5}},{"start":{},"end":{}}],"line":316}},"s":{"0":4,"1":4,"2":4,"3":4,"4":4,"5":4,"6":4,"7":0,"8":4,"9":0,"10":0,"11":0,"12":4,"13":2,"14":2,"15":0,"16":2,"17":2,"18":2,"19":2,"20":2,"21":0,"22":4,"23":4,"24":4,"25":1,"26":1,"27":0,"28":1,"29":1,"30":1,"31":0,"32":1,"33":1,"34":5,"35":1,"36":1,"37":0,"38":0,"39":0,"40":0,"41":0,"42":0,"43":0,"44":0,"45":1,"46":1,"47":4,"48":1,"49":1,"50":1,"51":1,"52":1,"53":1,"54":0,"55":0,"56":0,"57":4,"58":0,"59":0,"60":0,"61":0,"62":0,"63":0,"64":0,"65":0,"66":0,"67":0,"68":0,"69":0,"70":4,"71":0,"72":0,"73":0,"74":0,"75":0,"76":0,"77":0,"78":0,"79":0,"80":0,"81":0,"82":0,"83":0,"84":0,"85":0,"86":0,"87":0,"88":4,"89":0,"90":0,"91":0,"92":0,"93":0,"94":0,"95":0,"96":0,"97":0,"98":0,"99":0,"100":0,"101":0},"f":{"0":0,"1":0,"2":2,"3":1,"4":5,"5":1,"6":0,"7":0,"8":0,"9":0},"b":{"0":[4,0],"1":[0,4],"2":[0,2],"3":[0,1],"4":[0,1],"5":[0,0],"6":[0,0],"7":[0,0],"8":[0,0],"9":[0,0],"10":[0,0],"11":[1,0],"12":[0,0],"13":[0,0],"14":[0,0],"15":[0,0],"16":[0,0],"17":[0,0],"18":[0,0],"19":[0,0]},"inputSourceMap":null,"_coverageSchema":"1a1c01bbd47fc00a2c39e90264f33305004495a9","hash":"81b74eda8276b54663132431625e449aff478f37"}
,"C:\\Users\\Zaid Hasan\\OneDrive\\Desktop\\Aandsz-Forces-ATS-CS490\\backend\\routes\\companyResearch.js": {"path":"C:\\Users\\Zaid Hasan\\OneDrive\\Desktop\\Aandsz-Forces-ATS-CS490\\backend\\routes\\companyResearch.js","statementMap":{"0":{"start":{"line":4,"column":0},"end":{"line":4,"column":16}},"1":{"start":{"line":6,"column":15},"end":{"line":6,"column":31}},"2":{"start":{"line":7,"column":13},"end":{"line":7,"column":45}},"3":{"start":{"line":11,"column":2},"end":{"line":78,"column":3}},"4":{"start":{"line":12,"column":24},"end":{"line":12,"column":87}},"5":{"start":{"line":15,"column":22},"end":{"line":25,"column":6}},"6":{"start":{"line":27,"column":19},"end":{"line":27,"column":62}},"7":{"start":{"line":28,"column":22},"end":{"line":28,"column":64}},"8":{"start":{"line":29,"column":4},"end":{"line":29,"column":83}},"9":{"start":{"line":29,"column":31},"end":{"line":29,"column":83}},"10":{"start":{"line":32,"column":23},"end":{"line":43,"column":6}},"11":{"start":{"line":45,"column":21},"end":{"line":45,"column":61}},"12":{"start":{"line":46,"column":21},"end":{"line":46,"column":44}},"13":{"start":{"line":47,"column":20},"end":{"line":47,"column":43}},"14":{"start":{"line":50,"column":20},"end":{"line":50,"column":24}},"15":{"start":{"line":52,"column":6},"end":{"line":53,"column":57}},"16":{"start":{"line":55,"column":4},"end":{"line":57,"column":5}},"17":{"start":{"line":56,"column":6},"end":{"line":56,"column":64}},"18":{"start":{"line":60,"column":23},"end":{"line":63,"column":5}},"19":{"start":{"line":65,"column":24},"end":{"line":65,"column":46}},"20":{"start":{"line":66,"column":20},"end":{"line":72,"column":5}},"21":{"start":{"line":74,"column":4},"end":{"line":74,"column":69}},"22":{"start":{"line":76,"column":4},"end":{"line":76,"column":59}},"23":{"start":{"line":77,"column":4},"end":{"line":77,"column":56}},"24":{"start":{"line":83,"column":17},"end":{"line":83,"column":41}},"25":{"start":{"line":85,"column":19},"end":{"line":116,"column":3}},"26":{"start":{"line":118,"column":2},"end":{"line":121,"column":3}},"27":{"start":{"line":119,"column":4},"end":{"line":119,"column":69}},"28":{"start":{"line":120,"column":4},"end":{"line":120,"column":20}},"29":{"start":{"line":123,"column":2},"end":{"line":172,"column":3}},"30":{"start":{"line":124,"column":21},"end":{"line":126,"column":6}},"31":{"start":{"line":128,"column":4},"end":{"line":131,"column":5}},"32":{"start":{"line":129,"column":6},"end":{"line":129,"column":84}},"33":{"start":{"line":130,"column":6},"end":{"line":130,"column":22}},"34":{"start":{"line":133,"column":16},"end":{"line":133,"column":26}},"35":{"start":{"line":134,"column":4},"end":{"line":168,"column":7}},"36":{"start":{"line":135,"column":22},"end":{"line":135,"column":55}},"37":{"start":{"line":136,"column":22},"end":{"line":136,"column":61}},"38":{"start":{"line":137,"column":27},"end":{"line":137,"column":56}},"39":{"start":{"line":139,"column":20},"end":{"line":139,"column":48}},"40":{"start":{"line":140,"column":23},"end":{"line":156,"column":19}},"41":{"start":{"line":158,"column":6},"end":{"line":167,"column":8}},"42":{"start":{"line":170,"column":4},"end":{"line":170,"column":54}},"43":{"start":{"line":171,"column":4},"end":{"line":171,"column":20}},"44":{"start":{"line":176,"column":2},"end":{"line":176,"column":23}},"45":{"start":{"line":176,"column":13},"end":{"line":176,"column":23}},"46":{"start":{"line":177,"column":16},"end":{"line":177,"column":57}},"47":{"start":{"line":177,"column":48},"end":{"line":177,"column":56}},"48":{"start":{"line":178,"column":2},"end":{"line":178,"column":55}},"49":{"start":{"line":178,"column":29},"end":{"line":178,"column":41}},"50":{"start":{"line":186,"column":14},"end":{"line":186,"column":40}},"51":{"start":{"line":187,"column":2},"end":{"line":187,"column":24}},"52":{"start":{"line":187,"column":12},"end":{"line":187,"column":24}},"53":{"start":{"line":189,"column":22},"end":{"line":197,"column":1}},"54":{"start":{"line":199,"column":21},"end":{"line":229,"column":1}},"55":{"start":{"line":231,"column":2},"end":{"line":325,"column":3}},"56":{"start":{"line":232,"column":21},"end":{"line":244,"column":5}},"57":{"start":{"line":246,"column":17},"end":{"line":246,"column":73}},"58":{"start":{"line":248,"column":25},"end":{"line":248,"column":83}},"59":{"start":{"line":249,"column":20},"end":{"line":249,"column":84}},"60":{"start":{"line":249,"column":47},"end":{"line":249,"column":83}},"61":{"start":{"line":251,"column":4},"end":{"line":278,"column":5}},"62":{"start":{"line":252,"column":26},"end":{"line":259,"column":2}},"63":{"start":{"line":260,"column":20},"end":{"line":272,"column":7}},"64":{"start":{"line":274,"column":24},"end":{"line":276,"column":7}},"65":{"start":{"line":277,"column":6},"end":{"line":277,"column":43}},"66":{"start":{"line":280,"column":4},"end":{"line":309,"column":6}},"67":{"start":{"line":311,"column":4},"end":{"line":311,"column":61}},"68":{"start":{"line":312,"column":4},"end":{"line":324,"column":6}},"69":{"start":{"line":330,"column":15},"end":{"line":330,"column":53}},"70":{"start":{"line":331,"column":2},"end":{"line":336,"column":4}},"71":{"start":{"line":339,"column":0},"end":{"line":389,"column":3}},"72":{"start":{"line":340,"column":18},"end":{"line":340,"column":50}},"73":{"start":{"line":341,"column":2},"end":{"line":342,"column":82}},"74":{"start":{"line":342,"column":4},"end":{"line":342,"column":82}},"75":{"start":{"line":344,"column":2},"end":{"line":388,"column":3}},"76":{"start":{"line":345,"column":4},"end":{"line":345,"column":61}},"77":{"start":{"line":347,"column":17},"end":{"line":347,"column":44}},"78":{"start":{"line":348,"column":17},"end":{"line":348,"column":39}},"79":{"start":{"line":350,"column":15},"end":{"line":354,"column":5}},"80":{"start":{"line":353,"column":22},"end":{"line":353,"column":29}},"81":{"start":{"line":357,"column":6},"end":{"line":359,"column":10}},"82":{"start":{"line":361,"column":17},"end":{"line":378,"column":5}},"83":{"start":{"line":380,"column":4},"end":{"line":380,"column":61}},"84":{"start":{"line":381,"column":4},"end":{"line":381,"column":38}},"85":{"start":{"line":383,"column":4},"end":{"line":383,"column":52}},"86":{"start":{"line":384,"column":4},"end":{"line":387,"column":7}}},"fnMap":{"0":{"name":"getWikipedia","decl":{"start":{"line":10,"column":15},"end":{"line":10,"column":27}},"loc":{"start":{"line":10,"column":37},"end":{"line":79,"column":1}},"line":10},"1":{"name":"getNews","decl":{"start":{"line":82,"column":15},"end":{"line":82,"column":22}},"loc":{"start":{"line":82,"column":32},"end":{"line":173,"column":1}},"line":82},"2":{"name":"(anonymous_2)","decl":{"start":{"line":134,"column":29},"end":{"line":134,"column":30}},"loc":{"start":{"line":134,"column":36},"end":{"line":168,"column":5}},"line":134},"3":{"name":"extractKeyPoints","decl":{"start":{"line":175,"column":9},"end":{"line":175,"column":25}},"loc":{"start":{"line":175,"column":32},"end":{"line":179,"column":1}},"line":175},"4":{"name":"(anonymous_4)","decl":{"start":{"line":177,"column":41},"end":{"line":177,"column":42}},"loc":{"start":{"line":177,"column":48},"end":{"line":177,"column":56}},"line":177},"5":{"name":"(anonymous_5)","decl":{"start":{"line":178,"column":22},"end":{"line":178,"column":23}},"loc":{"start":{"line":178,"column":29},"end":{"line":178,"column":41}},"line":178},"6":{"name":"generateInsights","decl":{"start":{"line":185,"column":15},"end":{"line":185,"column":31}},"loc":{"start":{"line":185,"column":66},"end":{"line":326,"column":1}},"line":185},"7":{"name":"(anonymous_7)","decl":{"start":{"line":249,"column":40},"end":{"line":249,"column":41}},"loc":{"start":{"line":249,"column":47},"end":{"line":249,"column":83}},"line":249},"8":{"name":"buildSocialLinks","decl":{"start":{"line":329,"column":9},"end":{"line":329,"column":25}},"loc":{"start":{"line":329,"column":32},"end":{"line":337,"column":1}},"line":329},"9":{"name":"(anonymous_9)","decl":{"start":{"line":339,"column":16},"end":{"line":339,"column":17}},"loc":{"start":{"line":339,"column":36},"end":{"line":389,"column":1}},"line":339},"10":{"name":"(anonymous_10)","decl":{"start":{"line":353,"column":15},"end":{"line":353,"column":16}},"loc":{"start":{"line":353,"column":22},"end":{"line":353,"column":29}},"line":353}},"branchMap":{"0":{"loc":{"start":{"line":29,"column":4},"end":{"line":29,"column":83}},"type":"if","locations":[{"start":{"line":29,"column":4},"end":{"line":29,"column":83}},{"start":{},"end":{}}],"line":29},"1":{"loc":{"start":{"line":29,"column":8},"end":{"line":29,"column":29}},"type":"binary-expr","locations":[{"start":{"line":29,"column":8},"end":{"line":29,"column":15}},{"start":{"line":29,"column":19},"end":{"line":29,"column":29}}],"line":29},"2":{"loc":{"start":{"line":46,"column":21},"end":{"line":46,"column":44}},"type":"binary-expr","locations":[{"start":{"line":46,"column":21},"end":{"line":46,"column":38}},{"start":{"line":46,"column":42},"end":{"line":46,"column":44}}],"line":46},"3":{"loc":{"start":{"line":47,"column":20},"end":{"line":47,"column":43}},"type":"binary-expr","locations":[{"start":{"line":47,"column":20},"end":{"line":47,"column":37}},{"start":{"line":47,"column":41},"end":{"line":47,"column":43}}],"line":47},"4":{"loc":{"start":{"line":52,"column":6},"end":{"line":53,"column":57}},"type":"binary-expr","locations":[{"start":{"line":52,"column":6},"end":{"line":52,"column":49}},{"start":{"line":53,"column":6},"end":{"line":53,"column":57}}],"line":52},"5":{"loc":{"start":{"line":55,"column":4},"end":{"line":57,"column":5}},"type":"if","locations":[{"start":{"line":55,"column":4},"end":{"line":57,"column":5}},{"start":{},"end":{}}],"line":55},"6":{"loc":{"start":{"line":65,"column":24},"end":{"line":65,"column":46}},"type":"binary-expr","locations":[{"start":{"line":65,"column":24},"end":{"line":65,"column":40}},{"start":{"line":65,"column":44},"end":{"line":65,"column":46}}],"line":65},"7":{"loc":{"start":{"line":67,"column":13},"end":{"line":67,"column":43}},"type":"binary-expr","locations":[{"start":{"line":67,"column":13},"end":{"line":67,"column":30}},{"start":{"line":67,"column":34},"end":{"line":67,"column":43}}],"line":67},"8":{"loc":{"start":{"line":68,"column":19},"end":{"line":68,"column":48}},"type":"binary-expr","locations":[{"start":{"line":68,"column":19},"end":{"line":68,"column":42}},{"start":{"line":68,"column":46},"end":{"line":68,"column":48}}],"line":68},"9":{"loc":{"start":{"line":69,"column":15},"end":{"line":69,"column":65}},"type":"binary-expr","locations":[{"start":{"line":69,"column":15},"end":{"line":69,"column":54}},{"start":{"line":69,"column":58},"end":{"line":69,"column":65}}],"line":69},"10":{"loc":{"start":{"line":70,"column":20},"end":{"line":70,"column":70}},"type":"binary-expr","locations":[{"start":{"line":70,"column":20},"end":{"line":70,"column":59}},{"start":{"line":70,"column":63},"end":{"line":70,"column":70}}],"line":70},"11":{"loc":{"start":{"line":74,"column":22},"end":{"line":74,"column":47}},"type":"binary-expr","locations":[{"start":{"line":74,"column":22},"end":{"line":74,"column":41}},{"start":{"line":74,"column":45},"end":{"line":74,"column":47}}],"line":74},"12":{"loc":{"start":{"line":118,"column":2},"end":{"line":121,"column":3}},"type":"if","locations":[{"start":{"line":118,"column":2},"end":{"line":121,"column":3}},{"start":{},"end":{}}],"line":118},"13":{"loc":{"start":{"line":128,"column":4},"end":{"line":131,"column":5}},"type":"if","locations":[{"start":{"line":128,"column":4},"end":{"line":131,"column":5}},{"start":{},"end":{}}],"line":128},"14":{"loc":{"start":{"line":128,"column":8},"end":{"line":128,"column":54}},"type":"binary-expr","locations":[{"start":{"line":128,"column":8},"end":{"line":128,"column":28}},{"start":{"line":128,"column":32},"end":{"line":128,"column":54}}],"line":128},"15":{"loc":{"start":{"line":139,"column":20},"end":{"line":139,"column":48}},"type":"binary-expr","locations":[{"start":{"line":139,"column":20},"end":{"line":139,"column":42}},{"start":{"line":139,"column":46},"end":{"line":139,"column":48}}],"line":139},"16":{"loc":{"start":{"line":140,"column":23},"end":{"line":156,"column":19}},"type":"cond-expr","locations":[{"start":{"line":141,"column":10},"end":{"line":141,"column":19}},{"start":{"line":142,"column":10},"end":{"line":156,"column":19}}],"line":140},"17":{"loc":{"start":{"line":142,"column":10},"end":{"line":156,"column":19}},"type":"cond-expr","locations":[{"start":{"line":143,"column":10},"end":{"line":143,"column":26}},{"start":{"line":144,"column":10},"end":{"line":156,"column":19}}],"line":142},"18":{"loc":{"start":{"line":144,"column":10},"end":{"line":156,"column":19}},"type":"cond-expr","locations":[{"start":{"line":145,"column":10},"end":{"line":145,"column":18}},{"start":{"line":146,"column":10},"end":{"line":156,"column":19}}],"line":144},"19":{"loc":{"start":{"line":146,"column":10},"end":{"line":156,"column":19}},"type":"cond-expr","locations":[{"start":{"line":147,"column":10},"end":{"line":147,"column":23}},{"start":{"line":148,"column":10},"end":{"line":156,"column":19}}],"line":146},"20":{"loc":{"start":{"line":148,"column":10},"end":{"line":156,"column":19}},"type":"cond-expr","locations":[{"start":{"line":149,"column":10},"end":{"line":149,"column":17}},{"start":{"line":150,"column":10},"end":{"line":156,"column":19}}],"line":148},"21":{"loc":{"start":{"line":150,"column":10},"end":{"line":156,"column":19}},"type":"cond-expr","locations":[{"start":{"line":151,"column":10},"end":{"line":151,"column":23}},{"start":{"line":152,"column":10},"end":{"line":156,"column":19}}],"line":150},"22":{"loc":{"start":{"line":152,"column":10},"end":{"line":156,"column":19}},"type":"cond-expr","locations":[{"start":{"line":153,"column":10},"end":{"line":153,"column":21}},{"start":{"line":154,"column":10},"end":{"line":156,"column":19}}],"line":152},"23":{"loc":{"start":{"line":154,"column":10},"end":{"line":156,"column":19}},"type":"cond-expr","locations":[{"start":{"line":155,"column":10},"end":{"line":155,"column":17}},{"start":{"line":156,"column":10},"end":{"line":156,"column":19}}],"line":154},"24":{"loc":{"start":{"line":165,"column":17},"end":{"line":165,"column":36}},"type":"binary-expr","locations":[{"start":{"line":165,"column":17},"end":{"line":165,"column":30}},{"start":{"line":165,"column":34},"end":{"line":165,"column":36}}],"line":165},"25":{"loc":{"start":{"line":166,"column":21},"end":{"line":166,"column":40}},"type":"binary-expr","locations":[{"start":{"line":166,"column":21},"end":{"line":166,"column":34}},{"start":{"line":166,"column":38},"end":{"line":166,"column":40}}],"line":166},"26":{"loc":{"start":{"line":176,"column":2},"end":{"line":176,"column":23}},"type":"if","locations":[{"start":{"line":176,"column":2},"end":{"line":176,"column":23}},{"start":{},"end":{}}],"line":176},"27":{"loc":{"start":{"line":187,"column":2},"end":{"line":187,"column":24}},"type":"if","locations":[{"start":{"line":187,"column":2},"end":{"line":187,"column":24}},{"start":{},"end":{}}],"line":187},"28":{"loc":{"start":{"line":193,"column":2},"end":{"line":193,"column":19}},"type":"binary-expr","locations":[{"start":{"line":193,"column":2},"end":{"line":193,"column":10}},{"start":{"line":193,"column":14},"end":{"line":193,"column":19}}],"line":193},"29":{"loc":{"start":{"line":246,"column":28},"end":{"line":246,"column":72}},"type":"binary-expr","locations":[{"start":{"line":246,"column":28},"end":{"line":246,"column":64}},{"start":{"line":246,"column":68},"end":{"line":246,"column":72}}],"line":246},"30":{"loc":{"start":{"line":249,"column":47},"end":{"line":249,"column":83}},"type":"binary-expr","locations":[{"start":{"line":249,"column":47},"end":{"line":249,"column":57}},{"start":{"line":249,"column":61},"end":{"line":249,"column":83}}],"line":249},"31":{"loc":{"start":{"line":251,"column":4},"end":{"line":278,"column":5}},"type":"if","locations":[{"start":{"line":251,"column":4},"end":{"line":278,"column":5}},{"start":{},"end":{}}],"line":251},"32":{"loc":{"start":{"line":275,"column":8},"end":{"line":275,"column":59}},"type":"binary-expr","locations":[{"start":{"line":275,"column":8},"end":{"line":275,"column":51}},{"start":{"line":275,"column":55},"end":{"line":275,"column":59}}],"line":275},"33":{"loc":{"start":{"line":281,"column":15},"end":{"line":281,"column":40}},"type":"binary-expr","locations":[{"start":{"line":281,"column":15},"end":{"line":281,"column":29}},{"start":{"line":281,"column":33},"end":{"line":281,"column":40}}],"line":281},"34":{"loc":{"start":{"line":282,"column":16},"end":{"line":282,"column":47}},"type":"binary-expr","locations":[{"start":{"line":282,"column":16},"end":{"line":282,"column":31}},{"start":{"line":282,"column":35},"end":{"line":282,"column":47}}],"line":282},"35":{"loc":{"start":{"line":283,"column":20},"end":{"line":283,"column":75}},"type":"binary-expr","locations":[{"start":{"line":283,"column":20},"end":{"line":283,"column":39}},{"start":{"line":283,"column":43},"end":{"line":283,"column":75}}],"line":283},"36":{"loc":{"start":{"line":284,"column":12},"end":{"line":284,"column":31}},"type":"binary-expr","locations":[{"start":{"line":284,"column":12},"end":{"line":284,"column":23}},{"start":{"line":284,"column":27},"end":{"line":284,"column":31}}],"line":284},"37":{"loc":{"start":{"line":286,"column":8},"end":{"line":287,"column":82}},"type":"binary-expr","locations":[{"start":{"line":286,"column":8},"end":{"line":286,"column":22}},{"start":{"line":287,"column":8},"end":{"line":287,"column":82}}],"line":286},"38":{"loc":{"start":{"line":289,"column":8},"end":{"line":289,"column":83}},"type":"binary-expr","locations":[{"start":{"line":289,"column":8},"end":{"line":289,"column":21}},{"start":{"line":289,"column":25},"end":{"line":289,"column":83}}],"line":289},"39":{"loc":{"start":{"line":290,"column":15},"end":{"line":290,"column":72}},"type":"binary-expr","locations":[{"start":{"line":290,"column":15},"end":{"line":290,"column":29}},{"start":{"line":290,"column":33},"end":{"line":290,"column":72}}],"line":290},"40":{"loc":{"start":{"line":292,"column":8},"end":{"line":297,"column":13}},"type":"cond-expr","locations":[{"start":{"line":293,"column":12},"end":{"line":293,"column":29}},{"start":{"line":294,"column":12},"end":{"line":297,"column":13}}],"line":292},"41":{"loc":{"start":{"line":299,"column":8},"end":{"line":301,"column":84}},"type":"cond-expr","locations":[{"start":{"line":300,"column":12},"end":{"line":300,"column":35}},{"start":{"line":301,"column":12},"end":{"line":301,"column":84}}],"line":299},"42":{"loc":{"start":{"line":303,"column":8},"end":{"line":305,"column":62}},"type":"cond-expr","locations":[{"start":{"line":304,"column":12},"end":{"line":304,"column":39}},{"start":{"line":305,"column":12},"end":{"line":305,"column":62}}],"line":303},"43":{"loc":{"start":{"line":307,"column":8},"end":{"line":308,"column":110}},"type":"binary-expr","locations":[{"start":{"line":307,"column":8},"end":{"line":307,"column":22}},{"start":{"line":308,"column":8},"end":{"line":308,"column":110}}],"line":307},"44":{"loc":{"start":{"line":340,"column":19},"end":{"line":340,"column":42}},"type":"binary-expr","locations":[{"start":{"line":340,"column":19},"end":{"line":340,"column":36}},{"start":{"line":340,"column":40},"end":{"line":340,"column":42}}],"line":340},"45":{"loc":{"start":{"line":341,"column":2},"end":{"line":342,"column":82}},"type":"if","locations":[{"start":{"line":341,"column":2},"end":{"line":342,"column":82}},{"start":{},"end":{}}],"line":341},"46":{"loc":{"start":{"line":352,"column":6},"end":{"line":352,"column":37}},"type":"binary-expr","locations":[{"start":{"line":352,"column":6},"end":{"line":352,"column":20}},{"start":{"line":352,"column":24},"end":{"line":352,"column":37}}],"line":352},"47":{"loc":{"start":{"line":357,"column":6},"end":{"line":359,"column":10}},"type":"binary-expr","locations":[{"start":{"line":357,"column":6},"end":{"line":357,"column":14}},{"start":{"line":358,"column":6},"end":{"line":358,"column":30}},{"start":{"line":359,"column":6},"end":{"line":359,"column":10}}],"line":357},"48":{"loc":{"start":{"line":363,"column":18},"end":{"line":363,"column":69}},"type":"binary-expr","locations":[{"start":{"line":363,"column":18},"end":{"line":363,"column":30}},{"start":{"line":363,"column":34},"end":{"line":363,"column":60}},{"start":{"line":363,"column":64},"end":{"line":363,"column":69}}],"line":363},"49":{"loc":{"start":{"line":364,"column":22},"end":{"line":364,"column":47}},"type":"binary-expr","locations":[{"start":{"line":364,"column":22},"end":{"line":364,"column":38}},{"start":{"line":364,"column":42},"end":{"line":364,"column":47}}],"
[...]
,"C:\\Users\\Zaid Hasan\\OneDrive\\Desktop\\Aandsz-Forces-ATS-CS490\\backend\\routes\\upload.js": {"path":"C:\\Users\\Zaid Hasan\\OneDrive\\Desktop\\Aandsz-Forces-ATS-CS490\\backend\\routes\\upload.js","statementMap":{"0":{"start":{"line":7,"column":15},"end":{"line":7,"column":31}},"1":{"start":{"line":9,"column":19},"end":{"line":9,"column":49}},"2":{"start":{"line":10,"column":18},"end":{"line":10,"column":42}},"3":{"start":{"line":13,"column":18},"end":{"line":13,"column":52}},"4":{"start":{"line":14,"column":0},"end":{"line":16,"column":1}},"5":{"start":{"line":15,"column":2},"end":{"line":15,"column":47}},"6":{"start":{"line":19,"column":16},"end":{"line":25,"column":2}},"7":{"start":{"line":20,"column":34},"end":{"line":20,"column":53}},"8":{"start":{"line":22,"column":19},"end":{"line":22,"column":76}},"9":{"start":{"line":23,"column":4},"end":{"line":23,"column":21}},"10":{"start":{"line":27,"column":15},"end":{"line":35,"column":2}},"11":{"start":{"line":31,"column":20},"end":{"line":31,"column":38}},"12":{"start":{"line":32,"column":16},"end":{"line":32,"column":61}},"13":{"start":{"line":33,"column":4},"end":{"line":33,"column":76}},"14":{"start":{"line":38,"column":0},"end":{"line":41,"column":3}},"15":{"start":{"line":39,"column":18},"end":{"line":39,"column":49}},"16":{"start":{"line":40,"column":2},"end":{"line":40,"column":29}}},"fnMap":{"0":{"name":"(anonymous_0)","decl":{"start":{"line":20,"column":15},"end":{"line":20,"column":16}},"loc":{"start":{"line":20,"column":34},"end":{"line":20,"column":53}},"line":20},"1":{"name":"(anonymous_1)","decl":{"start":{"line":21,"column":12},"end":{"line":21,"column":13}},"loc":{"start":{"line":21,"column":31},"end":{"line":24,"column":3}},"line":21},"2":{"name":"(anonymous_2)","decl":{"start":{"line":30,"column":14},"end":{"line":30,"column":15}},"loc":{"start":{"line":30,"column":33},"end":{"line":34,"column":3}},"line":30},"3":{"name":"(anonymous_3)","decl":{"start":{"line":38,"column":59},"end":{"line":38,"column":60}},"loc":{"start":{"line":38,"column":73},"end":{"line":41,"column":1}},"line":38}},"branchMap":{"0":{"loc":{"start":{"line":14,"column":0},"end":{"line":16,"column":1}},"type":"if","locations":[{"start":{"line":14,"column":0},"end":{"line":16,"column":1}},{"start":{},"end":{}}],"line":14},"1":{"loc":{"start":{"line":33,"column":4},"end":{"line":33,"column":75}},"type":"cond-expr","locations":[{"start":{"line":33,"column":24},"end":{"line":33,"column":38}},{"start":{"line":33,"column":41},"end":{"line":33,"column":75}}],"line":33}},"s":{"0":4,"1":4,"2":4,"3":4,"4":4,"5":0,"6":4,"7":0,"8":0,"9":0,"10":4,"11":0,"12":0,"13":0,"14":4,"15":0,"16":0},"f":{"0":0,"1":0,"2":0,"3":0},"b":{"0":[0,4],"1":[0,0]},"inputSourceMap":null,"_coverageSchema":"1a1c01bbd47fc00a2c39e90264f33305004495a9","hash":"33337c781734708680dd05d0537fcf930f275d4e"}
,"C:\\Users\\Zaid Hasan\\OneDrive\\Desktop\\Aandsz-Forces-ATS-CS490\\backend\\utils\\renderTemplate.js": {"path":"C:\\Users\\Zaid Hasan\\OneDrive\\Desktop\\Aandsz-Forces-ATS-CS490\\backend\\utils\\renderTemplate.js","statementMap":{"0":{"start":{"line":8,"column":19},"end":{"line":8,"column":49}},"1":{"start":{"line":9,"column":18},"end":{"line":9,"column":42}},"2":{"start":{"line":12,"column":21},"end":{"line":12,"column":60}},"3":{"start":{"line":19,"column":0},"end":{"line":27,"column":3}},"4":{"start":{"line":20,"column":2},"end":{"line":20,"column":23}},"5":{"start":{"line":20,"column":13},"end":{"line":20,"column":23}},"6":{"start":{"line":23,"column":2},"end":{"line":26,"column":21}},"7":{"start":{"line":25,"column":16},"end":{"line":25,"column":24}},"8":{"start":{"line":30,"column":0},"end":{"line":39,"column":3}},"9":{"start":{"line":31,"column":2},"end":{"line":31,"column":23}},"10":{"start":{"line":31,"column":13},"end":{"line":31,"column":23}},"11":{"start":{"line":32,"column":2},"end":{"line":38,"column":3}},"12":{"start":{"line":33,"column":14},"end":{"line":33,"column":28}},"13":{"start":{"line":34,"column":4},"end":{"line":34,"column":38}},"14":{"start":{"line":34,"column":28},"end":{"line":34,"column":38}},"15":{"start":{"line":35,"column":4},"end":{"line":35,"column":78}},"16":{"start":{"line":37,"column":4},"end":{"line":37,"column":14}},"17":{"start":{"line":42,"column":0},"end":{"line":47,"column":3}},"18":{"start":{"line":43,"column":19},"end":{"line":43,"column":55}},"19":{"start":{"line":44,"column":2},"end":{"line":44,"column":46}},"20":{"start":{"line":44,"column":15},"end":{"line":44,"column":46}},"21":{"start":{"line":45,"column":17},"end":{"line":45,"column":62}},"22":{"start":{"line":46,"column":2},"end":{"line":46,"column":55}},"23":{"start":{"line":50,"column":0},"end":{"line":52,"column":3}},"24":{"start":{"line":51,"column":2},"end":{"line":51,"column":47}},"25":{"start":{"line":55,"column":0},"end":{"line":57,"column":3}},"26":{"start":{"line":56,"column":2},"end":{"line":56,"column":60}},"27":{"start":{"line":60,"column":0},"end":{"line":85,"column":3}},"28":{"start":{"line":61,"column":2},"end":{"line":61,"column":23}},"29":{"start":{"line":61,"column":13},"end":{"line":61,"column":23}},"30":{"start":{"line":63,"column":23},"end":{"line":79,"column":3}},"31":{"start":{"line":81,"column":16},"end":{"line":81,"column":34}},"32":{"start":{"line":82,"column":2},"end":{"line":82,"column":54}},"33":{"start":{"line":82,"column":27},"end":{"line":82,"column":54}},"34":{"start":{"line":84,"column":2},"end":{"line":84,"column":54}},"35":{"start":{"line":91,"column":21},"end":{"line":99,"column":3}},"36":{"start":{"line":101,"column":23},"end":{"line":171,"column":3}},"37":{"start":{"line":173,"column":26},"end":{"line":189,"column":3}},"38":{"start":{"line":191,"column":22},"end":{"line":212,"column":3}},"39":{"start":{"line":214,"column":19},"end":{"line":238,"column":3}},"40":{"start":{"line":240,"column":19},"end":{"line":252,"column":3}},"41":{"start":{"line":254,"column":23},"end":{"line":262,"column":3}},"42":{"start":{"line":264,"column":19},"end":{"line":272,"column":3}},"43":{"start":{"line":274,"column":2},"end":{"line":302,"column":3}},"44":{"start":{"line":275,"column":18},"end":{"line":277,"column":19}},"45":{"start":{"line":278,"column":4},"end":{"line":278,"column":25}},"46":{"start":{"line":278,"column":16},"end":{"line":278,"column":25}},"47":{"start":{"line":282,"column":6},"end":{"line":286,"column":18}},"48":{"start":{"line":285,"column":23},"end":{"line":285,"column":67}},"49":{"start":{"line":289,"column":4},"end":{"line":301,"column":49}},"50":{"start":{"line":289,"column":30},"end":{"line":289,"column":48}},"51":{"start":{"line":290,"column":6},"end":{"line":290,"column":45}},"52":{"start":{"line":291,"column":9},"end":{"line":301,"column":49}},"53":{"start":{"line":291,"column":39},"end":{"line":291,"column":57}},"54":{"start":{"line":292,"column":6},"end":{"line":292,"column":50}},"55":{"start":{"line":293,"column":9},"end":{"line":301,"column":49}},"56":{"start":{"line":293,"column":35},"end":{"line":293,"column":53}},"57":{"start":{"line":294,"column":6},"end":{"line":294,"column":55}},"58":{"start":{"line":295,"column":9},"end":{"line":301,"column":49}},"59":{"start":{"line":295,"column":42},"end":{"line":295,"column":60}},"60":{"start":{"line":296,"column":6},"end":{"line":296,"column":52}},"61":{"start":{"line":297,"column":9},"end":{"line":301,"column":49}},"62":{"start":{"line":297,"column":38},"end":{"line":297,"column":56}},"63":{"start":{"line":298,"column":6},"end":{"line":298,"column":50}},"64":{"start":{"line":299,"column":9},"end":{"line":301,"column":49}},"65":{"start":{"line":299,"column":35},"end":{"line":299,"column":53}},"66":{"start":{"line":300,"column":6},"end":{"line":300,"column":46}},"67":{"start":{"line":301,"column":9},"end":{"line":301,"column":49}},"68":{"start":{"line":304,"column":2},"end":{"line":304,"column":20}},"69":{"start":{"line":319,"column":2},"end":{"line":382,"column":3}},"70":{"start":{"line":321,"column":25},"end":{"line":321,"column":71}},"71":{"start":{"line":322,"column":4},"end":{"line":325,"column":5}},"72":{"start":{"line":323,"column":6},"end":{"line":323,"column":64}},"73":{"start":{"line":324,"column":6},"end":{"line":324,"column":65}},"74":{"start":{"line":327,"column":4},"end":{"line":327,"column":54}},"75":{"start":{"line":330,"column":21},"end":{"line":338,"column":5}},"76":{"start":{"line":341,"column":4},"end":{"line":341,"column":65}},"77":{"start":{"line":342,"column":4},"end":{"line":342,"column":66}},"78":{"start":{"line":345,"column":19},"end":{"line":345,"column":56}},"79":{"start":{"line":346,"column":21},"end":{"line":346,"column":47}},"80":{"start":{"line":347,"column":17},"end":{"line":347,"column":35}},"81":{"start":{"line":350,"column":20},"end":{"line":350,"column":57}},"82":{"start":{"line":351,"column":16},"end":{"line":351,"column":78}},"83":{"start":{"line":352,"column":21},"end":{"line":352,"column":51}},"84":{"start":{"line":355,"column":26},"end":{"line":355,"column":63}},"85":{"start":{"line":356,"column":4},"end":{"line":356,"column":46}},"86":{"start":{"line":357,"column":4},"end":{"line":357,"column":60}},"87":{"start":{"line":360,"column":20},"end":{"line":363,"column":6}},"88":{"start":{"line":365,"column":17},"end":{"line":365,"column":40}},"89":{"start":{"line":366,"column":4},"end":{"line":366,"column":67}},"90":{"start":{"line":369,"column":4},"end":{"line":374,"column":7}},"91":{"start":{"line":376,"column":4},"end":{"line":376,"column":26}},"92":{"start":{"line":377,"column":4},"end":{"line":377,"column":63}},"93":{"start":{"line":378,"column":4},"end":{"line":378,"column":22}},"94":{"start":{"line":380,"column":4},"end":{"line":380,"column":58}},"95":{"start":{"line":381,"column":4},"end":{"line":381,"column":14}}},"fnMap":{"0":{"name":"(anonymous_0)","decl":{"start":{"line":19,"column":40},"end":{"line":19,"column":41}},"loc":{"start":{"line":19,"column":56},"end":{"line":27,"column":1}},"line":19},"1":{"name":"(anonymous_1)","decl":{"start":{"line":25,"column":9},"end":{"line":25,"column":10}},"loc":{"start":{"line":25,"column":16},"end":{"line":25,"column":24}},"line":25},"2":{"name":"(anonymous_2)","decl":{"start":{"line":30,"column":40},"end":{"line":30,"column":41}},"loc":{"start":{"line":30,"column":56},"end":{"line":39,"column":1}},"line":30},"3":{"name":"(anonymous_3)","decl":{"start":{"line":42,"column":45},"end":{"line":42,"column":46}},"loc":{"start":{"line":42,"column":76},"end":{"line":47,"column":1}},"line":42},"4":{"name":"(anonymous_4)","decl":{"start":{"line":50,"column":34},"end":{"line":50,"column":35}},"loc":{"start":{"line":50,"column":50},"end":{"line":52,"column":1}},"line":50},"5":{"name":"(anonymous_5)","decl":{"start":{"line":55,"column":38},"end":{"line":55,"column":39}},"loc":{"start":{"line":55,"column":63},"end":{"line":57,"column":1}},"line":55},"6":{"name":"(anonymous_6)","decl":{"start":{"line":60,"column":40},"end":{"line":60,"column":41}},"loc":{"start":{"line":60,"column":56},"end":{"line":85,"column":1}},"line":60},"7":{"name":"categorizeSkills","decl":{"start":{"line":90,"column":9},"end":{"line":90,"column":25}},"loc":{"start":{"line":90,"column":39},"end":{"line":305,"column":1}},"line":90},"8":{"name":"(anonymous_8)","decl":{"start":{"line":285,"column":13},"end":{"line":285,"column":14}},"loc":{"start":{"line":285,"column":23},"end":{"line":285,"column":67}},"line":285},"9":{"name":"(anonymous_9)","decl":{"start":{"line":289,"column":22},"end":{"line":289,"column":23}},"loc":{"start":{"line":289,"column":30},"end":{"line":289,"column":48}},"line":289},"10":{"name":"(anonymous_10)","decl":{"start":{"line":291,"column":31},"end":{"line":291,"column":32}},"loc":{"start":{"line":291,"column":39},"end":{"line":291,"column":57}},"line":291},"11":{"name":"(anonymous_11)","decl":{"start":{"line":293,"column":27},"end":{"line":293,"column":28}},"loc":{"start":{"line":293,"column":35},"end":{"line":293,"column":53}},"line":293},"12":{"name":"(anonymous_12)","decl":{"start":{"line":295,"column":34},"end":{"line":295,"column":35}},"loc":{"start":{"line":295,"column":42},"end":{"line":295,"column":60}},"line":295},"13":{"name":"(anonymous_13)","decl":{"start":{"line":297,"column":30},"end":{"line":297,"column":31}},"loc":{"start":{"line":297,"column":38},"end":{"line":297,"column":56}},"line":297},"14":{"name":"(anonymous_14)","decl":{"start":{"line":299,"column":27},"end":{"line":299,"column":28}},"loc":{"start":{"line":299,"column":35},"end":{"line":299,"column":53}},"line":299},"15":{"name":"renderTemplate","decl":{"start":{"line":318,"column":22},"end":{"line":318,"column":36}},"loc":{"start":{"line":318,"column":69},"end":{"line":383,"column":1}},"line":318}},"branchMap":{"0":{"loc":{"start":{"line":20,"column":2},"end":{"line":20,"column":23}},"type":"if","locations":[{"start":{"line":20,"column":2},"end":{"line":20,"column":23}},{"start":{},"end":{}}],"line":20},"1":{"loc":{"start":{"line":31,"column":2},"end":{"line":31,"column":23}},"type":"if","locations":[{"start":{"line":31,"column":2},"end":{"line":31,"column":23}},{"start":{},"end":{}}],"line":31},"2":{"loc":{"start":{"line":34,"column":4},"end":{"line":34,"column":38}},"type":"if","locations":[{"start":{"line":34,"column":4},"end":{"line":34,"column":38}},{"start":{},"end":{}}],"line":34},"3":{"loc":{"start":{"line":44,"column":2},"end":{"line":44,"column":46}},"type":"if","locations":[{"start":{"line":44,"column":2},"end":{"line":44,"column":46}},{"start":{},"end":{}}],"line":44},"4":{"loc":{"start":{"line":45,"column":17},"end":{"line":45,"column":62}},"type":"cond-expr","locations":[{"start":{"line":45,"column":23},"end":{"line":45,"column":57}},{"start":{"line":45,"column":60},"end":{"line":45,"column":62}}],"line":45},"5":{"loc":{"start":{"line":46,"column":9},"end":{"line":46,"column":54}},"type":"cond-expr","locations":[{"start":{"line":46,"column":18},"end":{"line":46,"column":43}},{"start":{"line":46,"column":46},"end":{"line":46,"column":54}}],"line":46},"6":{"loc":{"start":{"line":51,"column":35},"end":{"line":51,"column":45}},"type":"binary-expr","locations":[{"start":{"line":51,"column":35},"end":{"line":51,"column":39}},{"start":{"line":51,"column":43},"end":{"line":51,"column":45}}],"line":51},"7":{"loc":{"start":{"line":56,"column":9},"end":{"line":56,"column":59}},"type":"cond-expr","locations":[{"start":{"line":56,"column":19},"end":{"line":56,"column":35}},{"start":{"line":56,"column":38},"end":{"line":56,"column":59}}],"line":56},"8":{"loc":{"start":{"line":61,"column":2},"end":{"line":61,"column":23}},"type":"if","locations":[{"start":{"line":61,"column":2},"end":{"line":61,"column":23}},{"start":{},"end":{}}],"line":61},"9":{"loc":{"start":{"line":82,"column":2},"end":{"line":82,"column":54}},"type":"if","locations":[{"start":{"line":82,"column":2},"end":{"line":82,"column":54}},{"start":{},"end":{}}],"line":82},"10":{"loc":{"start":{"line":90,"column":26},"end":{"line":90,"column":37}},"type":"default-arg","locations":[{"start":{"line":90,"column":35},"end":{"line":90,"column":37}}],"line":90},"11":{"loc":{"start":{"line":276,"column":6},"end":{"line":276,"column":80}},"type":"cond-expr","locations":[{"start":{"line":276,"column":39},"end":{"line":276,"column":56}},{"start":{"line":276,"column":59},"end":{"line":276,"column":80}}],"line":276},"12":{"loc":{"start":{"line":276,"column":59},"end":{"line":276,"column":80}},"type":"binary-expr","locations":[{"start":{"line":276,"column":59},"end":{"line":276,"column":74}},{"start":{"line":276,"column":78},"end":{"line":276,"column":80}}],"line":276},"13":{"loc":{"start":{"line":278,"column":4},"end":{"line":278,"column":25}},"type":"if","locations":[{"start":{"line":278,"column":4},"end":{"line":278,"column":25}},{"start":{},"end":{}}],"line":278},"14":{"loc":{"start":{"line":282,"column":6},"end":{"line":286,"column":18}},"type":"binary-expr","locations":[{"start":{"line":282,"column":6},"end":{"line":282,"column":25}},{"start":{"line":283,"column":6},"end":{"line":286,"column":18}}],"line":282},"15":{"loc":{"start":{"line":289,"column":4},"end":{"line":301,"column":49}},"type":"if","locations":[{"start":{"line":289,"column":4},"end":{"line":301,"column":49}},{"start":{"line":291,"column":9},"end":{"line":301,"column":49}}],"line":289},"16":{"loc":{"start":{"line":291,"column":9},"end":{"line":301,"column":49}},"type":"if","locations":[{"start":{"line":291,"column":9},"end":{"line":301,"column":49}},{"start":{"line":293,"column":9},"end":{"line":301,"column":49}}],"line":291},"17":{"loc":{"start":{"line":293,"column":9},"end":{"line":301,"column":49}},"type":"if","locations":[{"start":{"line":293,"column":9},"end":{"line":301,"column":49}},{"start":{"line":295,"column":9},"end":{"line":301,"column":49}}],"line":293},"18":{"loc":{"start":{"line":295,"column":9},"end":{"line":301,"column":49}},"type":"if","locations":[{"start":{"line":295,"column":9},"end":{"line":301,"column":49}},{"start":{"line":297,"column":9},"end":{"line":301,"column":49}}],"line":295},"19":{"loc":{"start":{"line":297,"column":9},"end":{"line":301,"column":49}},"type":"if","locations":[{"start":{"line":297,"column":9},"end":{"line":301,"column":49}},{"start":{"line":299,"column":9},"end":{"line":301,"column":49}}],"line":297},"20":{"loc":{"start":{"line":299,"column":9},"end":{"line":301,"column":49}},"type":"if","locations":[{"start":{"line":299,"column":9},"end":{"line":301,"column":49}},{"start":{"line":301,"column":9},"end":{"line":301,"column":49}}],"line":299},"21":{"loc":{"start":{"line":322,"column":4},"end":{"line":325,"column":5}},"type":"if","locations":[{"start":{"line":322,"column":4},"end":{"line":325,"column":5}},{"start":{},"end":{}}],"line":322},"22":{"loc":{"start":{"line":351,"column":16},"end":{"line":351,"column":78}},"type":"cond-expr","locations":[{"start":{"line":351,"column":41},"end":{"line":351,"column":73}},{"start":{"line":351,"column":76},"end":{"line":351,"column":78}}],"line":351}},"s":{"0":4,"1":4,"2":4,"3":4,"4":0,"5":0,"6":0,"7":0,"8":4,"9":0,"10":0,"11":0,"12":0,"13":0,"14":0,"15":0,"16":0,"17":4,"18":0,"19":0,"20":0,"21":0,"22":0,"23":4,"24":0,"25":4,"26":0,"27":4,"28":0,"29":0,"30":0,"31":0,"32":0,"33":0,"34":0,"35":1,"36":1,"37":1,"38":1,"39":1,"40":1,"41":1,"42":1,"43":1,"44":0,"45":0,"46":0,"47":0,"48":0,"49":0,"50":0,"51":0,"52":0,"53":0,"54":0,"55":0,"56":0,"57":0,"58":0,"59":0,"60":0,"61":0,"62":0,"63":0,"64":0,"65":0,"66":0,"67":0,"68":1,"69":1,"70":1,"71":1,"72":0,"73":0,"74":1,"75":1,"76":1,"77":1,"78":1,"79":1,"80":1,"81":1,"82":1,"83":1,"84":1,"85":1,"86":1,"87":1,"88":1,"89":1,"90":1,"91":0,"92":0,"93":0,"94":0,"95":0},"f":{"0":0,"1":0,"2":0,"3":0,"4":0,"5":0,"6":0,"7":1,"8":0,"9":0,"10":0,"11":0,"12":0,"13":0,"14":0,"15":1},"b":{"0":[0,0],"1":[0,0],"2":[0,0],"3":[0,0],"4":[0,0],"5":[0,0],"6":[0,0],"7":[0,0],"8":[0,0],"9":[0,0],"10":[0],"11":[0,0],"12":[0,0],"13":[0,0],"14":[0,0],"15":[0,0],"16":[0,0],"17":[0,0],"18":[0,0],"19":[0,0],"20":[0,0],"21":[0,1],"22":[1,0]},"inputSourceMap":null,"_coverageSchema":"1a1c01bbd47fc00a2c39e90264f33305004495a9","hash":"9548f7ef1cf808c50961d788fcebce2a011e270c"}
}
