{"C:\\Users\\aditn\\OneDrive\\Desktop\\Aandsz-Forces-ATS-CS490\\backend\\server.js": {"path":"C:\\Users\\aditn\\OneDrive\\Desktop\\Aandsz-Forces-ATS-CS490\\backend\\server.js","statementMap":{"0":{"start":{"line":22,"column":15},"end":{"line":22,"column":61}},"1":{"start":{"line":25,"column":0},"end":{"line":25,"column":16}},"2":{"start":{"line":26,"column":17},"end":{"line":26,"column":20}},"3":{"start":{"line":27,"column":12},"end":{"line":27,"column":21}},"4":{"start":{"line":29,"column":19},"end":{"line":29,"column":49}},"5":{"start":{"line":30,"column":18},"end":{"line":30,"column":42}},"6":{"start":{"line":33,"column":0},"end":{"line":33,"column":70}},"7":{"start":{"line":34,"column":0},"end":{"line":34,"column":24}},"8":{"start":{"line":37,"column":0},"end":{"line":37,"column":69}},"9":{"start":{"line":40,"column":13},"end":{"line":42,"column":2}},"10":{"start":{"line":44,"column":0},"end":{"line":47,"column":72}},"11":{"start":{"line":46,"column":14},"end":{"line":46,"column":54}},"12":{"start":{"line":47,"column":18},"end":{"line":47,"column":70}},"13":{"start":{"line":50,"column":19},"end":{"line":50,"column":67}},"14":{"start":{"line":51,"column":22},"end":{"line":51,"column":61}},"15":{"start":{"line":54,"column":2},"end":{"line":56,"column":5}},"16":{"start":{"line":60,"column":12},"end":{"line":60,"column":37}},"17":{"start":{"line":61,"column":2},"end":{"line":61,"column":65}},"18":{"start":{"line":61,"column":10},"end":{"line":61,"column":65}},"19":{"start":{"line":62,"column":2},"end":{"line":69,"column":3}},"20":{"start":{"line":63,"column":18},"end":{"line":63,"column":33}},"21":{"start":{"line":64,"column":17},"end":{"line":64,"column":46}},"22":{"start":{"line":65,"column":4},"end":{"line":65,"column":25}},"23":{"start":{"line":66,"column":4},"end":{"line":66,"column":11}},"24":{"start":{"line":68,"column":4},"end":{"line":68,"column":59}},"25":{"start":{"line":73,"column":19},"end":{"line":73,"column":28}},"26":{"start":{"line":76,"column":0},"end":{"line":120,"column":3}},"27":{"start":{"line":83,"column":6},"end":{"line":83,"column":14}},"28":{"start":{"line":84,"column":2},"end":{"line":119,"column":3}},"29":{"start":{"line":85,"column":4},"end":{"line":87,"column":5}},"30":{"start":{"line":86,"column":6},"end":{"line":86,"column":69}},"31":{"start":{"line":88,"column":4},"end":{"line":92,"column":5}},"32":{"start":{"line":89,"column":6},"end":{"line":91,"column":9}},"33":{"start":{"line":93,"column":4},"end":{"line":95,"column":5}},"34":{"start":{"line":94,"column":6},"end":{"line":94,"column":71}},"35":{"start":{"line":96,"column":4},"end":{"line":100,"column":5}},"36":{"start":{"line":97,"column":6},"end":{"line":99,"column":61}},"37":{"start":{"line":102,"column":18},"end":{"line":102,"column":37}},"38":{"start":{"line":103,"column":21},"end":{"line":105,"column":6}},"39":{"start":{"line":106,"column":4},"end":{"line":107,"column":69}},"40":{"start":{"line":107,"column":6},"end":{"line":107,"column":69}},"41":{"start":{"line":109,"column":25},"end":{"line":109,"column":56}},"42":{"start":{"line":110,"column":19},"end":{"line":113,"column":5}},"43":{"start":{"line":114,"column":18},"end":{"line":114,"column":68}},"44":{"start":{"line":115,"column":4},"end":{"line":115,"column":66}},"45":{"start":{"line":117,"column":4},"end":{"line":117,"column":23}},"46":{"start":{"line":118,"column":4},"end":{"line":118,"column":59}},"47":{"start":{"line":123,"column":0},"end":{"line":144,"column":3}},"48":{"start":{"line":124,"column":40},"end":{"line":124,"column":48}},"49":{"start":{"line":125,"column":2},"end":{"line":143,"column":3}},"50":{"start":{"line":126,"column":18},"end":{"line":126,"column":37}},"51":{"start":{"line":127,"column":19},"end":{"line":129,"column":6}},"52":{"start":{"line":130,"column":4},"end":{"line":131,"column":74}},"53":{"start":{"line":131,"column":6},"end":{"line":131,"column":74}},"54":{"start":{"line":133,"column":17},"end":{"line":133,"column":31}},"55":{"start":{"line":134,"column":15},"end":{"line":134,"column":71}},"56":{"start":{"line":135,"column":4},"end":{"line":136,"column":74}},"57":{"start":{"line":136,"column":6},"end":{"line":136,"column":74}},"58":{"start":{"line":138,"column":18},"end":{"line":138,"column":63}},"59":{"start":{"line":139,"column":4},"end":{"line":139,"column":53}},"60":{"start":{"line":141,"column":4},"end":{"line":141,"column":23}},"61":{"start":{"line":142,"column":4},"end":{"line":142,"column":59}},"62":{"start":{"line":147,"column":0},"end":{"line":149,"column":3}},"63":{"start":{"line":148,"column":2},"end":{"line":148,"column":45}},"64":{"start":{"line":152,"column":0},"end":{"line":176,"column":3}},"65":{"start":{"line":153,"column":2},"end":{"line":175,"column":3}},"66":{"start":{"line":154,"column":27},"end":{"line":154,"column":35}},"67":{"start":{"line":155,"column":18},"end":{"line":155,"column":37}},"68":{"start":{"line":156,"column":19},"end":{"line":158,"column":6}},"69":{"start":{"line":160,"column":4},"end":{"line":168,"column":5}},"70":{"start":{"line":161,"column":19},"end":{"line":161,"column":73}},"71":{"start":{"line":162,"column":22},"end":{"line":162,"column":49}},"72":{"start":{"line":163,"column":6},"end":{"line":163,"column":47}},"73":{"start":{"line":164,"column":6},"end":{"line":167,"column":9}},"74":{"start":{"line":169,"column":4},"end":{"line":171,"column":7}},"75":{"start":{"line":173,"column":4},"end":{"line":173,"column":23}},"76":{"start":{"line":174,"column":4},"end":{"line":174,"column":59}},"77":{"start":{"line":179,"column":0},"end":{"line":219,"column":3}},"78":{"start":{"line":185,"column":6},"end":{"line":185,"column":14}},"79":{"start":{"line":186,"column":16},"end":{"line":186,"column":35}},"80":{"start":{"line":188,"column":2},"end":{"line":218,"column":3}},"81":{"start":{"line":189,"column":18},"end":{"line":189,"column":39}},"82":{"start":{"line":190,"column":4},"end":{"line":197,"column":5}},"83":{"start":{"line":196,"column":6},"end":{"line":196,"column":72}},"84":{"start":{"line":199,"column":4},"end":{"line":200,"column":71}},"85":{"start":{"line":200,"column":6},"end":{"line":200,"column":71}},"86":{"start":{"line":201,"column":4},"end":{"line":202,"column":62}},"87":{"start":{"line":202,"column":6},"end":{"line":202,"column":62}},"88":{"start":{"line":204,"column":17},"end":{"line":204,"column":51}},"89":{"start":{"line":205,"column":16},"end":{"line":208,"column":5}},"90":{"start":{"line":209,"column":4},"end":{"line":210,"column":63}},"91":{"start":{"line":210,"column":6},"end":{"line":210,"column":63}},"92":{"start":{"line":212,"column":4},"end":{"line":212,"column":29}},"93":{"start":{"line":213,"column":18},"end":{"line":213,"column":65}},"94":{"start":{"line":214,"column":4},"end":{"line":214,"column":53}},"95":{"start":{"line":216,"column":4},"end":{"line":216,"column":23}},"96":{"start":{"line":217,"column":4},"end":{"line":217,"column":52}},"97":{"start":{"line":222,"column":0},"end":{"line":235,"column":3}},"98":{"start":{"line":223,"column":2},"end":{"line":234,"column":3}},"99":{"start":{"line":224,"column":19},"end":{"line":227,"column":5}},"100":{"start":{"line":228,"column":4},"end":{"line":229,"column":58}},"101":{"start":{"line":229,"column":6},"end":{"line":229,"column":58}},"102":{"start":{"line":230,"column":4},"end":{"line":230,"column":39}},"103":{"start":{"line":232,"column":4},"end":{"line":232,"column":23}},"104":{"start":{"line":233,"column":4},"end":{"line":233,"column":52}},"105":{"start":{"line":237,"column":0},"end":{"line":249,"column":3}},"106":{"start":{"line":238,"column":44},"end":{"line":238,"column":52}},"107":{"start":{"line":239,"column":2},"end":{"line":248,"column":3}},"108":{"start":{"line":240,"column":4},"end":{"line":243,"column":6}},"109":{"start":{"line":244,"column":4},"end":{"line":244,"column":37}},"110":{"start":{"line":246,"column":4},"end":{"line":246,"column":23}},"111":{"start":{"line":247,"column":4},"end":{"line":247,"column":52}},"112":{"start":{"line":252,"column":0},"end":{"line":271,"column":3}},"113":{"start":{"line":253,"column":2},"end":{"line":270,"column":3}},"114":{"start":{"line":254,"column":30},"end":{"line":254,"column":38}},"115":{"start":{"line":255,"column":20},"end":{"line":257,"column":6}},"116":{"start":{"line":258,"column":4},"end":{"line":259,"column":58}},"117":{"start":{"line":259,"column":6},"end":{"line":259,"column":58}},"118":{"start":{"line":261,"column":17},"end":{"line":261,"column":32}},"119":{"start":{"line":262,"column":15},"end":{"line":262,"column":71}},"120":{"start":{"line":263,"column":4},"end":{"line":263,"column":72}},"121":{"start":{"line":263,"column":13},"end":{"line":263,"column":72}},"122":{"start":{"line":265,"column":4},"end":{"line":265,"column":68}},"123":{"start":{"line":266,"column":4},"end":{"line":266,"column":45}},"124":{"start":{"line":268,"column":4},"end":{"line":268,"column":23}},"125":{"start":{"line":269,"column":4},"end":{"line":269,"column":52}},"126":{"start":{"line":298,"column":0},"end":{"line":338,"column":3}},"127":{"start":{"line":299,"column":2},"end":{"line":337,"column":3}},"128":{"start":{"line":300,"column":27},"end":{"line":300,"column":35}},"129":{"start":{"line":301,"column":4},"end":{"line":302,"column":74}},"130":{"start":{"line":302,"column":6},"end":{"line":302,"column":74}},"131":{"start":{"line":305,"column":19},"end":{"line":308,"column":6}},"132":{"start":{"line":310,"column":20},"end":{"line":310,"column":39}},"133":{"start":{"line":311,"column":18},"end":{"line":311,"column":45}},"134":{"start":{"line":312,"column":22},"end":{"line":312,"column":52}},"135":{"start":{"line":313,"column":21},"end":{"line":313,"column":50}},"136":{"start":{"line":316,"column":17},"end":{"line":318,"column":6}},"137":{"start":{"line":319,"column":4},"end":{"line":324,"column":5}},"138":{"start":{"line":320,"column":6},"end":{"line":323,"column":8}},"139":{"start":{"line":327,"column":18},"end":{"line":327,"column":61}},"140":{"start":{"line":329,"column":4},"end":{"line":333,"column":7}},"141":{"start":{"line":335,"column":4},"end":{"line":335,"column":46}},"142":{"start":{"line":336,"column":4},"end":{"line":336,"column":72}},"143":{"start":{"line":339,"column":0},"end":{"line":344,"column":1}},"144":{"start":{"line":340,"column":2},"end":{"line":343,"column":5}},"145":{"start":{"line":341,"column":4},"end":{"line":341,"column":25}},"146":{"start":{"line":342,"column":4},"end":{"line":342,"column":11}},"147":{"start":{"line":347,"column":0},"end":{"line":347,"column":31}},"148":{"start":{"line":348,"column":0},"end":{"line":348,"column":30}},"149":{"start":{"line":349,"column":0},"end":{"line":349,"column":34}},"150":{"start":{"line":350,"column":0},"end":{"line":350,"column":33}},"151":{"start":{"line":351,"column":0},"end":{"line":351,"column":33}},"152":{"start":{"line":352,"column":0},"end":{"line":352,"column":32}},"153":{"start":{"line":353,"column":0},"end":{"line":353,"column":31}},"154":{"start":{"line":356,"column":0},"end":{"line":359,"column":3}},"155":{"start":{"line":357,"column":2},"end":{"line":357,"column":27}},"156":{"start":{"line":358,"column":2},"end":{"line":358,"column":58}},"157":{"start":{"line":362,"column":0},"end":{"line":362,"column":52}},"158":{"start":{"line":362,"column":28},"end":{"line":362,"column":50}},"159":{"start":{"line":365,"column":0},"end":{"line":367,"column":1}},"160":{"start":{"line":366,"column":2},"end":{"line":366,"column":69}},"161":{"start":{"line":366,"column":25},"end":{"line":366,"column":67}}},"fnMap":{"0":{"name":"(anonymous_0)","decl":{"start":{"line":46,"column":8},"end":{"line":46,"column":9}},"loc":{"start":{"line":46,"column":14},"end":{"line":46,"column":54}},"line":46},"1":{"name":"(anonymous_1)","decl":{"start":{"line":47,"column":9},"end":{"line":47,"column":10}},"loc":{"start":{"line":47,"column":18},"end":{"line":47,"column":70}},"line":47},"2":{"name":"makeToken","decl":{"start":{"line":53,"column":9},"end":{"line":53,"column":18}},"loc":{"start":{"line":53,"column":25},"end":{"line":57,"column":1}},"line":53},"3":{"name":"auth","decl":{"start":{"line":59,"column":9},"end":{"line":59,"column":13}},"loc":{"start":{"line":59,"column":30},"end":{"line":70,"column":1}},"line":59},"4":{"name":"(anonymous_4)","decl":{"start":{"line":76,"column":22},"end":{"line":76,"column":23}},"loc":{"start":{"line":76,"column":42},"end":{"line":120,"column":1}},"line":76},"5":{"name":"(anonymous_5)","decl":{"start":{"line":123,"column":19},"end":{"line":123,"column":20}},"loc":{"start":{"line":123,"column":39},"end":{"line":144,"column":1}},"line":123},"6":{"name":"(anonymous_6)","decl":{"start":{"line":147,"column":20},"end":{"line":147,"column":21}},"loc":{"start":{"line":147,"column":35},"end":{"line":149,"column":1}},"line":147},"7":{"name":"(anonymous_7)","decl":{"start":{"line":152,"column":20},"end":{"line":152,"column":21}},"loc":{"start":{"line":152,"column":40},"end":{"line":176,"column":1}},"line":152},"8":{"name":"(anonymous_8)","decl":{"start":{"line":179,"column":19},"end":{"line":179,"column":20}},"loc":{"start":{"line":179,"column":39},"end":{"line":219,"column":1}},"line":179},"9":{"name":"(anonymous_9)","decl":{"start":{"line":222,"column":21},"end":{"line":222,"column":22}},"loc":{"start":{"line":222,"column":41},"end":{"line":235,"column":1}},"line":222},"10":{"name":"(anonymous_10)","decl":{"start":{"line":237,"column":21},"end":{"line":237,"column":22}},"loc":{"start":{"line":237,"column":41},"end":{"line":249,"column":1}},"line":237},"11":{"name":"(anonymous_11)","decl":{"start":{"line":252,"column":26},"end":{"line":252,"column":27}},"loc":{"start":{"line":252,"column":46},"end":{"line":271,"column":1}},"line":252},"12":{"name":"(anonymous_12)","decl":{"start":{"line":298,"column":20},"end":{"line":298,"column":21}},"loc":{"start":{"line":298,"column":40},"end":{"line":338,"column":1}},"line":298},"13":{"name":"(anonymous_13)","decl":{"start":{"line":340,"column":10},"end":{"line":340,"column":11}},"loc":{"start":{"line":340,"column":30},"end":{"line":343,"column":3}},"line":340},"14":{"name":"(anonymous_14)","decl":{"start":{"line":356,"column":8},"end":{"line":356,"column":9}},"loc":{"start":{"line":356,"column":33},"end":{"line":359,"column":1}},"line":356},"15":{"name":"(anonymous_15)","decl":{"start":{"line":362,"column":13},"end":{"line":362,"column":14}},"loc":{"start":{"line":362,"column":28},"end":{"line":362,"column":50}},"line":362},"16":{"name":"(anonymous_16)","decl":{"start":{"line":366,"column":19},"end":{"line":366,"column":20}},"loc":{"start":{"line":366,"column":25},"end":{"line":366,"column":67}},"line":366}},"branchMap":{"0":{"loc":{"start":{"line":50,"column":19},"end":{"line":50,"column":67}},"type":"binary-expr","locations":[{"start":{"line":50,"column":19},"end":{"line":50,"column":41}},{"start":{"line":50,"column":45},"end":{"line":50,"column":67}}],"line":50},"1":{"loc":{"start":{"line":61,"column":2},"end":{"line":61,"column":65}},"type":"if","locations":[{"start":{"line":61,"column":2},"end":{"line":61,"column":65}},{"start":{},"end":{}}],"line":61},"2":{"loc":{"start":{"line":78,"column":4},"end":{"line":78,"column":14}},"type":"default-arg","locations":[{"start":{"line":78,"column":12},"end":{"line":78,"column":14}}],"line":78},"3":{"loc":{"start":{"line":79,"column":4},"end":{"line":79,"column":17}},"type":"default-arg","locations":[{"start":{"line":79,"column":15},"end":{"line":79,"column":17}}],"line":79},"4":{"loc":{"start":{"line":80,"column":4},"end":{"line":80,"column":24}},"type":"default-arg","locations":[{"start":{"line":80,"column":22},"end":{"line":80,"column":24}}],"line":80},"5":{"loc":{"start":{"line":81,"column":4},"end":{"line":81,"column":18}},"type":"default-arg","locations":[{"start":{"line":81,"column":16},"end":{"line":81,"column":18}}],"line":81},"6":{"loc":{"start":{"line":82,"column":4},"end":{"line":82,"column":17}},"type":"default-arg","locations":[{"start":{"line":82,"column":15},"end":{"line":82,"column":17}}],"line":82},"7":{"loc":{"start":{"line":85,"column":4},"end":{"line":87,"column":5}},"type":"if","locations":[{"start":{"line":85,"column":4},"end":{"line":87,"column":5}},{"start":{},"end":{}}],"line":85},"8":{"loc":{"start":{"line":85,"column":8},"end":{"line":85,"column":67}},"type":"binary-expr","locations":[{"start":{"line":85,"column":8},"end":{"line":85,"column":28}},{"start":{"line":85,"column":32},"end":{"line":85,"column":67}}],"line":85},"9":{"loc":{"start":{"line":88,"column":4},"end":{"line":92,"column":5}},"type":"if","locations":[{"start":{"line":88,"column":4},"end":{"line":92,"column":5}},{"start":{},"end":{}}],"line":88},"10":{"loc":{"start":{"line":93,"column":4},"end":{"line":95,"column":5}},"type":"if","locations":[{"start":{"line":93,"column":4},"end":{"line":95,"column":5}},{"start":{},"end":{}}],"line":93},"11":{"loc":{"start":{"line":96,"column":4},"end":{"line":100,"column":5}},"type":"if","locations":[{"start":{"line":96,"column":4},"end":{"line":100,"column":5}},{"start":{},"end":{}}],"line":96},"12":{"loc":{"start":{"line":96,"column":8},"end":{"line":96,"column":45}},"type":"binary-expr","locations":[{"start":{"line":96,"column":8},"end":{"line":96,"column":25}},{"start":{"line":96,"column":29},"end":{"line":96,"column":45}}],"line":96},"13":{"loc":{"start":{"line":106,"column":4},"end":{"line":107,"column":69}},"type":"if","locations":[{"start":{"line":106,"column":4},"end":{"line":107,"column":69}},{"start":{},"end":{}}],"line":106},"14":{"loc":{"start":{"line":124,"column":10},"end":{"line":124,"column":20}},"type":"default-arg","locations":[{"start":{"line":124,"column":18},"end":{"line":124,"column":20}}],"line":124},"15":{"loc":{"start":{"line":124,"column":22},"end":{"line":124,"column":35}},"type":"default-arg","locations":[{"start":{"line":124,"column":33},"end":{"line":124,"column":35}}],"line":124},"16":{"loc":{"start":{"line":130,"column":4},"end":{"line":131,"column":74}},"type":"if","locations":[{"start":{"line":130,"column":4},"end":{"line":131,"column":74}},{"start":{},"end":{}}],"line":130},"17":{"loc":{"start":{"line":134,"column":46},"end":{"line":134,"column":70}},"type":"binary-expr","locations":[{"start":{"line":134,"column":46},"end":{"line":134,"column":64}},{"start":{"line":134,"column":68},"end":{"line":134,"column":70}}],"line":134},"18":{"loc":{"start":{"line":135,"column":4},"end":{"line":136,"column":74}},"type":"if","locations":[{"start":{"line":135,"column":4},"end":{"line":136,"column":74}},{"start":{},"end":{}}],"line":135},"19":{"loc":{"start":{"line":154,"column":12},"end":{"line":154,"column":22}},"type":"default-arg","locations":[{"start":{"line":154,"column":20},"end":{"line":154,"column":22}}],"line":154},"20":{"loc":{"start":{"line":160,"column":4},"end":{"line":168,"column":5}},"type":"if","locations":[{"start":{"line":160,"column":4},"end":{"line":168,"column":5}},{"start":{},"end":{}}],"line":160},"21":{"loc":{"start":{"line":181,"column":4},"end":{"line":181,"column":14}},"type":"default-arg","locations":[{"start":{"line":181,"column":12},"end":{"line":181,"column":14}}],"line":181},"22":{"loc":{"start":{"line":182,"column":4},"end":{"line":182,"column":13}},"type":"default-arg","locations":[{"start":{"line":182,"column":11},"end":{"line":182,"column":13}}],"line":182},"23":{"loc":{"start":{"line":183,"column":4},"end":{"line":183,"column":20}},"type":"default-arg","locations":[{"start":{"line":183,"column":18},"end":{"line":183,"column":20}}],"line":183},"24":{"loc":{"start":{"line":184,"column":4},"end":{"line":184,"column":24}},"type":"default-arg","locations":[{"start":{"line":184,"column":22},"end":{"line":184,"column":24}}],"line":184},"25":{"loc":{"start":{"line":190,"column":4},"end":{"line":197,"column":5}},"type":"if","locations":[{"start":{"line":190,"column":4},"end":{"line":197,"column":5}},{"start":{},"end":{}}],"line":190},"26":{"loc":{"start":{"line":191,"column":6},"end":{"line":194,"column":40}},"type":"binary-expr","locations":[{"start":{"line":191,"column":6},"end":{"line":191,"column":12}},{"start":{"line":192,"column":6},"end":{"line":192,"column":17}},{"start":{"line":193,"column":6},"end":{"line":193,"column":32}},{"start":{"line":194,"column":6},"end":{"line":194,"column":40}}],"line":191},"27":{"loc":{"start":{"line":199,"column":4},"end":{"line":200,"column":71}},"type":"if","locations":[{"start":{"line":199,"column":4},"end":{"line":200,"column":71}},{"start":{},"end":{}}],"line":199},"28":{"loc":{"start":{"line":201,"column":4},"end":{"line":202,"column":62}},"type":"if","locations":[{"start":{"line":201,"column":4},"end":{"line":202,"column":62}},{"start":{},"end":{}}],"line":201},"29":{"loc":{"start":{"line":209,"column":4},"end":{"line":210,"column":63}},"type":"if","locations":[{"start":{"line":209,"column":4},"end":{"line":210,"column":63}},{"start":{},"end":{}}],"line":209},"30":{"loc":{"start":{"line":228,"column":4},"end":{"line":229,"column":58}},"type":"if","locations":[{"start":{"line":228,"column":4},"end":{"line":229,"column":58}},{"start":{},"end":{}}],"line":228},"31":{"loc":{"start":{"line":238,"column":10},"end":{"line":238,"column":24}},"type":"default-arg","locations":[{"start":{"line":238,"column":22},"end":{"line":238,"column":24}}],"line":238},"32":{"loc":{"start":{"line":238,"column":26},"end":{"line":238,"column":39}},"type":"default-arg","locations":[{"start":{"line":238,"column":37},"end":{"line":238,"column":39}}],"line":238},"33":{"loc":{"start":{"line":254,"column":12},"end":{"line":254,"column":25}},"type":"default-arg","locations":[{"start":{"line":254,"column":23},"end":{"line":254,"column":25}}],"line":254},"34":{"loc":{"start":{"line":258,"column":4},"end":{"line":259,"column":58}},"type":"if","locations":[{"start":{"line":258,"column":4},"end":{"line":259,"column":58}},{"start":{},"end":{}}],"line":258},"35":{"loc":{"start":{"line":262,"column":46},"end":{"line":262,"column":70}},"type":"binary-expr","locations":[{"start":{"line":262,"column":46},"end":{"line":262,"column":64}},{"start":{"line":262,"column":68},"end":{"line":262,"column":70}}],"line":262},"36":{"loc":{"start":{"line":263,"column":4},"end":{"line":263,"column":72}},"type":"if","locations":[{"start":{"line":263,"column":4},"end":{"line":263,"column":72}},{"start":{},"end":{}}],"line":263},"37":{"loc":{"start":{"line":301,"column":4},"end":{"line":302,"column":74}},"type":"if","locations":[{"start":{"line":301,"column":4},"end":{"line":302,"column":74}},{"start":{},"end":{}}],"line":301},"38":{"loc":{"start":{"line":312,"column":22},"end":{"line":312,"column":52}},"type":"binary-expr","locations":[{"start":{"line":312,"column":22},"end":{"line":312,"column":40}},{"start":{"line":312,"column":44},"end":{"line":312,"column":52}}],"line":312},"39":{"loc":{"start":{"line":313,"column":21},"end":{"line":313,"column":50}},"type":"binary-expr","locations":[{"start":{"line":313,"column":21},"end":{"line":313,"column":40}},{"start":{"line":313,"column":44},"end":{"line":313,"column":50}}],"line":313},"40":{"loc":{"start":{"line":319,"column":4},"end":{"line":324,"column":5}},"type":"if","locations":[{"start":{"line":319,"column":4},"end":{"line":324,"column":5}},{"start":{},"end":{}}],"line":319},"41":{"loc":{"start":{"line":339,"column":0},"end":{"line":344,"column":1}},"type":"if","locations":[{"start":{"line":339,"column":0},"end":{"line":344,"column":1}},{"start":{},"end":{}}],"line":339},"42":{"loc":{"start":{"line":365,"column":0},"end":{"line":367,"column":1}},"type":"if","locations":[{"start":{"line":365,"column":0},"end":{"line":367,"column":1}},{"start":{},"end":{}}],"line":365}},"s":{"0":8,"1":8,"2":8,"3":8,"4":8,"5":8,"6":8,"7":8,"8":8,"9":8,"10":8,"11":8,"12":0,"13":8,"14":8,"15":2,"16":5,"17":5,"18":1,"19":4,"20":4,"21":4,"22":4,"23":4,"24":0,"25":8,"26":8,"27":4,"28":4,"29":4,"30":1,"31":3,"32":1,"33":2,"34":0,"35":2,"36":0,"37":2,"38":2,"39":2,"40":1,"41":1,"42":1,"43":1,"44":1,"45":0,"46":0,"47":8,"48":3,"49":3,"50":3,"51":3,"52":3,"53":1,"54":2,"55":2,"56":2,"57":1,"58":1,"59":1,"60":0,"61":0,"62":8,"63":1,"64":8,"65":0,"66":0,"67":0,"68":0,"69":0,"70":0,"71":0,"72":0,"73":0,"74":0,"75":0,"76":0,"77":8,"78":0,"79":0,"80":0,"81":0,"82":0,"83":0,"84":0,"85":0,"86":0,"87":0,"88":0,"89":0,"90":0,"91":0,"92":0,"93":0,"94":0,"95":0,"96":0,"97":8,"98":1,"99":1,"100":1,"101":0,"102":1,"103":0,"104":0,"105":8,"106":1,"107":1,"108":1,"109":1,"110":0,"111":0,"112":8,"113":2,"114":2,"115":2,"116":2,"117":0,"118":2,"119":2,"120":2,"121":1,"122":1,"123":1,"124":0,"125":0,"126":8,"127":1,"128":1,"129":1,"130":0,"131":1,"132":0,"133":0,"134":0,"135":0,"136":0,"137":0,"138":0,"139":0,"140":0,"141":1,"142":1,"143":8,"144":8,"145":55,"146":55,"147":8,"148":8,"149":8,"150":8,"151":8,"152":8,"153":8,"154":8,"155":0,"156":0,"157":8,"158":0,"159":8,"160":0,"161":0},"f":{"0":8,"1":0,"2":2,"3":5,"4":4,"5":3,"6":1,"7":0,"8":0,"9":1,"10":1,"11":2,"12":1,"13":55,"14":0,"15":0,"16":0},"b":{"0":[8,0],"1":[1,4],"2":[1],"3":[1],"4":[1],"5":[2],"6":[2],"7":[1,3],"8":[4,3],"9":[1,2],"10":[0,2],"11":[0,2],"12":[2,2],"13":[1,1],"14":[0],"15":[0],"16":[1,2],"17":[2,0],"18":[1,1],"19":[0],"20":[0,0],"21":[0],"22":[0],"23":[0],"24":[0],"25":[0,0],"26":[0,0,0,0],"27":[0,0],"28":[0,0],"29":[0,0],"30":[0,1],"31":[0],"32":[0],"33":[0],"34":[0,2],"35":[2,0],"36":[1,1],"37":[0,1],"38":[0,0],"39":[0,0],"40":[0,0],"41":[8,0],"42":[0,8]},"inputSourceMap":null,"_coverageSchema":"1a1c01bbd47fc00a2c39e90264f33305004495a9","hash":"4114de30d70f117944a54c9d07f1dac61516f6e0"}
,"C:\\Users\\aditn\\OneDrive\\Desktop\\Aandsz-Forces-ATS-CS490\\backend\\routes\\certification.js": {"path":"C:\\Users\\aditn\\OneDrive\\Desktop\\Aandsz-Forces-ATS-CS490\\backend\\routes\\certification.js","statementMap":{"0":{"start":{"line":6,"column":0},"end":{"line":6,"column":16}},"1":{"start":{"line":7,"column":17},"end":{"line":7,"column":20}},"2":{"start":{"line":8,"column":15},"end":{"line":8,"column":31}},"3":{"start":{"line":9,"column":13},"end":{"line":9,"column":69}},"4":{"start":{"line":10,"column":19},"end":{"line":10,"column":57}},"5":{"start":{"line":14,"column":17},"end":{"line":14,"column":42}},"6":{"start":{"line":15,"column":2},"end":{"line":15,"column":75}},"7":{"start":{"line":15,"column":15},"end":{"line":15,"column":75}},"8":{"start":{"line":17,"column":2},"end":{"line":24,"column":3}},"9":{"start":{"line":18,"column":18},"end":{"line":18,"column":38}},"10":{"start":{"line":19,"column":20},"end":{"line":19,"column":49}},"11":{"start":{"line":20,"column":4},"end":{"line":20,"column":28}},"12":{"start":{"line":21,"column":4},"end":{"line":21,"column":11}},"13":{"start":{"line":23,"column":4},"end":{"line":23,"column":71}},"14":{"start":{"line":28,"column":0},"end":{"line":82,"column":3}},"15":{"start":{"line":29,"column":2},"end":{"line":81,"column":3}},"16":{"start":{"line":41,"column":8},"end":{"line":41,"column":16}},"17":{"start":{"line":43,"column":4},"end":{"line":47,"column":5}},"18":{"start":{"line":44,"column":6},"end":{"line":46,"column":77}},"19":{"start":{"line":49,"column":27},"end":{"line":49,"column":46}},"20":{"start":{"line":50,"column":27},"end":{"line":50,"column":75}},"21":{"start":{"line":52,"column":6},"end":{"line":54,"column":14}},"22":{"start":{"line":56,"column":21},"end":{"line":75,"column":5}},"23":{"start":{"line":77,"column":4},"end":{"line":77,"column":73}},"24":{"start":{"line":79,"column":4},"end":{"line":79,"column":49}},"25":{"start":{"line":80,"column":4},"end":{"line":80,"column":81}},"26":{"start":{"line":85,"column":0},"end":{"line":96,"column":3}},"27":{"start":{"line":86,"column":2},"end":{"line":95,"column":3}},"28":{"start":{"line":87,"column":21},"end":{"line":90,"column":5}},"29":{"start":{"line":91,"column":4},"end":{"line":91,"column":39}},"30":{"start":{"line":93,"column":4},"end":{"line":93,"column":54}},"31":{"start":{"line":94,"column":4},"end":{"line":94,"column":69}},"32":{"start":{"line":99,"column":0},"end":{"line":153,"column":3}},"33":{"start":{"line":100,"column":17},"end":{"line":111,"column":3}},"34":{"start":{"line":113,"column":18},"end":{"line":113,"column":20}},"35":{"start":{"line":114,"column":17},"end":{"line":114,"column":19}},"36":{"start":{"line":115,"column":10},"end":{"line":115,"column":11}},"37":{"start":{"line":117,"column":2},"end":{"line":131,"column":3}},"38":{"start":{"line":118,"column":4},"end":{"line":130,"column":5}},"39":{"start":{"line":119,"column":18},"end":{"line":119,"column":33}},"40":{"start":{"line":122,"column":6},"end":{"line":126,"column":7}},"41":{"start":{"line":125,"column":8},"end":{"line":125,"column":60}},"42":{"start":{"line":128,"column":6},"end":{"line":128,"column":39}},"43":{"start":{"line":129,"column":6},"end":{"line":129,"column":25}},"44":{"start":{"line":133,"column":2},"end":{"line":134,"column":66}},"45":{"start":{"line":134,"column":4},"end":{"line":134,"column":66}},"46":{"start":{"line":136,"column":2},"end":{"line":136,"column":41}},"47":{"start":{"line":138,"column":16},"end":{"line":143,"column":3}},"48":{"start":{"line":145,"column":2},"end":{"line":152,"column":3}},"49":{"start":{"line":146,"column":21},"end":{"line":146,"column":52}},"50":{"start":{"line":147,"column":4},"end":{"line":147,"column":88}},"51":{"start":{"line":147,"column":22},"end":{"line":147,"column":88}},"52":{"start":{"line":148,"column":4},"end":{"line":148,"column":75}},"53":{"start":{"line":150,"column":4},"end":{"line":150,"column":54}},"54":{"start":{"line":151,"column":4},"end":{"line":151,"column":53}},"55":{"start":{"line":156,"column":0},"end":{"line":169,"column":3}},"56":{"start":{"line":157,"column":2},"end":{"line":168,"column":3}},"57":{"start":{"line":158,"column":19},"end":{"line":161,"column":5}},"58":{"start":{"line":162,"column":4},"end":{"line":163,"column":72}},"59":{"start":{"line":163,"column":6},"end":{"line":163,"column":72}},"60":{"start":{"line":164,"column":4},"end":{"line":164,"column":64}},"61":{"start":{"line":166,"column":4},"end":{"line":166,"column":54}},"62":{"start":{"line":167,"column":4},"end":{"line":167,"column":53}}},"fnMap":{"0":{"name":"auth","decl":{"start":{"line":13,"column":9},"end":{"line":13,"column":13}},"loc":{"start":{"line":13,"column":30},"end":{"line":25,"column":1}},"line":13},"1":{"name":"(anonymous_1)","decl":{"start":{"line":28,"column":37},"end":{"line":28,"column":38}},"loc":{"start":{"line":28,"column":57},"end":{"line":82,"column":1}},"line":28},"2":{"name":"(anonymous_2)","decl":{"start":{"line":85,"column":36},"end":{"line":85,"column":37}},"loc":{"start":{"line":85,"column":56},"end":{"line":96,"column":1}},"line":85},"3":{"name":"(anonymous_3)","decl":{"start":{"line":99,"column":40},"end":{"line":99,"column":41}},"loc":{"start":{"line":99,"column":60},"end":{"line":153,"column":1}},"line":99},"4":{"name":"(anonymous_4)","decl":{"start":{"line":156,"column":43},"end":{"line":156,"column":44}},"loc":{"start":{"line":156,"column":63},"end":{"line":169,"column":1}},"line":156}},"branchMap":{"0":{"loc":{"start":{"line":10,"column":19},"end":{"line":10,"column":57}},"type":"binary-expr","locations":[{"start":{"line":10,"column":19},"end":{"line":10,"column":41}},{"start":{"line":10,"column":45},"end":{"line":10,"column":57}}],"line":10},"1":{"loc":{"start":{"line":15,"column":2},"end":{"line":15,"column":75}},"type":"if","locations":[{"start":{"line":15,"column":2},"end":{"line":15,"column":75}},{"start":{},"end":{}}],"line":15},"2":{"loc":{"start":{"line":43,"column":4},"end":{"line":47,"column":5}},"type":"if","locations":[{"start":{"line":43,"column":4},"end":{"line":47,"column":5}},{"start":{},"end":{}}],"line":43},"3":{"loc":{"start":{"line":43,"column":8},"end":{"line":43,"column":30}},"type":"binary-expr","locations":[{"start":{"line":43,"column":8},"end":{"line":43,"column":13}},{"start":{"line":43,"column":17},"end":{"line":43,"column":30}}],"line":43},"4":{"loc":{"start":{"line":49,"column":27},"end":{"line":49,"column":46}},"type":"binary-expr","locations":[{"start":{"line":49,"column":27},"end":{"line":49,"column":38}},{"start":{"line":49,"column":42},"end":{"line":49,"column":46}}],"line":49},"5":{"loc":{"start":{"line":50,"column":27},"end":{"line":50,"column":75}},"type":"cond-expr","locations":[{"start":{"line":50,"column":45},"end":{"line":50,"column":49}},{"start":{"line":50,"column":52},"end":{"line":50,"column":75}}],"line":50},"6":{"loc":{"start":{"line":50,"column":52},"end":{"line":50,"column":75}},"type":"binary-expr","locations":[{"start":{"line":50,"column":52},"end":{"line":50,"column":67}},{"start":{"line":50,"column":71},"end":{"line":50,"column":75}}],"line":50},"7":{"loc":{"start":{"line":52,"column":6},"end":{"line":54,"column":14}},"type":"cond-expr","locations":[{"start":{"line":53,"column":10},"end":{"line":53,"column":26}},{"start":{"line":54,"column":10},"end":{"line":54,"column":14}}],"line":52},"8":{"loc":{"start":{"line":52,"column":6},"end":{"line":52,"column":56}},"type":"binary-expr","locations":[{"start":{"line":52,"column":6},"end":{"line":52,"column":22}},{"start":{"line":52,"column":26},"end":{"line":52,"column":56}}],"line":52},"9":{"loc":{"start":{"line":66,"column":8},"end":{"line":66,"column":24}},"type":"binary-expr","locations":[{"start":{"line":66,"column":8},"end":{"line":66,"column":16}},{"start":{"line":66,"column":20},"end":{"line":66,"column":24}}],"line":66},"10":{"loc":{"start":{"line":67,"column":8},"end":{"line":67,"column":27}},"type":"binary-expr","locations":[{"start":{"line":67,"column":8},"end":{"line":67,"column":19}},{"start":{"line":67,"column":23},"end":{"line":67,"column":27}}],"line":67},"11":{"loc":{"start":{"line":70,"column":8},"end":{"line":70,"column":32}},"type":"binary-expr","locations":[{"start":{"line":70,"column":8},"end":{"line":70,"column":23}},{"start":{"line":70,"column":27},"end":{"line":70,"column":32}}],"line":70},"12":{"loc":{"start":{"line":71,"column":8},"end":{"line":71,"column":28}},"type":"binary-expr","locations":[{"start":{"line":71,"column":8},"end":{"line":71,"column":20}},{"start":{"line":71,"column":24},"end":{"line":71,"column":28}}],"line":71},"13":{"loc":{"start":{"line":73,"column":8},"end":{"line":73,"column":25}},"type":"binary-expr","locations":[{"start":{"line":73,"column":8},"end":{"line":73,"column":16}},{"start":{"line":73,"column":20},"end":{"line":73,"column":25}}],"line":73},"14":{"loc":{"start":{"line":118,"column":4},"end":{"line":130,"column":5}},"type":"if","locations":[{"start":{"line":118,"column":4},"end":{"line":130,"column":5}},{"start":{},"end":{}}],"line":118},"15":{"loc":{"start":{"line":122,"column":6},"end":{"line":126,"column":7}},"type":"if","locations":[{"start":{"line":122,"column":6},"end":{"line":126,"column":7}},{"start":{},"end":{}}],"line":122},"16":{"loc":{"start":{"line":125,"column":16},"end":{"line":125,"column":59}},"type":"cond-expr","locations":[{"start":{"line":125,"column":47},"end":{"line":125,"column":52}},{"start":{"line":125,"column":55},"end":{"line":125,"column":59}}],"line":125},"17":{"loc":{"start":{"line":125,"column":16},"end":{"line":125,"column":44}},"type":"binary-expr","locations":[{"start":{"line":125,"column":16},"end":{"line":125,"column":21}},{"start":{"line":125,"column":25},"end":{"line":125,"column":44}}],"line":125},"18":{"loc":{"start":{"line":133,"column":2},"end":{"line":134,"column":66}},"type":"if","locations":[{"start":{"line":133,"column":2},"end":{"line":134,"column":66}},{"start":{},"end":{}}],"line":133},"19":{"loc":{"start":{"line":147,"column":4},"end":{"line":147,"column":88}},"type":"if","locations":[{"start":{"line":147,"column":4},"end":{"line":147,"column":88}},{"start":{},"end":{}}],"line":147},"20":{"loc":{"start":{"line":162,"column":4},"end":{"line":163,"column":72}},"type":"if","locations":[{"start":{"line":162,"column":4},"end":{"line":163,"column":72}},{"start":{},"end":{}}],"line":162}},"s":{"0":8,"1":8,"2":8,"3":8,"4":8,"5":7,"6":7,"7":0,"8":7,"9":7,"10":7,"11":7,"12":0,"13":7,"14":8,"15":0,"16":0,"17":0,"18":0,"19":0,"20":0,"21":0,"22":0,"23":0,"24":0,"25":0,"26":8,"27":0,"28":0,"29":0,"30":0,"31":0,"32":8,"33":0,"34":0,"35":0,"36":0,"37":0,"38":0,"39":0,"40":0,"41":0,"42":0,"43":0,"44":0,"45":0,"46":0,"47":0,"48":0,"49":0,"50":0,"51":0,"52":0,"53":0,"54":0,"55":8,"56":0,"57":0,"58":0,"59":0,"60":0,"61":0,"62":0},"f":{"0":7,"1":0,"2":0,"3":0,"4":0},"b":{"0":[8,0],"1":[0,7],"2":[0,0],"3":[0,0],"4":[0,0],"5":[0,0],"6":[0,0],"7":[0,0],"8":[0,0],"9":[0,0],"10":[0,0],"11":[0,0],"12":[0,0],"13":[0,0],"14":[0,0],"15":[0,0],"16":[0,0],"17":[0,0],"18":[0,0],"19":[0,0],"20":[0,0]},"inputSourceMap":null,"_coverageSchema":"1a1c01bbd47fc00a2c39e90264f33305004495a9","hash":"aced1cc6ff0420db0f924521f295142db76d2391"}
,"C:\\Users\\aditn\\OneDrive\\Desktop\\Aandsz-Forces-ATS-CS490\\backend\\routes\\education.js": {"path":"C:\\Users\\aditn\\OneDrive\\Desktop\\Aandsz-Forces-ATS-CS490\\backend\\routes\\education.js","statementMap":{"0":{"start":{"line":6,"column":0},"end":{"line":6,"column":16}},"1":{"start":{"line":7,"column":17},"end":{"line":7,"column":20}},"2":{"start":{"line":8,"column":15},"end":{"line":8,"column":31}},"3":{"start":{"line":10,"column":13},"end":{"line":10,"column":69}},"4":{"start":{"line":11,"column":19},"end":{"line":11,"column":57}},"5":{"start":{"line":15,"column":17},"end":{"line":15,"column":42}},"6":{"start":{"line":16,"column":2},"end":{"line":16,"column":66}},"7":{"start":{"line":16,"column":15},"end":{"line":16,"column":66}},"8":{"start":{"line":17,"column":2},"end":{"line":24,"column":3}},"9":{"start":{"line":18,"column":18},"end":{"line":18,"column":38}},"10":{"start":{"line":19,"column":20},"end":{"line":19,"column":49}},"11":{"start":{"line":20,"column":4},"end":{"line":20,"column":28}},"12":{"start":{"line":21,"column":4},"end":{"line":21,"column":11}},"13":{"start":{"line":23,"column":4},"end":{"line":23,"column":60}},"14":{"start":{"line":28,"column":0},"end":{"line":70,"column":3}},"15":{"start":{"line":39,"column":6},"end":{"line":39,"column":14}},"16":{"start":{"line":41,"column":2},"end":{"line":42,"column":70}},"17":{"start":{"line":42,"column":4},"end":{"line":42,"column":70}},"18":{"start":{"line":44,"column":2},"end":{"line":69,"column":3}},"19":{"start":{"line":45,"column":21},"end":{"line":64,"column":5}},"20":{"start":{"line":65,"column":4},"end":{"line":65,"column":78}},"21":{"start":{"line":67,"column":4},"end":{"line":67,"column":47}},"22":{"start":{"line":68,"column":4},"end":{"line":68,"column":77}},"23":{"start":{"line":73,"column":0},"end":{"line":84,"column":3}},"24":{"start":{"line":74,"column":2},"end":{"line":83,"column":3}},"25":{"start":{"line":75,"column":21},"end":{"line":78,"column":5}},"26":{"start":{"line":79,"column":4},"end":{"line":79,"column":34}},"27":{"start":{"line":81,"column":4},"end":{"line":81,"column":49}},"28":{"start":{"line":82,"column":4},"end":{"line":82,"column":79}},"29":{"start":{"line":87,"column":0},"end":{"line":129,"column":3}},"30":{"start":{"line":98,"column":6},"end":{"line":98,"column":14}},"31":{"start":{"line":100,"column":2},"end":{"line":128,"column":3}},"32":{"start":{"line":101,"column":21},"end":{"line":121,"column":5}},"33":{"start":{"line":123,"column":4},"end":{"line":123,"column":84}},"34":{"start":{"line":123,"column":22},"end":{"line":123,"column":84}},"35":{"start":{"line":124,"column":4},"end":{"line":124,"column":80}},"36":{"start":{"line":126,"column":4},"end":{"line":126,"column":50}},"37":{"start":{"line":127,"column":4},"end":{"line":127,"column":79}},"38":{"start":{"line":132,"column":0},"end":{"line":145,"column":3}},"39":{"start":{"line":133,"column":2},"end":{"line":144,"column":3}},"40":{"start":{"line":134,"column":19},"end":{"line":137,"column":5}},"41":{"start":{"line":138,"column":4},"end":{"line":139,"column":68}},"42":{"start":{"line":139,"column":6},"end":{"line":139,"column":68}},"43":{"start":{"line":140,"column":4},"end":{"line":140,"column":60}},"44":{"start":{"line":142,"column":4},"end":{"line":142,"column":50}},"45":{"start":{"line":143,"column":4},"end":{"line":143,"column":79}}},"fnMap":{"0":{"name":"auth","decl":{"start":{"line":14,"column":9},"end":{"line":14,"column":13}},"loc":{"start":{"line":14,"column":30},"end":{"line":25,"column":1}},"line":14},"1":{"name":"(anonymous_1)","decl":{"start":{"line":28,"column":32},"end":{"line":28,"column":33}},"loc":{"start":{"line":28,"column":52},"end":{"line":70,"column":1}},"line":28},"2":{"name":"(anonymous_2)","decl":{"start":{"line":73,"column":31},"end":{"line":73,"column":32}},"loc":{"start":{"line":73,"column":51},"end":{"line":84,"column":1}},"line":73},"3":{"name":"(anonymous_3)","decl":{"start":{"line":87,"column":35},"end":{"line":87,"column":36}},"loc":{"start":{"line":87,"column":55},"end":{"line":129,"column":1}},"line":87},"4":{"name":"(anonymous_4)","decl":{"start":{"line":132,"column":38},"end":{"line":132,"column":39}},"loc":{"start":{"line":132,"column":58},"end":{"line":145,"column":1}},"line":132}},"branchMap":{"0":{"loc":{"start":{"line":11,"column":19},"end":{"line":11,"column":57}},"type":"binary-expr","locations":[{"start":{"line":11,"column":19},"end":{"line":11,"column":41}},{"start":{"line":11,"column":45},"end":{"line":11,"column":57}}],"line":11},"1":{"loc":{"start":{"line":16,"column":2},"end":{"line":16,"column":66}},"type":"if","locations":[{"start":{"line":16,"column":2},"end":{"line":16,"column":66}},{"start":{},"end":{}}],"line":16},"2":{"loc":{"start":{"line":41,"column":2},"end":{"line":42,"column":70}},"type":"if","locations":[{"start":{"line":41,"column":2},"end":{"line":42,"column":70}},{"start":{},"end":{}}],"line":41},"3":{"loc":{"start":{"line":41,"column":6},"end":{"line":41,"column":53}},"type":"binary-expr","locations":[{"start":{"line":41,"column":6},"end":{"line":41,"column":18}},{"start":{"line":41,"column":22},"end":{"line":41,"column":34}},{"start":{"line":41,"column":38},"end":{"line":41,"column":53}}],"line":41},"4":{"loc":{"start":{"line":57,"column":8},"end":{"line":57,"column":31}},"type":"binary-expr","locations":[{"start":{"line":57,"column":8},"end":{"line":57,"column":23}},{"start":{"line":57,"column":27},"end":{"line":57,"column":31}}],"line":57},"5":{"loc":{"start":{"line":58,"column":8},"end":{"line":58,"column":35}},"type":"binary-expr","locations":[{"start":{"line":58,"column":8},"end":{"line":58,"column":26}},{"start":{"line":58,"column":30},"end":{"line":58,"column":35}}],"line":58},"6":{"loc":{"start":{"line":59,"column":8},"end":{"line":59,"column":29}},"type":"binary-expr","locations":[{"start":{"line":59,"column":8},"end":{"line":59,"column":23}},{"start":{"line":59,"column":27},"end":{"line":59,"column":29}}],"line":59},"7":{"loc":{"start":{"line":60,"column":8},"end":{"line":60,"column":19}},"type":"binary-expr","locations":[{"start":{"line":60,"column":8},"end":{"line":60,"column":11}},{"start":{"line":60,"column":15},"end":{"line":60,"column":19}}],"line":60},"8":{"loc":{"start":{"line":61,"column":8},"end":{"line":61,"column":28}},"type":"binary-expr","locations":[{"start":{"line":61,"column":8},"end":{"line":61,"column":19}},{"start":{"line":61,"column":23},"end":{"line":61,"column":28}}],"line":61},"9":{"loc":{"start":{"line":62,"column":8},"end":{"line":62,"column":20}},"type":"binary-expr","locations":[{"start":{"line":62,"column":8},"end":{"line":62,"column":14}},{"start":{"line":62,"column":18},"end":{"line":62,"column":20}}],"line":62},"10":{"loc":{"start":{"line":112,"column":8},"end":{"line":112,"column":31}},"type":"binary-expr","locations":[{"start":{"line":112,"column":8},"end":{"line":112,"column":23}},{"start":{"line":112,"column":27},"end":{"line":112,"column":31}}],"line":112},"11":{"loc":{"start":{"line":113,"column":8},"end":{"line":113,"column":35}},"type":"binary-expr","locations":[{"start":{"line":113,"column":8},"end":{"line":113,"column":26}},{"start":{"line":113,"column":30},"end":{"line":113,"column":35}}],"line":113},"12":{"loc":{"start":{"line":114,"column":8},"end":{"line":114,"column":29}},"type":"binary-expr","locations":[{"start":{"line":114,"column":8},"end":{"line":114,"column":23}},{"start":{"line":114,"column":27},"end":{"line":114,"column":29}}],"line":114},"13":{"loc":{"start":{"line":115,"column":8},"end":{"line":115,"column":19}},"type":"binary-expr","locations":[{"start":{"line":115,"column":8},"end":{"line":115,"column":11}},{"start":{"line":115,"column":15},"end":{"line":115,"column":19}}],"line":115},"14":{"loc":{"start":{"line":116,"column":8},"end":{"line":116,"column":28}},"type":"binary-expr","locations":[{"start":{"line":116,"column":8},"end":{"line":116,"column":19}},{"start":{"line":116,"column":23},"end":{"line":116,"column":28}}],"line":116},"15":{"loc":{"start":{"line":117,"column":8},"end":{"line":117,"column":20}},"type":"binary-expr","locations":[{"start":{"line":117,"column":8},"end":{"line":117,"column":14}},{"start":{"line":117,"column":18},"end":{"line":117,"column":20}}],"line":117},"16":{"loc":{"start":{"line":123,"column":4},"end":{"line":123,"column":84}},"type":"if","locations":[{"start":{"line":123,"column":4},"end":{"line":123,"column":84}},{"start":{},"end":{}}],"line":123},"17":{"loc":{"start":{"line":138,"column":4},"end":{"line":139,"column":68}},"type":"if","locations":[{"start":{"line":138,"column":4},"end":{"line":139,"column":68}},{"start":{},"end":{}}],"line":138}},"s":{"0":8,"1":8,"2":8,"3":8,"4":8,"5":7,"6":7,"7":0,"8":7,"9":7,"10":7,"11":7,"12":0,"13":7,"14":8,"15":0,"16":0,"17":0,"18":0,"19":0,"20":0,"21":0,"22":0,"23":8,"24":0,"25":0,"26":0,"27":0,"28":0,"29":8,"30":0,"31":0,"32":0,"33":0,"34":0,"35":0,"36":0,"37":0,"38":8,"39":0,"40":0,"41":0,"42":0,"43":0,"44":0,"45":0},"f":{"0":7,"1":0,"2":0,"3":0,"4":0},"b":{"0":[8,0],"1":[0,7],"2":[0,0],"3":[0,0,0],"4":[0,0],"5":[0,0],"6":[0,0],"7":[0,0],"8":[0,0],"9":[0,0],"10":[0,0],"11":[0,0],"12":[0,0],"13":[0,0],"14":[0,0],"15":[0,0],"16":[0,0],"17":[0,0]},"inputSourceMap":null,"_coverageSchema":"1a1c01bbd47fc00a2c39e90264f33305004495a9","hash":"6175ee7887bf231429613600512a02a9652e2662"}
,"C:\\Users\\aditn\\OneDrive\\Desktop\\Aandsz-Forces-ATS-CS490\\backend\\routes\\employment.js": {"path":"C:\\Users\\aditn\\OneDrive\\Desktop\\Aandsz-Forces-ATS-CS490\\backend\\routes\\employment.js","statementMap":{"0":{"start":{"line":6,"column":0},"end":{"line":6,"column":16}},"1":{"start":{"line":7,"column":17},"end":{"line":7,"column":20}},"2":{"start":{"line":8,"column":15},"end":{"line":8,"column":31}},"3":{"start":{"line":10,"column":13},"end":{"line":12,"column":2}},"4":{"start":{"line":14,"column":19},"end":{"line":14,"column":67}},"5":{"start":{"line":18,"column":17},"end":{"line":18,"column":42}},"6":{"start":{"line":19,"column":2},"end":{"line":19,"column":75}},"7":{"start":{"line":19,"column":15},"end":{"line":19,"column":75}},"8":{"start":{"line":20,"column":2},"end":{"line":28,"column":3}},"9":{"start":{"line":21,"column":18},"end":{"line":21,"column":38}},"10":{"start":{"line":22,"column":20},"end":{"line":22,"column":49}},"11":{"start":{"line":23,"column":4},"end":{"line":23,"column":28}},"12":{"start":{"line":24,"column":4},"end":{"line":24,"column":11}},"13":{"start":{"line":26,"column":4},"end":{"line":26,"column":38}},"14":{"start":{"line":27,"column":4},"end":{"line":27,"column":60}},"15":{"start":{"line":34,"column":0},"end":{"line":84,"column":3}},"16":{"start":{"line":43,"column":6},"end":{"line":43,"column":14}},"17":{"start":{"line":45,"column":2},"end":{"line":49,"column":3}},"18":{"start":{"line":46,"column":4},"end":{"line":48,"column":7}},"19":{"start":{"line":51,"column":2},"end":{"line":55,"column":3}},"20":{"start":{"line":52,"column":4},"end":{"line":54,"column":61}},"21":{"start":{"line":57,"column":2},"end":{"line":83,"column":3}},"22":{"start":{"line":58,"column":18},"end":{"line":63,"column":5}},"23":{"start":{"line":64,"column":19},"end":{"line":73,"column":5}},"24":{"start":{"line":75,"column":19},"end":{"line":75,"column":50}},"25":{"start":{"line":76,"column":4},"end":{"line":79,"column":7}},"26":{"start":{"line":81,"column":4},"end":{"line":81,"column":53}},"27":{"start":{"line":82,"column":4},"end":{"line":82,"column":78}},"28":{"start":{"line":89,"column":0},"end":{"line":105,"column":3}},"29":{"start":{"line":90,"column":2},"end":{"line":104,"column":3}},"30":{"start":{"line":91,"column":19},"end":{"line":99,"column":5}},"31":{"start":{"line":100,"column":4},"end":{"line":100,"column":42}},"32":{"start":{"line":102,"column":4},"end":{"line":102,"column":52}},"33":{"start":{"line":103,"column":4},"end":{"line":103,"column":80}},"34":{"start":{"line":110,"column":0},"end":{"line":160,"column":3}},"35":{"start":{"line":119,"column":6},"end":{"line":119,"column":14}},"36":{"start":{"line":121,"column":2},"end":{"line":125,"column":3}},"37":{"start":{"line":122,"column":4},"end":{"line":124,"column":71}},"38":{"start":{"line":127,"column":2},"end":{"line":159,"column":3}},"39":{"start":{"line":128,"column":19},"end":{"line":147,"column":5}},"40":{"start":{"line":149,"column":4},"end":{"line":150,"column":69}},"41":{"start":{"line":150,"column":6},"end":{"line":150,"column":69}},"42":{"start":{"line":152,"column":4},"end":{"line":155,"column":7}},"43":{"start":{"line":157,"column":4},"end":{"line":157,"column":53}},"44":{"start":{"line":158,"column":4},"end":{"line":158,"column":80}},"45":{"start":{"line":165,"column":0},"end":{"line":184,"column":3}},"46":{"start":{"line":166,"column":2},"end":{"line":183,"column":3}},"47":{"start":{"line":167,"column":19},"end":{"line":174,"column":5}},"48":{"start":{"line":176,"column":4},"end":{"line":177,"column":69}},"49":{"start":{"line":177,"column":6},"end":{"line":177,"column":69}},"50":{"start":{"line":179,"column":4},"end":{"line":179,"column":67}},"51":{"start":{"line":181,"column":4},"end":{"line":181,"column":53}},"52":{"start":{"line":182,"column":4},"end":{"line":182,"column":80}}},"fnMap":{"0":{"name":"auth","decl":{"start":{"line":17,"column":9},"end":{"line":17,"column":13}},"loc":{"start":{"line":17,"column":30},"end":{"line":29,"column":1}},"line":17},"1":{"name":"(anonymous_1)","decl":{"start":{"line":34,"column":33},"end":{"line":34,"column":34}},"loc":{"start":{"line":34,"column":53},"end":{"line":84,"column":1}},"line":34},"2":{"name":"(anonymous_2)","decl":{"start":{"line":89,"column":32},"end":{"line":89,"column":33}},"loc":{"start":{"line":89,"column":52},"end":{"line":105,"column":1}},"line":89},"3":{"name":"(anonymous_3)","decl":{"start":{"line":110,"column":36},"end":{"line":110,"column":37}},"loc":{"start":{"line":110,"column":56},"end":{"line":160,"column":1}},"line":110},"4":{"name":"(anonymous_4)","decl":{"start":{"line":165,"column":39},"end":{"line":165,"column":40}},"loc":{"start":{"line":165,"column":59},"end":{"line":184,"column":1}},"line":165}},"branchMap":{"0":{"loc":{"start":{"line":14,"column":19},"end":{"line":14,"column":67}},"type":"binary-expr","locations":[{"start":{"line":14,"column":19},"end":{"line":14,"column":41}},{"start":{"line":14,"column":45},"end":{"line":14,"column":67}}],"line":14},"1":{"loc":{"start":{"line":19,"column":2},"end":{"line":19,"column":75}},"type":"if","locations":[{"start":{"line":19,"column":2},"end":{"line":19,"column":75}},{"start":{},"end":{}}],"line":19},"2":{"loc":{"start":{"line":45,"column":2},"end":{"line":49,"column":3}},"type":"if","locations":[{"start":{"line":45,"column":2},"end":{"line":49,"column":3}},{"start":{},"end":{}}],"line":45},"3":{"loc":{"start":{"line":45,"column":6},"end":{"line":45,"column":39}},"type":"binary-expr","locations":[{"start":{"line":45,"column":6},"end":{"line":45,"column":12}},{"start":{"line":45,"column":16},"end":{"line":45,"column":24}},{"start":{"line":45,"column":28},"end":{"line":45,"column":39}}],"line":45},"4":{"loc":{"start":{"line":51,"column":2},"end":{"line":55,"column":3}},"type":"if","locations":[{"start":{"line":51,"column":2},"end":{"line":55,"column":3}},{"start":{},"end":{}}],"line":51},"5":{"loc":{"start":{"line":51,"column":6},"end":{"line":51,"column":71}},"type":"binary-expr","locations":[{"start":{"line":51,"column":6},"end":{"line":51,"column":14}},{"start":{"line":51,"column":18},"end":{"line":51,"column":26}},{"start":{"line":51,"column":30},"end":{"line":51,"column":71}}],"line":51},"6":{"loc":{"start":{"line":70,"column":6},"end":{"line":70,"column":22}},"type":"binary-expr","locations":[{"start":{"line":70,"column":6},"end":{"line":70,"column":14}},{"start":{"line":70,"column":18},"end":{"line":70,"column":22}}],"line":70},"7":{"loc":{"start":{"line":71,"column":6},"end":{"line":71,"column":22}},"type":"binary-expr","locations":[{"start":{"line":71,"column":6},"end":{"line":71,"column":13}},{"start":{"line":71,"column":17},"end":{"line":71,"column":22}}],"line":71},"8":{"loc":{"start":{"line":72,"column":6},"end":{"line":72,"column":23}},"type":"binary-expr","locations":[{"start":{"line":72,"column":6},"end":{"line":72,"column":17}},{"start":{"line":72,"column":21},"end":{"line":72,"column":23}}],"line":72},"9":{"loc":{"start":{"line":121,"column":2},"end":{"line":125,"column":3}},"type":"if","locations":[{"start":{"line":121,"column":2},"end":{"line":125,"column":3}},{"start":{},"end":{}}],"line":121},"10":{"loc":{"start":{"line":121,"column":6},"end":{"line":121,"column":39}},"type":"binary-expr","locations":[{"start":{"line":121,"column":6},"end":{"line":121,"column":12}},{"start":{"line":121,"column":16},"end":{"line":121,"column":24}},{"start":{"line":121,"column":28},"end":{"line":121,"column":39}}],"line":121},"11":{"loc":{"start":{"line":141,"column":8},"end":{"line":141,"column":24}},"type":"binary-expr","locations":[{"start":{"line":141,"column":8},"end":{"line":141,"column":16}},{"start":{"line":141,"column":20},"end":{"line":141,"column":24}}],"line":141},"12":{"loc":{"start":{"line":142,"column":8},"end":{"line":142,"column":24}},"type":"binary-expr","locations":[{"start":{"line":142,"column":8},"end":{"line":142,"column":15}},{"start":{"line":142,"column":19},"end":{"line":142,"column":24}}],"line":142},"13":{"loc":{"start":{"line":143,"column":8},"end":{"line":143,"column":25}},"type":"binary-expr","locations":[{"start":{"line":143,"column":8},"end":{"line":143,"column":19}},{"start":{"line":143,"column":23},"end":{"line":143,"column":25}}],"line":143},"14":{"loc":{"start":{"line":149,"column":4},"end":{"line":150,"column":69}},"type":"if","locations":[{"start":{"line":149,"column":4},"end":{"line":150,"column":69}},{"start":{},"end":{}}],"line":149},"15":{"loc":{"start":{"line":176,"column":4},"end":{"line":177,"column":69}},"type":"if","locations":[{"start":{"line":176,"column":4},"end":{"line":177,"column":69}},{"start":{},"end":{}}],"line":176}},"s":{"0":8,"1":8,"2":8,"3":8,"4":8,"5":7,"6":7,"7":0,"8":7,"9":7,"10":7,"11":7,"12":0,"13":7,"14":7,"15":8,"16":0,"17":0,"18":0,"19":0,"20":0,"21":0,"22":0,"23":0,"24":0,"25":0,"26":0,"27":0,"28":8,"29":0,"30":0,"31":0,"32":0,"33":0,"34":8,"35":0,"36":0,"37":0,"38":0,"39":0,"40":0,"41":0,"42":0,"43":0,"44":0,"45":8,"46":0,"47":0,"48":0,"49":0,"50":0,"51":0,"52":0},"f":{"0":7,"1":0,"2":0,"3":0,"4":0},"b":{"0":[8,0],"1":[0,7],"2":[0,0],"3":[0,0,0],"4":[0,0],"5":[0,0,0],"6":[0,0],"7":[0,0],"8":[0,0],"9":[0,0],"10":[0,0,0],"11":[0,0],"12":[0,0],"13":[0,0],"14":[0,0],"15":[0,0]},"inputSourceMap":null,"_coverageSchema":"1a1c01bbd47fc00a2c39e90264f33305004495a9","hash":"2937af0007825960f6525263b7e59ccf584b2dfe"}
,"C:\\Users\\aditn\\OneDrive\\Desktop\\Aandsz-Forces-ATS-CS490\\backend\\routes\\profile.js": {"path":"C:\\Users\\aditn\\OneDrive\\Desktop\\Aandsz-Forces-ATS-CS490\\backend\\routes\\profile.js","statementMap":{"0":{"start":{"line":6,"column":0},"end":{"line":6,"column":16}},"1":{"start":{"line":7,"column":17},"end":{"line":7,"column":20}},"2":{"start":{"line":9,"column":15},"end":{"line":9,"column":31}},"3":{"start":{"line":12,"column":13},"end":{"line":14,"column":2}},"4":{"start":{"line":16,"column":19},"end":{"line":16,"column":67}},"5":{"start":{"line":20,"column":17},"end":{"line":20,"column":42}},"6":{"start":{"line":21,"column":2},"end":{"line":21,"column":70}},"7":{"start":{"line":21,"column":15},"end":{"line":21,"column":70}},"8":{"start":{"line":22,"column":2},"end":{"line":29,"column":3}},"9":{"start":{"line":23,"column":18},"end":{"line":23,"column":38}},"10":{"start":{"line":24,"column":20},"end":{"line":24,"column":49}},"11":{"start":{"line":25,"column":4},"end":{"line":25,"column":28}},"12":{"start":{"line":26,"column":4},"end":{"line":26,"column":11}},"13":{"start":{"line":28,"column":4},"end":{"line":28,"column":53}},"14":{"start":{"line":33,"column":0},"end":{"line":55,"column":3}},"15":{"start":{"line":34,"column":82},"end":{"line":34,"column":90}},"16":{"start":{"line":35,"column":2},"end":{"line":54,"column":3}},"17":{"start":{"line":36,"column":21},"end":{"line":36,"column":95}},"18":{"start":{"line":37,"column":4},"end":{"line":49,"column":5}},"19":{"start":{"line":38,"column":6},"end":{"line":42,"column":8}},"20":{"start":{"line":44,"column":6},"end":{"line":48,"column":8}},"21":{"start":{"line":50,"column":4},"end":{"line":50,"column":56}},"22":{"start":{"line":52,"column":4},"end":{"line":52,"column":48}},"23":{"start":{"line":53,"column":4},"end":{"line":53,"column":54}},"24":{"start":{"line":58,"column":0},"end":{"line":72,"column":3}},"25":{"start":{"line":59,"column":2},"end":{"line":71,"column":3}},"26":{"start":{"line":60,"column":19},"end":{"line":64,"column":5}},"27":{"start":{"line":66,"column":20},"end":{"line":66,"column":40}},"28":{"start":{"line":67,"column":4},"end":{"line":67,"column":26}},"29":{"start":{"line":69,"column":4},"end":{"line":69,"column":49}},"30":{"start":{"line":70,"column":4},"end":{"line":70,"column":54}},"31":{"start":{"line":75,"column":0},"end":{"line":97,"column":3}},"32":{"start":{"line":76,"column":18},"end":{"line":76,"column":26}},"33":{"start":{"line":77,"column":2},"end":{"line":96,"column":3}},"34":{"start":{"line":79,"column":20},"end":{"line":79,"column":49}},"35":{"start":{"line":82,"column":18},"end":{"line":82,"column":92}},"36":{"start":{"line":83,"column":4},"end":{"line":90,"column":5}},"37":{"start":{"line":84,"column":6},"end":{"line":87,"column":9}},"38":{"start":{"line":89,"column":6},"end":{"line":89,"column":101}},"39":{"start":{"line":92,"column":4},"end":{"line":92,"column":88}},"40":{"start":{"line":94,"column":4},"end":{"line":94,"column":60}},"41":{"start":{"line":95,"column":4},"end":{"line":95,"column":75}}},"fnMap":{"0":{"name":"auth","decl":{"start":{"line":19,"column":9},"end":{"line":19,"column":13}},"loc":{"start":{"line":19,"column":30},"end":{"line":30,"column":1}},"line":19},"1":{"name":"(anonymous_1)","decl":{"start":{"line":33,"column":30},"end":{"line":33,"column":31}},"loc":{"start":{"line":33,"column":50},"end":{"line":55,"column":1}},"line":33},"2":{"name":"(anonymous_2)","decl":{"start":{"line":58,"column":29},"end":{"line":58,"column":30}},"loc":{"start":{"line":58,"column":49},"end":{"line":72,"column":1}},"line":58},"3":{"name":"(anonymous_3)","decl":{"start":{"line":75,"column":38},"end":{"line":75,"column":39}},"loc":{"start":{"line":75,"column":58},"end":{"line":97,"column":1}},"line":75}},"branchMap":{"0":{"loc":{"start":{"line":16,"column":19},"end":{"line":16,"column":67}},"type":"binary-expr","locations":[{"start":{"line":16,"column":19},"end":{"line":16,"column":41}},{"start":{"line":16,"column":45},"end":{"line":16,"column":67}}],"line":16},"1":{"loc":{"start":{"line":21,"column":2},"end":{"line":21,"column":70}},"type":"if","locations":[{"start":{"line":21,"column":2},"end":{"line":21,"column":70}},{"start":{},"end":{}}],"line":21},"2":{"loc":{"start":{"line":37,"column":4},"end":{"line":49,"column":5}},"type":"if","locations":[{"start":{"line":37,"column":4},"end":{"line":49,"column":5}},{"start":{"line":43,"column":11},"end":{"line":49,"column":5}}],"line":37},"3":{"loc":{"start":{"line":66,"column":20},"end":{"line":66,"column":40}},"type":"binary-expr","locations":[{"start":{"line":66,"column":20},"end":{"line":66,"column":34}},{"start":{"line":66,"column":38},"end":{"line":66,"column":40}}],"line":66},"4":{"loc":{"start":{"line":83,"column":4},"end":{"line":90,"column":5}},"type":"if","locations":[{"start":{"line":83,"column":4},"end":{"line":90,"column":5}},{"start":{"line":88,"column":11},"end":{"line":90,"column":5}}],"line":83}},"s":{"0":8,"1":8,"2":8,"3":8,"4":8,"5":3,"6":3,"7":1,"8":2,"9":2,"10":2,"11":2,"12":0,"13":2,"14":8,"15":0,"16":0,"17":0,"18":0,"19":0,"20":0,"21":0,"22":0,"23":0,"24":8,"25":0,"26":0,"27":0,"28":0,"29":0,"30":0,"31":8,"32":0,"33":0,"34":0,"35":0,"36":0,"37":0,"38":0,"39":0,"40":0,"41":0},"f":{"0":3,"1":0,"2":0,"3":0},"b":{"0":[8,0],"1":[1,2],"2":[0,0],"3":[0,0],"4":[0,0]},"inputSourceMap":null,"_coverageSchema":"1a1c01bbd47fc00a2c39e90264f33305004495a9","hash":"2c1c8d64be580bec481a3c685d03dde08475bf74"}
,"C:\\Users\\aditn\\OneDrive\\Desktop\\Aandsz-Forces-ATS-CS490\\backend\\routes\\projects.js": {"path":"C:\\Users\\aditn\\OneDrive\\Desktop\\Aandsz-Forces-ATS-CS490\\backend\\routes\\projects.js","statementMap":{"0":{"start":{"line":6,"column":0},"end":{"line":6,"column":16}},"1":{"start":{"line":7,"column":17},"end":{"line":7,"column":20}},"2":{"start":{"line":8,"column":15},"end":{"line":8,"column":31}},"3":{"start":{"line":10,"column":13},"end":{"line":12,"column":2}},"4":{"start":{"line":14,"column":19},"end":{"line":14,"column":67}},"5":{"start":{"line":18,"column":17},"end":{"line":18,"column":42}},"6":{"start":{"line":19,"column":2},"end":{"line":19,"column":75}},"7":{"start":{"line":19,"column":15},"end":{"line":19,"column":75}},"8":{"start":{"line":20,"column":2},"end":{"line":28,"column":3}},"9":{"start":{"line":21,"column":18},"end":{"line":21,"column":38}},"10":{"start":{"line":22,"column":20},"end":{"line":22,"column":49}},"11":{"start":{"line":23,"column":4},"end":{"line":23,"column":28}},"12":{"start":{"line":24,"column":4},"end":{"line":24,"column":11}},"13":{"start":{"line":26,"column":4},"end":{"line":26,"column":38}},"14":{"start":{"line":27,"column":4},"end":{"line":27,"column":60}},"15":{"start":{"line":34,"column":0},"end":{"line":97,"column":3}},"16":{"start":{"line":50,"column":6},"end":{"line":50,"column":14}},"17":{"start":{"line":52,"column":2},"end":{"line":56,"column":3}},"18":{"start":{"line":53,"column":4},"end":{"line":55,"column":7}},"19":{"start":{"line":58,"column":2},"end":{"line":96,"column":3}},"20":{"start":{"line":59,"column":18},"end":{"line":67,"column":5}},"21":{"start":{"line":69,"column":19},"end":{"line":85,"column":5}},"22":{"start":{"line":76,"column":54},"end":{"line":76,"column":62}},"23":{"start":{"line":87,"column":19},"end":{"line":87,"column":50}},"24":{"start":{"line":89,"column":4},"end":{"line":92,"column":7}},"25":{"start":{"line":94,"column":4},"end":{"line":94,"column":50}},"26":{"start":{"line":95,"column":4},"end":{"line":95,"column":75}},"27":{"start":{"line":102,"column":0},"end":{"line":116,"column":3}},"28":{"start":{"line":103,"column":2},"end":{"line":115,"column":3}},"29":{"start":{"line":104,"column":18},"end":{"line":109,"column":5}},"30":{"start":{"line":110,"column":19},"end":{"line":110,"column":56}},"31":{"start":{"line":111,"column":4},"end":{"line":111,"column":40}},"32":{"start":{"line":113,"column":4},"end":{"line":113,"column":49}},"33":{"start":{"line":114,"column":4},"end":{"line":114,"column":78}},"34":{"start":{"line":121,"column":0},"end":{"line":186,"column":3}},"35":{"start":{"line":137,"column":6},"end":{"line":137,"column":14}},"36":{"start":{"line":139,"column":2},"end":{"line":143,"column":3}},"37":{"start":{"line":140,"column":4},"end":{"line":142,"column":88}},"38":{"start":{"line":145,"column":2},"end":{"line":185,"column":3}},"39":{"start":{"line":146,"column":19},"end":{"line":173,"column":5}},"40":{"start":{"line":161,"column":56},"end":{"line":161,"column":64}},"41":{"start":{"line":175,"column":4},"end":{"line":176,"column":66}},"42":{"start":{"line":176,"column":6},"end":{"line":176,"column":66}},"43":{"start":{"line":178,"column":4},"end":{"line":181,"column":7}},"44":{"start":{"line":183,"column":4},"end":{"line":183,"column":50}},"45":{"start":{"line":184,"column":4},"end":{"line":184,"column":77}},"46":{"start":{"line":191,"column":0},"end":{"line":210,"column":3}},"47":{"start":{"line":192,"column":2},"end":{"line":209,"column":3}},"48":{"start":{"line":193,"column":19},"end":{"line":200,"column":5}},"49":{"start":{"line":202,"column":4},"end":{"line":203,"column":66}},"50":{"start":{"line":203,"column":6},"end":{"line":203,"column":66}},"51":{"start":{"line":205,"column":4},"end":{"line":205,"column":66}},"52":{"start":{"line":207,"column":4},"end":{"line":207,"column":50}},"53":{"start":{"line":208,"column":4},"end":{"line":208,"column":77}}},"fnMap":{"0":{"name":"auth","decl":{"start":{"line":17,"column":9},"end":{"line":17,"column":13}},"loc":{"start":{"line":17,"column":30},"end":{"line":29,"column":1}},"line":17},"1":{"name":"(anonymous_1)","decl":{"start":{"line":34,"column":31},"end":{"line":34,"column":32}},"loc":{"start":{"line":34,"column":51},"end":{"line":97,"column":1}},"line":34},"2":{"name":"(anonymous_2)","decl":{"start":{"line":76,"column":49},"end":{"line":76,"column":50}},"loc":{"start":{"line":76,"column":54},"end":{"line":76,"column":62}},"line":76},"3":{"name":"(anonymous_3)","decl":{"start":{"line":102,"column":30},"end":{"line":102,"column":31}},"loc":{"start":{"line":102,"column":50},"end":{"line":116,"column":1}},"line":102},"4":{"name":"(anonymous_4)","decl":{"start":{"line":121,"column":34},"end":{"line":121,"column":35}},"loc":{"start":{"line":121,"column":54},"end":{"line":186,"column":1}},"line":121},"5":{"name":"(anonymous_5)","decl":{"start":{"line":161,"column":51},"end":{"line":161,"column":52}},"loc":{"start":{"line":161,"column":56},"end":{"line":161,"column":64}},"line":161},"6":{"name":"(anonymous_6)","decl":{"start":{"line":191,"column":37},"end":{"line":191,"column":38}},"loc":{"start":{"line":191,"column":57},"end":{"line":210,"column":1}},"line":191}},"branchMap":{"0":{"loc":{"start":{"line":14,"column":19},"end":{"line":14,"column":67}},"type":"binary-expr","locations":[{"start":{"line":14,"column":19},"end":{"line":14,"column":41}},{"start":{"line":14,"column":45},"end":{"line":14,"column":67}}],"line":14},"1":{"loc":{"start":{"line":19,"column":2},"end":{"line":19,"column":75}},"type":"if","locations":[{"start":{"line":19,"column":2},"end":{"line":19,"column":75}},{"start":{},"end":{}}],"line":19},"2":{"loc":{"start":{"line":52,"column":2},"end":{"line":56,"column":3}},"type":"if","locations":[{"start":{"line":52,"column":2},"end":{"line":56,"column":3}},{"start":{},"end":{}}],"line":52},"3":{"loc":{"start":{"line":52,"column":6},"end":{"line":52,"column":51}},"type":"binary-expr","locations":[{"start":{"line":52,"column":6},"end":{"line":52,"column":11}},{"start":{"line":52,"column":15},"end":{"line":52,"column":27}},{"start":{"line":52,"column":31},"end":{"line":52,"column":36}},{"start":{"line":52,"column":40},"end":{"line":52,"column":51}}],"line":52},"4":{"loc":{"start":{"line":75,"column":6},"end":{"line":75,"column":22}},"type":"binary-expr","locations":[{"start":{"line":75,"column":6},"end":{"line":75,"column":14}},{"start":{"line":75,"column":18},"end":{"line":75,"column":22}}],"line":75},"5":{"loc":{"start":{"line":76,"column":6},"end":{"line":76,"column":68}},"type":"cond-expr","locations":[{"start":{"line":76,"column":21},"end":{"line":76,"column":63}},{"start":{"line":76,"column":66},"end":{"line":76,"column":68}}],"line":76},"6":{"loc":{"start":{"line":77,"column":6},"end":{"line":77,"column":29}},"type":"binary-expr","locations":[{"start":{"line":77,"column":6},"end":{"line":77,"column":21}},{"start":{"line":77,"column":25},"end":{"line":77,"column":29}}],"line":77},"7":{"loc":{"start":{"line":78,"column":6},"end":{"line":78,"column":23}},"type":"binary-expr","locations":[{"start":{"line":78,"column":6},"end":{"line":78,"column":15}},{"start":{"line":78,"column":19},"end":{"line":78,"column":23}}],"line":78},"8":{"loc":{"start":{"line":79,"column":6},"end":{"line":79,"column":33}},"type":"binary-expr","locations":[{"start":{"line":79,"column":6},"end":{"line":79,"column":27}},{"start":{"line":79,"column":31},"end":{"line":79,"column":33}}],"line":79},"9":{"loc":{"start":{"line":80,"column":6},"end":{"line":80,"column":20}},"type":"binary-expr","locations":[{"start":{"line":80,"column":6},"end":{"line":80,"column":14}},{"start":{"line":80,"column":18},"end":{"line":80,"column":20}}],"line":80},"10":{"loc":{"start":{"line":81,"column":6},"end":{"line":81,"column":20}},"type":"binary-expr","locations":[{"start":{"line":81,"column":6},"end":{"line":81,"column":14}},{"start":{"line":81,"column":18},"end":{"line":81,"column":20}}],"line":81},"11":{"loc":{"start":{"line":82,"column":6},"end":{"line":82,"column":24}},"type":"binary-expr","locations":[{"start":{"line":82,"column":6},"end":{"line":82,"column":18}},{"start":{"line":82,"column":22},"end":{"line":82,"column":24}}],"line":82},"12":{"loc":{"start":{"line":83,"column":6},"end":{"line":83,"column":21}},"type":"binary-expr","locations":[{"start":{"line":83,"column":6},"end":{"line":83,"column":15}},{"start":{"line":83,"column":19},"end":{"line":83,"column":21}}],"line":83},"13":{"loc":{"start":{"line":84,"column":6},"end":{"line":84,"column":25}},"type":"binary-expr","locations":[{"start":{"line":84,"column":6},"end":{"line":84,"column":12}},{"start":{"line":84,"column":16},"end":{"line":84,"column":25}}],"line":84},"14":{"loc":{"start":{"line":139,"column":2},"end":{"line":143,"column":3}},"type":"if","locations":[{"start":{"line":139,"column":2},"end":{"line":143,"column":3}},{"start":{},"end":{}}],"line":139},"15":{"loc":{"start":{"line":139,"column":6},"end":{"line":139,"column":51}},"type":"binary-expr","locations":[{"start":{"line":139,"column":6},"end":{"line":139,"column":11}},{"start":{"line":139,"column":15},"end":{"line":139,"column":27}},{"start":{"line":139,"column":31},"end":{"line":139,"column":36}},{"start":{"line":139,"column":40},"end":{"line":139,"column":51}}],"line":139},"16":{"loc":{"start":{"line":160,"column":8},"end":{"line":160,"column":24}},"type":"binary-expr","locations":[{"start":{"line":160,"column":8},"end":{"line":160,"column":16}},{"start":{"line":160,"column":20},"end":{"line":160,"column":24}}],"line":160},"17":{"loc":{"start":{"line":161,"column":8},"end":{"line":161,"column":70}},"type":"cond-expr","locations":[{"start":{"line":161,"column":23},"end":{"line":161,"column":65}},{"start":{"line":161,"column":68},"end":{"line":161,"column":70}}],"line":161},"18":{"loc":{"start":{"line":162,"column":8},"end":{"line":162,"column":31}},"type":"binary-expr","locations":[{"start":{"line":162,"column":8},"end":{"line":162,"column":23}},{"start":{"line":162,"column":27},"end":{"line":162,"column":31}}],"line":162},"19":{"loc":{"start":{"line":163,"column":8},"end":{"line":163,"column":25}},"type":"binary-expr","locations":[{"start":{"line":163,"column":8},"end":{"line":163,"column":17}},{"start":{"line":163,"column":21},"end":{"line":163,"column":25}}],"line":163},"20":{"loc":{"start":{"line":164,"column":8},"end":{"line":164,"column":35}},"type":"binary-expr","locations":[{"start":{"line":164,"column":8},"end":{"line":164,"column":29}},{"start":{"line":164,"column":33},"end":{"line":164,"column":35}}],"line":164},"21":{"loc":{"start":{"line":165,"column":8},"end":{"line":165,"column":22}},"type":"binary-expr","locations":[{"start":{"line":165,"column":8},"end":{"line":165,"column":16}},{"start":{"line":165,"column":20},"end":{"line":165,"column":22}}],"line":165},"22":{"loc":{"start":{"line":166,"column":8},"end":{"line":166,"column":22}},"type":"binary-expr","locations":[{"start":{"line":166,"column":8},"end":{"line":166,"column":16}},{"start":{"line":166,"column":20},"end":{"line":166,"column":22}}],"line":166},"23":{"loc":{"start":{"line":167,"column":8},"end":{"line":167,"column":26}},"type":"binary-expr","locations":[{"start":{"line":167,"column":8},"end":{"line":167,"column":20}},{"start":{"line":167,"column":24},"end":{"line":167,"column":26}}],"line":167},"24":{"loc":{"start":{"line":168,"column":8},"end":{"line":168,"column":23}},"type":"binary-expr","locations":[{"start":{"line":168,"column":8},"end":{"line":168,"column":17}},{"start":{"line":168,"column":21},"end":{"line":168,"column":23}}],"line":168},"25":{"loc":{"start":{"line":169,"column":8},"end":{"line":169,"column":27}},"type":"binary-expr","locations":[{"start":{"line":169,"column":8},"end":{"line":169,"column":14}},{"start":{"line":169,"column":18},"end":{"line":169,"column":27}}],"line":169},"26":{"loc":{"start":{"line":175,"column":4},"end":{"line":176,"column":66}},"type":"if","locations":[{"start":{"line":175,"column":4},"end":{"line":176,"column":66}},{"start":{},"end":{}}],"line":175},"27":{"loc":{"start":{"line":202,"column":4},"end":{"line":203,"column":66}},"type":"if","locations":[{"start":{"line":202,"column":4},"end":{"line":203,"column":66}},{"start":{},"end":{}}],"line":202}},"s":{"0":8,"1":8,"2":8,"3":8,"4":8,"5":7,"6":7,"7":0,"8":7,"9":7,"10":7,"11":7,"12":0,"13":7,"14":7,"15":8,"16":0,"17":0,"18":0,"19":0,"20":0,"21":0,"22":0,"23":0,"24":0,"25":0,"26":0,"27":8,"28":0,"29":0,"30":0,"31":0,"32":0,"33":0,"34":8,"35":0,"36":0,"37":0,"38":0,"39":0,"40":0,"41":0,"42":0,"43":0,"44":0,"45":0,"46":8,"47":0,"48":0,"49":0,"50":0,"51":0,"52":0,"53":0},"f":{"0":7,"1":0,"2":0,"3":0,"4":0,"5":0,"6":0},"b":{"0":[8,0],"1":[0,7],"2":[0,0],"3":[0,0,0,0],"4":[0,0],"5":[0,0],"6":[0,0],"7":[0,0],"8":[0,0],"9":[0,0],"10":[0,0],"11":[0,0],"12":[0,0],"13":[0,0],"14":[0,0],"15":[0,0,0,0],"16":[0,0],"17":[0,0],"18":[0,0],"19":[0,0],"20":[0,0],"21":[0,0],"22":[0,0],"23":[0,0],"24":[0,0],"25":[0,0],"26":[0,0],"27":[0,0]},"inputSourceMap":null,"_coverageSchema":"1a1c01bbd47fc00a2c39e90264f33305004495a9","hash":"c8ee4f00a49860a170d7fd26fefeb73aedd838e6"}
,"C:\\Users\\aditn\\OneDrive\\Desktop\\Aandsz-Forces-ATS-CS490\\backend\\routes\\skills.js": {"path":"C:\\Users\\aditn\\OneDrive\\Desktop\\Aandsz-Forces-ATS-CS490\\backend\\routes\\skills.js","statementMap":{"0":{"start":{"line":6,"column":0},"end":{"line":6,"column":16}},"1":{"start":{"line":7,"column":17},"end":{"line":7,"column":20}},"2":{"start":{"line":8,"column":15},"end":{"line":8,"column":31}},"3":{"start":{"line":9,"column":13},"end":{"line":9,"column":69}},"4":{"start":{"line":10,"column":19},"end":{"line":10,"column":57}},"5":{"start":{"line":14,"column":17},"end":{"line":14,"column":42}},"6":{"start":{"line":15,"column":2},"end":{"line":15,"column":66}},"7":{"start":{"line":15,"column":15},"end":{"line":15,"column":66}},"8":{"start":{"line":16,"column":2},"end":{"line":23,"column":3}},"9":{"start":{"line":17,"column":18},"end":{"line":17,"column":38}},"10":{"start":{"line":18,"column":20},"end":{"line":18,"column":49}},"11":{"start":{"line":19,"column":4},"end":{"line":19,"column":28}},"12":{"start":{"line":20,"column":4},"end":{"line":20,"column":11}},"13":{"start":{"line":22,"column":4},"end":{"line":22,"column":60}},"14":{"start":{"line":27,"column":0},"end":{"line":50,"column":3}},"15":{"start":{"line":28,"column":42},"end":{"line":28,"column":50}},"16":{"start":{"line":29,"column":2},"end":{"line":29,"column":75}},"17":{"start":{"line":29,"column":13},"end":{"line":29,"column":75}},"18":{"start":{"line":31,"column":2},"end":{"line":49,"column":3}},"19":{"start":{"line":32,"column":16},"end":{"line":35,"column":5}},"20":{"start":{"line":36,"column":4},"end":{"line":37,"column":64}},"21":{"start":{"line":37,"column":6},"end":{"line":37,"column":64}},"22":{"start":{"line":39,"column":21},"end":{"line":44,"column":5}},"23":{"start":{"line":45,"column":4},"end":{"line":45,"column":57}},"24":{"start":{"line":47,"column":4},"end":{"line":47,"column":41}},"25":{"start":{"line":48,"column":4},"end":{"line":48,"column":48}},"26":{"start":{"line":53,"column":0},"end":{"line":64,"column":3}},"27":{"start":{"line":54,"column":2},"end":{"line":63,"column":3}},"28":{"start":{"line":55,"column":21},"end":{"line":58,"column":5}},"29":{"start":{"line":59,"column":4},"end":{"line":59,"column":31}},"30":{"start":{"line":61,"column":4},"end":{"line":61,"column":42}},"31":{"start":{"line":62,"column":4},"end":{"line":62,"column":61}},"32":{"start":{"line":67,"column":0},"end":{"line":84,"column":3}},"33":{"start":{"line":68,"column":36},"end":{"line":68,"column":44}},"34":{"start":{"line":69,"column":2},"end":{"line":83,"column":3}},"35":{"start":{"line":70,"column":21},"end":{"line":77,"column":5}},"36":{"start":{"line":78,"column":4},"end":{"line":78,"column":74}},"37":{"start":{"line":78,"column":22},"end":{"line":78,"column":74}},"38":{"start":{"line":79,"column":4},"end":{"line":79,"column":59}},"39":{"start":{"line":81,"column":4},"end":{"line":81,"column":44}},"40":{"start":{"line":82,"column":4},"end":{"line":82,"column":53}},"41":{"start":{"line":87,"column":0},"end":{"line":100,"column":3}},"42":{"start":{"line":88,"column":2},"end":{"line":99,"column":3}},"43":{"start":{"line":89,"column":19},"end":{"line":92,"column":5}},"44":{"start":{"line":93,"column":4},"end":{"line":94,"column":64}},"45":{"start":{"line":94,"column":6},"end":{"line":94,"column":64}},"46":{"start":{"line":95,"column":4},"end":{"line":95,"column":37}},"47":{"start":{"line":97,"column":4},"end":{"line":97,"column":44}},"48":{"start":{"line":98,"column":4},"end":{"line":98,"column":53}}},"fnMap":{"0":{"name":"auth","decl":{"start":{"line":13,"column":9},"end":{"line":13,"column":13}},"loc":{"start":{"line":13,"column":30},"end":{"line":24,"column":1}},"line":13},"1":{"name":"(anonymous_1)","decl":{"start":{"line":27,"column":23},"end":{"line":27,"column":24}},"loc":{"start":{"line":27,"column":43},"end":{"line":50,"column":1}},"line":27},"2":{"name":"(anonymous_2)","decl":{"start":{"line":53,"column":22},"end":{"line":53,"column":23}},"loc":{"start":{"line":53,"column":42},"end":{"line":64,"column":1}},"line":53},"3":{"name":"(anonymous_3)","decl":{"start":{"line":67,"column":25},"end":{"line":67,"column":26}},"loc":{"start":{"line":67,"column":45},"end":{"line":84,"column":1}},"line":67},"4":{"name":"(anonymous_4)","decl":{"start":{"line":87,"column":28},"end":{"line":87,"column":29}},"loc":{"start":{"line":87,"column":48},"end":{"line":100,"column":1}},"line":87}},"branchMap":{"0":{"loc":{"start":{"line":10,"column":19},"end":{"line":10,"column":57}},"type":"binary-expr","locations":[{"start":{"line":10,"column":19},"end":{"line":10,"column":41}},{"start":{"line":10,"column":45},"end":{"line":10,"column":57}}],"line":10},"1":{"loc":{"start":{"line":15,"column":2},"end":{"line":15,"column":66}},"type":"if","locations":[{"start":{"line":15,"column":2},"end":{"line":15,"column":66}},{"start":{},"end":{}}],"line":15},"2":{"loc":{"start":{"line":29,"column":2},"end":{"line":29,"column":75}},"type":"if","locations":[{"start":{"line":29,"column":2},"end":{"line":29,"column":75}},{"start":{},"end":{}}],"line":29},"3":{"loc":{"start":{"line":36,"column":4},"end":{"line":37,"column":64}},"type":"if","locations":[{"start":{"line":36,"column":4},"end":{"line":37,"column":64}},{"start":{},"end":{}}],"line":36},"4":{"loc":{"start":{"line":78,"column":4},"end":{"line":78,"column":74}},"type":"if","locations":[{"start":{"line":78,"column":4},"end":{"line":78,"column":74}},{"start":{},"end":{}}],"line":78},"5":{"loc":{"start":{"line":93,"column":4},"end":{"line":94,"column":64}},"type":"if","locations":[{"start":{"line":93,"column":4},"end":{"line":94,"column":64}},{"start":{},"end":{}}],"line":93}},"s":{"0":8,"1":8,"2":8,"3":8,"4":8,"5":0,"6":0,"7":0,"8":0,"9":0,"10":0,"11":0,"12":0,"13":0,"14":8,"15":0,"16":0,"17":0,"18":0,"19":0,"20":0,"21":0,"22":0,"23":0,"24":0,"25":0,"26":8,"27":0,"28":0,"29":0,"30":0,"31":0,"32":8,"33":0,"34":0,"35":0,"36":0,"37":0,"38":0,"39":0,"40":0,"41":8,"42":0,"43":0,"44":0,"45":0,"46":0,"47":0,"48":0},"f":{"0":0,"1":0,"2":0,"3":0,"4":0},"b":{"0":[8,0],"1":[0,0],"2":[0,0],"3":[0,0],"4":[0,0],"5":[0,0]},"inputSourceMap":null,"_coverageSchema":"1a1c01bbd47fc00a2c39e90264f33305004495a9","hash":"c48979d2c0345a8ecb5d5dc8059a4b46ac7ca342"}
,"C:\\Users\\aditn\\OneDrive\\Desktop\\Aandsz-Forces-ATS-CS490\\backend\\routes\\upload.js": {"path":"C:\\Users\\aditn\\OneDrive\\Desktop\\Aandsz-Forces-ATS-CS490\\backend\\routes\\upload.js","statementMap":{"0":{"start":{"line":7,"column":15},"end":{"line":7,"column":31}},"1":{"start":{"line":9,"column":19},"end":{"line":9,"column":49}},"2":{"start":{"line":10,"column":18},"end":{"line":10,"column":42}},"3":{"start":{"line":13,"column":18},"end":{"line":13,"column":52}},"4":{"start":{"line":14,"column":0},"end":{"line":16,"column":1}},"5":{"start":{"line":15,"column":2},"end":{"line":15,"column":47}},"6":{"start":{"line":19,"column":16},"end":{"line":25,"column":2}},"7":{"start":{"line":20,"column":34},"end":{"line":20,"column":53}},"8":{"start":{"line":22,"column":19},"end":{"line":22,"column":76}},"9":{"start":{"line":23,"column":4},"end":{"line":23,"column":21}},"10":{"start":{"line":27,"column":15},"end":{"line":35,"column":2}},"11":{"start":{"line":31,"column":20},"end":{"line":31,"column":38}},"12":{"start":{"line":32,"column":16},"end":{"line":32,"column":61}},"13":{"start":{"line":33,"column":4},"end":{"line":33,"column":76}},"14":{"start":{"line":38,"column":0},"end":{"line":41,"column":3}},"15":{"start":{"line":39,"column":18},"end":{"line":39,"column":49}},"16":{"start":{"line":40,"column":2},"end":{"line":40,"column":29}}},"fnMap":{"0":{"name":"(anonymous_0)","decl":{"start":{"line":20,"column":15},"end":{"line":20,"column":16}},"loc":{"start":{"line":20,"column":34},"end":{"line":20,"column":53}},"line":20},"1":{"name":"(anonymous_1)","decl":{"start":{"line":21,"column":12},"end":{"line":21,"column":13}},"loc":{"start":{"line":21,"column":31},"end":{"line":24,"column":3}},"line":21},"2":{"name":"(anonymous_2)","decl":{"start":{"line":30,"column":14},"end":{"line":30,"column":15}},"loc":{"start":{"line":30,"column":33},"end":{"line":34,"column":3}},"line":30},"3":{"name":"(anonymous_3)","decl":{"start":{"line":38,"column":59},"end":{"line":38,"column":60}},"loc":{"start":{"line":38,"column":73},"end":{"line":41,"column":1}},"line":38}},"branchMap":{"0":{"loc":{"start":{"line":14,"column":0},"end":{"line":16,"column":1}},"type":"if","locations":[{"start":{"line":14,"column":0},"end":{"line":16,"column":1}},{"start":{},"end":{}}],"line":14},"1":{"loc":{"start":{"line":33,"column":4},"end":{"line":33,"column":75}},"type":"cond-expr","locations":[{"start":{"line":33,"column":24},"end":{"line":33,"column":38}},{"start":{"line":33,"column":41},"end":{"line":33,"column":75}}],"line":33}},"s":{"0":8,"1":8,"2":8,"3":8,"4":8,"5":0,"6":8,"7":0,"8":0,"9":0,"10":8,"11":0,"12":0,"13":0,"14":8,"15":0,"16":0},"f":{"0":0,"1":0,"2":0,"3":0},"b":{"0":[0,8],"1":[0,0]},"inputSourceMap":null,"_coverageSchema":"1a1c01bbd47fc00a2c39e90264f33305004495a9","hash":"856addc73f92c602de517d2a1f8aba9bde7addc9"}
,"C:\\Users\\aditn\\OneDrive\\Desktop\\Aandsz-Forces-ATS-CS490\\backend\\tests\\setupPgMock.js": {"path":"C:\\Users\\aditn\\OneDrive\\Desktop\\Aandsz-Forces-ATS-CS490\\backend\\tests\\setupPgMock.js","statementMap":{"0":{"start":{"line":4,"column":18},"end":{"line":4,"column":27}},"1":{"start":{"line":5,"column":17},"end":{"line":9,"column":1}},"2":{"start":{"line":12,"column":0},"end":{"line":16,"column":4}},"3":{"start":{"line":12,"column":38},"end":{"line":16,"column":1}},"4":{"start":{"line":14,"column":33},"end":{"line":14,"column":41}},"5":{"start":{"line":15,"column":22},"end":{"line":15,"column":30}}},"fnMap":{"0":{"name":"(anonymous_0)","decl":{"start":{"line":12,"column":31},"end":{"line":12,"column":32}},"loc":{"start":{"line":12,"column":38},"end":{"line":16,"column":1}},"line":12},"1":{"name":"(anonymous_1)","decl":{"start":{"line":14,"column":27},"end":{"line":14,"column":28}},"loc":{"start":{"line":14,"column":33},"end":{"line":14,"column":41}},"line":14},"2":{"name":"(anonymous_2)","decl":{"start":{"line":15,"column":16},"end":{"line":15,"column":17}},"loc":{"start":{"line":15,"column":22},"end":{"line":15,"column":30}},"line":15}},"branchMap":{},"s":{"0":1,"1":1,"2":1,"3":1,"4":7,"5":0},"f":{"0":1,"1":7,"2":0},"b":{},"inputSourceMap":null,"_coverageSchema":"1a1c01bbd47fc00a2c39e90264f33305004495a9","hash":"c6b8e97a071c0e4eb38901d4567a5532e1c63623"}
}
