TN:
SF:auth.js
FN:3,auth
FNF:1
FNH:1
FNDA:22,auth
DA:4,22
DA:5,22
DA:6,22
DA:8,22
DA:9,22
DA:11,22
DA:12,22
DA:14,0
DA:15,0
DA:17,0
LF:10
LH:7
BRDA:4,0,0,22
BRDA:4,0,1,0
BRDA:5,1,0,22
BRDA:5,1,1,0
BRDA:6,2,0,0
BRDA:6,2,1,22
BRDA:14,3,0,0
BRDA:14,3,1,0
BRF:8
BRH:3
end_of_record
TN:
SF:server.js
FN:74,makeToken
FN:84,(anonymous_1)
FN:131,(anonymous_2)
FN:155,(anonymous_3)
FN:164,(anonymous_4)
FN:205,(anonymous_5)
FN:240,(anonymous_6)
FN:255,(anonymous_7)
FN:270,(anonymous_8)
FN:296,(anonymous_9)
FN:346,(anonymous_10)
FN:352,(anonymous_11)
FN:358,(anonymous_12)
FN:416,sendDeadlineReminders
FN:518,(anonymous_14)
FN:522,(anonymous_15)
FN:535,(anonymous_16)
FNF:17
FNH:3
FNDA:7,makeToken
FNDA:4,(anonymous_1)
FNDA:4,(anonymous_2)
FNDA:0,(anonymous_3)
FNDA:0,(anonymous_4)
FNDA:0,(anonymous_5)
FNDA:0,(anonymous_6)
FNDA:0,(anonymous_7)
FNDA:0,(anonymous_8)
FNDA:0,(anonymous_9)
FNDA:0,(anonymous_10)
FNDA:0,(anonymous_11)
FNDA:0,(anonymous_12)
FNDA:0,sendDeadlineReminders
FNDA:0,(anonymous_14)
FNDA:0,(anonymous_15)
FNDA:0,(anonymous_16)
DA:36,4
DA:37,4
DA:38,4
DA:40,4
DA:41,4
DA:45,4
DA:54,4
DA:55,4
DA:58,4
DA:61,4
DA:71,4
DA:72,4
DA:75,7
DA:81,4
DA:84,4
DA:91,4
DA:92,4
DA:93,4
DA:94,0
DA:96,4
DA:97,0
DA:101,4
DA:102,0
DA:104,4
DA:105,0
DA:110,4
DA:111,4
DA:114,4
DA:115,0
DA:117,4
DA:118,4
DA:122,4
DA:123,4
DA:125,0
DA:126,0
DA:131,4
DA:132,4
DA:133,4
DA:134,4
DA:135,4
DA:138,4
DA:139,1
DA:141,3
DA:142,3
DA:143,3
DA:144,0
DA:146,3
DA:147,3
DA:149,0
DA:150,0
DA:155,4
DA:156,0
DA:161,4
DA:164,4
DA:165,0
DA:166,0
DA:167,0
DA:168,0
DA:173,0
DA:174,0
DA:175,0
DA:177,0
DA:179,0
DA:192,0
DA:195,0
DA:199,0
DA:200,0
DA:205,4
DA:206,0
DA:207,0
DA:209,0
DA:210,0
DA:211,0
DA:212,0
DA:213,0
DA:214,0
DA:219,0
DA:220,0
DA:221,0
DA:222,0
DA:225,0
DA:226,0
DA:230,0
DA:232,0
DA:234,0
DA:235,0
DA:240,4
DA:241,0
DA:242,0
DA:246,0
DA:247,0
DA:248,0
DA:250,0
DA:251,0
DA:255,4
DA:256,0
DA:257,0
DA:258,0
DA:262,0
DA:264,0
DA:265,0
DA:270,4
DA:271,0
DA:272,0
DA:273,0
DA:276,0
DA:277,0
DA:279,0
DA:280,0
DA:281,0
DA:283,0
DA:284,0
DA:286,0
DA:287,0
DA:294,4
DA:296,4
DA:297,0
DA:298,0
DA:299,0
DA:300,0
DA:303,0
DA:308,0
DA:309,0
DA:310,0
DA:311,0
DA:314,0
DA:317,0
DA:318,0
DA:324,0
DA:325,0
DA:327,0
DA:328,0
DA:333,4
DA:334,4
DA:335,4
DA:336,4
DA:337,4
DA:338,4
DA:339,4
DA:340,4
DA:341,4
DA:342,4
DA:346,4
DA:347,0
DA:348,0
DA:352,4
DA:358,4
DA:359,0
DA:361,0
DA:363,0
DA:371,0
DA:372,0
DA:373,0
DA:377,0
DA:378,0
DA:381,0
DA:384,0
DA:402,0
DA:409,0
DA:412,0
DA:417,0
DA:420,0
DA:422,0
DA:423,0
DA:441,0
DA:442,0
DA:443,0
DA:446,0
DA:447,0
DA:448,0
DA:449,0
DA:454,0
DA:458,0
DA:482,0
DA:489,0
DA:490,0
DA:495,0
DA:502,0
DA:505,4
DA:506,4
DA:507,4
DA:508,4
DA:509,4
DA:510,4
DA:511,4
DA:512,4
DA:513,4
DA:516,4
DA:518,4
DA:519,0
DA:522,4
DA:523,0
DA:524,0
DA:525,0
DA:527,0
DA:528,0
DA:534,4
DA:535,0
LF:198
LH:75
BRDA:71,0,0,4
BRDA:71,0,1,0
BRDA:86,1,0,0
BRDA:87,2,0,0
BRDA:88,3,0,0
BRDA:89,4,0,0
BRDA:90,5,0,0
BRDA:93,6,0,0
BRDA:93,6,1,4
BRDA:93,7,0,4
BRDA:93,7,1,4
BRDA:96,8,0,0
BRDA:96,8,1,4
BRDA:101,9,0,0
BRDA:101,9,1,4
BRDA:104,10,0,0
BRDA:104,10,1,4
BRDA:104,11,0,4
BRDA:104,11,1,4
BRDA:114,12,0,0
BRDA:114,12,1,4
BRDA:132,13,0,0
BRDA:132,14,0,0
BRDA:138,15,0,1
BRDA:138,15,1,3
BRDA:142,16,0,3
BRDA:142,16,1,0
BRDA:143,17,0,0
BRDA:143,17,1,3
BRDA:166,18,0,0
BRDA:177,19,0,0
BRDA:177,19,1,0
BRDA:209,20,0,0
BRDA:209,20,1,0
BRDA:209,21,0,0
BRDA:209,21,1,0
BRDA:209,21,2,0
BRDA:211,22,0,0
BRDA:211,22,1,0
BRDA:213,23,0,0
BRDA:213,23,1,0
BRDA:221,24,0,0
BRDA:221,24,1,0
BRDA:221,25,0,0
BRDA:221,25,1,0
BRDA:221,25,2,0
BRDA:246,26,0,0
BRDA:246,26,1,0
BRDA:256,27,0,0
BRDA:256,28,0,0
BRDA:272,29,0,0
BRDA:276,30,0,0
BRDA:276,30,1,0
BRDA:280,31,0,0
BRDA:280,31,1,0
BRDA:281,32,0,0
BRDA:281,32,1,0
BRDA:299,33,0,0
BRDA:299,33,1,0
BRDA:310,34,0,0
BRDA:310,34,1,0
BRDA:311,35,0,0
BRDA:311,35,1,0
BRDA:317,36,0,0
BRDA:317,36,1,0
BRDA:371,37,0,0
BRDA:371,37,1,0
BRDA:382,38,0,0
BRDA:382,38,1,0
BRDA:387,39,0,0
BRDA:387,39,1,0
BRDA:392,40,0,0
BRDA:392,40,1,0
BRDA:420,41,0,0
BRDA:420,41,1,0
BRDA:420,42,0,0
BRDA:420,42,1,0
BRDA:441,43,0,0
BRDA:441,43,1,0
BRDA:455,44,0,0
BRDA:455,44,1,0
BRDA:461,45,0,0
BRDA:461,45,1,0
BRDA:468,46,0,0
BRDA:468,46,1,0
BRDA:489,47,0,0
BRDA:489,47,1,0
BRDA:516,48,0,4
BRDA:516,48,1,0
BRDA:516,49,0,4
BRDA:516,49,1,0
BRDA:534,50,0,0
BRDA:534,50,1,4
BRF:93
BRH:17
end_of_record
TN:
SF:routes\certification.js
FN:13,auth
FN:28,(anonymous_1)
FN:85,(anonymous_2)
FN:99,(anonymous_3)
FN:156,(anonymous_4)
FNF:5
FNH:0
FNDA:0,auth
FNDA:0,(anonymous_1)
FNDA:0,(anonymous_2)
FNDA:0,(anonymous_3)
FNDA:0,(anonymous_4)
DA:6,4
DA:7,4
DA:8,4
DA:9,4
DA:10,4
DA:14,0
DA:15,0
DA:17,0
DA:18,0
DA:19,0
DA:20,0
DA:21,0
DA:23,0
DA:28,4
DA:29,0
DA:41,0
DA:43,0
DA:44,0
DA:49,0
DA:50,0
DA:52,0
DA:56,0
DA:77,0
DA:79,0
DA:80,0
DA:85,4
DA:86,0
DA:87,0
DA:91,0
DA:93,0
DA:94,0
DA:99,4
DA:100,0
DA:113,0
DA:114,0
DA:115,0
DA:117,0
DA:118,0
DA:119,0
DA:122,0
DA:125,0
DA:128,0
DA:129,0
DA:133,0
DA:134,0
DA:136,0
DA:138,0
DA:145,0
DA:146,0
DA:147,0
DA:148,0
DA:150,0
DA:151,0
DA:156,4
DA:157,0
DA:158,0
DA:162,0
DA:163,0
DA:164,0
DA:166,0
DA:167,0
LF:61
LH:9
BRDA:10,0,0,4
BRDA:10,0,1,0
BRDA:15,1,0,0
BRDA:15,1,1,0
BRDA:43,2,0,0
BRDA:43,2,1,0
BRDA:43,3,0,0
BRDA:43,3,1,0
BRDA:49,4,0,0
BRDA:49,4,1,0
BRDA:50,5,0,0
BRDA:50,5,1,0
BRDA:50,6,0,0
BRDA:50,6,1,0
BRDA:52,7,0,0
BRDA:52,7,1,0
BRDA:52,8,0,0
BRDA:52,8,1,0
BRDA:66,9,0,0
BRDA:66,9,1,0
BRDA:67,10,0,0
BRDA:67,10,1,0
BRDA:70,11,0,0
BRDA:70,11,1,0
BRDA:71,12,0,0
BRDA:71,12,1,0
BRDA:73,13,0,0
BRDA:73,13,1,0
BRDA:118,14,0,0
BRDA:118,14,1,0
BRDA:122,15,0,0
BRDA:122,15,1,0
BRDA:125,16,0,0
BRDA:125,16,1,0
BRDA:125,17,0,0
BRDA:125,17,1,0
BRDA:133,18,0,0
BRDA:133,18,1,0
BRDA:147,19,0,0
BRDA:147,19,1,0
BRDA:162,20,0,0
BRDA:162,20,1,0
BRF:42
BRH:1
end_of_record
TN:
SF:routes\company.js
FN:24,(anonymous_0)
FN:25,(anonymous_1)
FN:33,auth
FN:64,(anonymous_3)
FN:88,(anonymous_4)
FN:141,(anonymous_5)
FN:183,(anonymous_6)
FN:261,(anonymous_7)
FN:285,(anonymous_8)
FN:304,(anonymous_9)
FNF:10
FNH:4
FNDA:0,(anonymous_0)
FNDA:0,(anonymous_1)
FNDA:2,auth
FNDA:1,(anonymous_3)
FNDA:5,(anonymous_4)
FNDA:1,(anonymous_5)
FNDA:0,(anonymous_6)
FNDA:0,(anonymous_7)
FNDA:0,(anonymous_8)
FNDA:0,(anonymous_9)
DA:12,4
DA:13,4
DA:14,4
DA:15,4
DA:16,4
DA:19,4
DA:20,4
DA:23,4
DA:24,0
DA:26,0
DA:27,0
DA:30,4
DA:34,2
DA:35,2
DA:36,2
DA:37,2
DA:38,2
DA:39,2
DA:40,2
DA:42,0
DA:57,4
DA:60,4
DA:64,4
DA:65,1
DA:66,1
DA:67,0
DA:70,1
DA:72,1
DA:77,1
DA:79,0
DA:83,1
DA:88,5
DA:95,1
DA:99,1
DA:100,0
DA:102,0
DA:105,0
DA:106,0
DA:108,0
DA:109,0
DA:113,0
DA:132,0
DA:134,1
DA:135,1
DA:141,4
DA:142,1
DA:143,1
DA:144,1
DA:164,1
DA:166,1
DA:172,1
DA:175,0
DA:177,0
DA:178,0
DA:183,4
DA:197,0
DA:199,0
DA:201,0
DA:202,0
DA:207,0
DA:208,0
DA:230,0
DA:232,0
DA:252,0
DA:255,0
DA:256,0
DA:261,4
DA:262,0
DA:263,0
DA:264,0
DA:266,0
DA:271,0
DA:272,0
DA:278,0
DA:281,0
DA:282,0
DA:283,0
DA:285,0
DA:286,0
DA:288,0
DA:296,0
DA:298,0
DA:299,0
DA:304,4
DA:305,0
DA:306,0
DA:307,0
DA:308,0
DA:310,0
DA:311,0
DA:316,0
DA:317,0
DA:323,0
DA:329,0
DA:337,0
DA:342,0
DA:343,0
LF:97
LH:40
BRDA:16,0,0,4
BRDA:16,0,1,0
BRDA:20,1,0,0
BRDA:20,1,1,4
BRDA:35,2,0,0
BRDA:35,2,1,2
BRDA:66,3,0,0
BRDA:66,3,1,1
BRDA:77,4,0,0
BRDA:77,4,1,1
BRDA:121,5,0,0
BRDA:121,5,1,0
BRDA:122,6,0,0
BRDA:122,6,1,0
BRDA:123,7,0,0
BRDA:123,7,1,0
BRDA:124,8,0,0
BRDA:124,8,1,0
BRDA:125,9,0,0
BRDA:125,9,1,0
BRDA:128,10,0,0
BRDA:128,10,1,0
BRDA:164,11,0,1
BRDA:164,11,1,0
BRDA:199,12,0,0
BRDA:199,12,1,0
BRDA:207,13,0,0
BRDA:207,13,1,0
BRDA:264,14,0,0
BRDA:264,14,1,0
BRDA:271,15,0,0
BRDA:271,15,1,0
BRDA:276,16,0,0
BRDA:276,16,1,0
BRDA:282,17,0,0
BRDA:282,17,1,0
BRDA:307,18,0,0
BRDA:307,18,1,0
BRDA:316,19,0,0
BRDA:316,19,1,0
BRF:40
BRH:6
end_of_record
TN:
SF:routes\companyResearch.js
FN:10,getWikipedia
FN:82,getNews
FN:134,(anonymous_2)
FN:175,extractKeyPoints
FN:177,(anonymous_4)
FN:178,(anonymous_5)
FN:185,generateInsights
FN:249,(anonymous_7)
FN:329,buildSocialLinks
FN:339,(anonymous_9)
FN:353,(anonymous_10)
FNF:11
FNH:0
FNDA:0,getWikipedia
FNDA:0,getNews
FNDA:0,(anonymous_2)
FNDA:0,extractKeyPoints
FNDA:0,(anonymous_4)
FNDA:0,(anonymous_5)
FNDA:0,generateInsights
FNDA:0,(anonymous_7)
FNDA:0,buildSocialLinks
FNDA:0,(anonymous_9)
FNDA:0,(anonymous_10)
DA:4,4
DA:6,4
DA:7,4
DA:11,0
DA:12,0
DA:15,0
DA:27,0
DA:28,0
DA:29,0
DA:32,0
DA:45,0
DA:46,0
DA:47,0
DA:50,0
DA:52,0
DA:55,0
DA:56,0
DA:60,0
DA:65,0
DA:66,0
DA:74,0
DA:76,0
DA:77,0
DA:83,0
DA:85,0
DA:118,0
DA:119,0
DA:120,0
DA:123,0
DA:124,0
DA:128,0
DA:129,0
DA:130,0
DA:133,0
DA:134,0
DA:135,0
DA:136,0
DA:137,0
DA:139,0
DA:140,0
DA:158,0
DA:170,0
DA:171,0
DA:176,0
DA:177,0
DA:178,0
DA:186,0
DA:187,0
DA:189,0
DA:199,0
DA:231,0
DA:232,0
DA:246,0
DA:248,0
DA:249,0
DA:251,0
DA:252,0
DA:260,0
DA:274,0
DA:277,0
DA:280,0
DA:311,0
DA:312,0
DA:330,0
DA:331,0
DA:339,4
DA:340,0
DA:341,0
DA:342,0
DA:344,0
DA:345,0
DA:347,0
DA:348,0
DA:350,0
DA:353,0
DA:357,0
DA:361,0
DA:380,0
DA:381,0
DA:383,0
DA:384,0
LF:81
LH:4
BRDA:29,0,0,0
BRDA:29,0,1,0
BRDA:29,1,0,0
BRDA:29,1,1,0
BRDA:46,2,0,0
BRDA:46,2,1,0
BRDA:47,3,0,0
BRDA:47,3,1,0
BRDA:52,4,0,0
BRDA:52,4,1,0
BRDA:55,5,0,0
BRDA:55,5,1,0
BRDA:65,6,0,0
BRDA:65,6,1,0
BRDA:67,7,0,0
BRDA:67,7,1,0
BRDA:68,8,0,0
BRDA:68,8,1,0
BRDA:69,9,0,0
BRDA:69,9,1,0
BRDA:70,10,0,0
BRDA:70,10,1,0
BRDA:74,11,0,0
BRDA:74,11,1,0
BRDA:118,12,0,0
BRDA:118,12,1,0
BRDA:128,13,0,0
BRDA:128,13,1,0
BRDA:128,14,0,0
BRDA:128,14,1,0
BRDA:139,15,0,0
BRDA:139,15,1,0
BRDA:140,16,0,0
BRDA:140,16,1,0
BRDA:142,17,0,0
BRDA:142,17,1,0
BRDA:144,18,0,0
BRDA:144,18,1,0
BRDA:146,19,0,0
BRDA:146,19,1,0
BRDA:148,20,0,0
BRDA:148,20,1,0
BRDA:150,21,0,0
BRDA:150,21,1,0
BRDA:152,22,0,0
BRDA:152,22,1,0
BRDA:154,23,0,0
BRDA:154,23,1,0
BRDA:165,24,0,0
BRDA:165,24,1,0
BRDA:166,25,0,0
BRDA:166,25,1,0
BRDA:176,26,0,0
BRDA:176,26,1,0
BRDA:187,27,0,0
BRDA:187,27,1,0
BRDA:193,28,0,0
BRDA:193,28,1,0
BRDA:246,29,0,0
BRDA:246,29,1,0
BRDA:249,30,0,0
BRDA:249,30,1,0
BRDA:251,31,0,0
BRDA:251,31,1,0
BRDA:275,32,0,0
BRDA:275,32,1,0
BRDA:281,33,0,0
BRDA:281,33,1,0
BRDA:282,34,0,0
BRDA:282,34,1,0
BRDA:283,35,0,0
BRDA:283,35,1,0
BRDA:284,36,0,0
BRDA:284,36,1,0
BRDA:286,37,0,0
BRDA:286,37,1,0
BRDA:289,38,0,0
BRDA:289,38,1,0
BRDA:290,39,0,0
BRDA:290,39,1,0
BRDA:292,40,0,0
BRDA:292,40,1,0
BRDA:299,41,0,0
BRDA:299,41,1,0
BRDA:303,42,0,0
BRDA:303,42,1,0
BRDA:307,43,0,0
BRDA:307,43,1,0
BRDA:340,44,0,0
BRDA:340,44,1,0
BRDA:341,45,0,0
BRDA:341,45,1,0
BRDA:352,46,0,0
BRDA:352,46,1,0
BRDA:357,47,0,0
BRDA:357,47,1,0
BRDA:357,47,2,0
BRDA:363,48,0,0
BRDA:363,48,1,0
BRDA:363,48,2,0
BRDA:364,49,0,0
BRDA:364,49,1,0
BRDA:368,50,0,0
BRDA:368,50,1,0
BRDA:369,51,0,0
BRDA:369,51,1,0
BRDA:370,52,0,0
BRDA:370,52,1,0
BRDA:372,53,0,0
BRDA:372,53,1,0
BRDA:373,54,0,0
BRDA:373,54,1,0
BRDA:374,55,0,0
BRDA:374,55,1,0
BRDA:375,56,0,0
BRDA:375,56,1,0
BRDA:375,56,2,0
BRF:117
BRH:0
end_of_record
TN:
SF:routes\education.js
FN:14,auth
FN:28,(anonymous_1)
FN:73,(anonymous_2)
FN:87,(anonymous_3)
FN:132,(anonymous_4)
FNF:5
FNH:0
FNDA:0,auth
FNDA:0,(anonymous_1)
FNDA:0,(anonymous_2)
FNDA:0,(anonymous_3)
FNDA:0,(anonymous_4)
DA:6,4
DA:7,4
DA:8,4
DA:10,4
DA:11,4
DA:15,0
DA:16,0
DA:17,0
DA:18,0
DA:19,0
DA:20,0
DA:21,0
DA:23,0
DA:28,4
DA:39,0
DA:41,0
DA:42,0
DA:44,0
DA:45,0
DA:65,0
DA:67,0
DA:68,0
DA:73,4
DA:74,0
DA:75,0
DA:79,0
DA:81,0
DA:82,0
DA:87,4
DA:98,0
DA:100,0
DA:101,0
DA:123,0
DA:124,0
DA:126,0
DA:127,0
DA:132,4
DA:133,0
DA:134,0
DA:138,0
DA:139,0
DA:140,0
DA:142,0
DA:143,0
LF:44
LH:9
BRDA:11,0,0,4
BRDA:11,0,1,0
BRDA:16,1,0,0
BRDA:16,1,1,0
BRDA:41,2,0,0
BRDA:41,2,1,0
BRDA:41,3,0,0
BRDA:41,3,1,0
BRDA:41,3,2,0
BRDA:57,4,0,0
BRDA:57,4,1,0
BRDA:58,5,0,0
BRDA:58,5,1,0
BRDA:59,6,0,0
BRDA:59,6,1,0
BRDA:60,7,0,0
BRDA:60,7,1,0
BRDA:61,8,0,0
BRDA:61,8,1,0
BRDA:62,9,0,0
BRDA:62,9,1,0
BRDA:112,10,0,0
BRDA:112,10,1,0
BRDA:113,11,0,0
BRDA:113,11,1,0
BRDA:114,12,0,0
BRDA:114,12,1,0
BRDA:115,13,0,0
BRDA:115,13,1,0
BRDA:116,14,0,0
BRDA:116,14,1,0
BRDA:117,15,0,0
BRDA:117,15,1,0
BRDA:123,16,0,0
BRDA:123,16,1,0
BRDA:138,17,0,0
BRDA:138,17,1,0
BRF:37
BRH:1
end_of_record
TN:
SF:routes\employment.js
FN:17,auth
FN:34,(anonymous_1)
FN:89,(anonymous_2)
FN:110,(anonymous_3)
FN:165,(anonymous_4)
FNF:5
FNH:0
FNDA:0,auth
FNDA:0,(anonymous_1)
FNDA:0,(anonymous_2)
FNDA:0,(anonymous_3)
FNDA:0,(anonymous_4)
DA:6,4
DA:7,4
DA:8,4
DA:10,4
DA:14,4
DA:18,0
DA:19,0
DA:20,0
DA:21,0
DA:22,0
DA:23,0
DA:24,0
DA:26,0
DA:27,0
DA:34,4
DA:43,0
DA:45,0
DA:46,0
DA:51,0
DA:52,0
DA:57,0
DA:58,0
DA:64,0
DA:75,0
DA:76,0
DA:81,0
DA:82,0
DA:89,4
DA:90,0
DA:91,0
DA:100,0
DA:102,0
DA:103,0
DA:110,4
DA:119,0
DA:121,0
DA:122,0
DA:127,0
DA:128,0
DA:149,0
DA:150,0
DA:152,0
DA:157,0
DA:158,0
DA:165,4
DA:166,0
DA:167,0
DA:176,0
DA:177,0
DA:179,0
DA:181,0
DA:182,0
LF:52
LH:9
BRDA:14,0,0,4
BRDA:14,0,1,0
BRDA:19,1,0,0
BRDA:19,1,1,0
BRDA:45,2,0,0
BRDA:45,2,1,0
BRDA:45,3,0,0
BRDA:45,3,1,0
BRDA:45,3,2,0
BRDA:51,4,0,0
BRDA:51,4,1,0
BRDA:51,5,0,0
BRDA:51,5,1,0
BRDA:51,5,2,0
BRDA:70,6,0,0
BRDA:70,6,1,0
BRDA:71,7,0,0
BRDA:71,7,1,0
BRDA:72,8,0,0
BRDA:72,8,1,0
BRDA:121,9,0,0
BRDA:121,9,1,0
BRDA:121,10,0,0
BRDA:121,10,1,0
BRDA:121,10,2,0
BRDA:141,11,0,0
BRDA:141,11,1,0
BRDA:142,12,0,0
BRDA:142,12,1,0
BRDA:143,13,0,0
BRDA:143,13,1,0
BRDA:149,14,0,0
BRDA:149,14,1,0
BRDA:176,15,0,0
BRDA:176,15,1,0
BRF:35
BRH:1
end_of_record
TN:
SF:routes\interviewInsights.js
FN:8,(anonymous_0)
FNF:1
FNH:0
FNDA:0,(anonymous_0)
DA:4,4
DA:6,4
DA:8,4
DA:9,0
DA:10,0
DA:12,0
DA:13,0
DA:31,0
DA:49,0
DA:51,0
DA:53,0
DA:54,0
LF:12
LH:3
BRDA:10,0,0,0
BRDA:10,0,1,0
BRF:2
BRH:0
end_of_record
TN:
SF:routes\job.js
FN:16,auth
FN:30,(anonymous_1)
FN:81,(anonymous_2)
FN:178,(anonymous_3)
FN:278,(anonymous_4)
FN:294,(anonymous_5)
FN:310,(anonymous_6)
FN:332,(anonymous_7)
FN:364,(anonymous_8)
FN:383,(anonymous_9)
FN:419,(anonymous_10)
FN:454,(anonymous_11)
FN:473,(anonymous_12)
FNF:13
FNH:11
FNDA:12,auth
FNDA:3,(anonymous_1)
FNDA:1,(anonymous_2)
FNDA:1,(anonymous_3)
FNDA:1,(anonymous_4)
FNDA:0,(anonymous_5)
FNDA:1,(anonymous_6)
FNDA:2,(anonymous_7)
FNDA:2,(anonymous_8)
FNDA:1,(anonymous_9)
FNDA:0,(anonymous_10)
FNDA:1,(anonymous_11)
FNDA:1,(anonymous_12)
DA:8,4
DA:9,4
DA:10,4
DA:11,4
DA:13,4
DA:17,12
DA:18,12
DA:19,12
DA:20,12
DA:21,12
DA:22,12
DA:23,12
DA:25,0
DA:30,4
DA:43,3
DA:45,3
DA:46,1
DA:49,2
DA:51,2
DA:73,2
DA:75,0
DA:76,0
DA:81,4
DA:82,1
DA:93,1
DA:95,1
DA:96,1
DA:97,1
DA:99,1
DA:100,0
DA:101,0
DA:102,0
DA:104,1
DA:105,0
DA:106,0
DA:107,0
DA:109,1
DA:110,0
DA:111,0
DA:112,0
DA:114,1
DA:115,0
DA:116,0
DA:117,0
DA:119,1
DA:120,0
DA:121,0
DA:122,0
DA:124,1
DA:125,0
DA:126,0
DA:127,0
DA:129,1
DA:130,0
DA:131,0
DA:132,0
DA:134,1
DA:135,0
DA:136,0
DA:137,0
DA:140,1
DA:141,1
DA:143,0
DA:144,0
DA:146,0
DA:147,0
DA:149,0
DA:150,0
DA:152,1
DA:155,1
DA:166,1
DA:168,0
DA:169,0
DA:178,4
DA:179,1
DA:180,1
DA:247,1
DA:250,1
DA:251,1
DA:252,1
DA:253,1
DA:254,1
DA:255,1
DA:256,1
DA:257,1
DA:259,1
DA:260,0
DA:263,1
DA:266,0
DA:267,0
DA:278,4
DA:279,1
DA:280,1
DA:285,1
DA:287,0
DA:288,0
DA:294,4
DA:295,0
DA:296,0
DA:297,0
DA:301,0
DA:302,0
DA:304,0
DA:305,0
DA:310,4
DA:311,1
DA:312,1
DA:319,1
DA:320,1
DA:321,18
DA:324,1
DA:325,0
DA:327,1
DA:328,0
DA:331,1
DA:332,2
DA:334,1
DA:336,1
DA:337,1
DA:353,1
DA:354,0
DA:356,1
DA:358,0
DA:359,0
DA:364,4
DA:365,2
DA:366,2
DA:367,2
DA:371,2
DA:372,1
DA:374,1
DA:376,0
DA:377,0
DA:383,4
DA:384,1
DA:385,1
DA:387,1
DA:391,1
DA:392,0
DA:396,0
DA:398,1
DA:402,1
DA:405,1
DA:406,1
DA:408,1
DA:409,0
DA:411,1
DA:413,0
DA:414,0
DA:419,4
DA:420,0
DA:422,0
DA:423,0
DA:425,0
DA:426,0
DA:427,0
DA:429,0
DA:430,0
DA:439,0
DA:441,0
DA:442,0
DA:454,4
DA:455,1
DA:456,1
DA:457,1
DA:462,1
DA:463,0
DA:465,1
DA:467,0
DA:468,0
DA:473,4
DA:474,1
DA:475,1
DA:476,1
DA:481,1
DA:482,0
DA:484,1
DA:486,0
DA:487,0
LF:179
LH:103
BRDA:11,0,0,4
BRDA:11,0,1,0
BRDA:18,1,0,0
BRDA:18,1,1,12
BRDA:45,2,0,1
BRDA:45,2,1,2
BRDA:45,3,0,3
BRDA:45,3,1,2
BRDA:62,4,0,2
BRDA:62,4,1,2
BRDA:63,5,0,2
BRDA:63,5,1,2
BRDA:64,6,0,2
BRDA:64,6,1,2
BRDA:65,7,0,2
BRDA:65,7,1,2
BRDA:66,8,0,2
BRDA:66,8,1,2
BRDA:67,9,0,2
BRDA:67,9,1,2
BRDA:68,10,0,2
BRDA:68,10,1,2
BRDA:69,11,0,2
BRDA:69,11,1,2
BRDA:70,12,0,2
BRDA:70,12,1,2
BRDA:92,13,0,1
BRDA:99,14,0,0
BRDA:99,14,1,1
BRDA:104,15,0,0
BRDA:104,15,1,1
BRDA:104,16,0,1
BRDA:104,16,1,0
BRDA:109,17,0,0
BRDA:109,17,1,1
BRDA:114,18,0,0
BRDA:114,18,1,1
BRDA:119,19,0,0
BRDA:119,19,1,1
BRDA:124,20,0,0
BRDA:124,20,1,1
BRDA:129,21,0,0
BRDA:129,21,1,1
BRDA:134,22,0,0
BRDA:134,22,1,1
BRDA:141,23,0,0
BRDA:141,23,1,0
BRDA:141,23,2,0
BRDA:141,23,3,1
BRDA:251,24,0,1
BRDA:251,24,1,0
BRDA:252,25,0,1
BRDA:252,25,1,0
BRDA:253,26,0,1
BRDA:253,26,1,1
BRDA:254,27,0,1
BRDA:254,27,1,0
BRDA:255,28,0,1
BRDA:255,28,1,0
BRDA:256,29,0,1
BRDA:256,29,1,0
BRDA:257,30,0,1
BRDA:257,30,1,0
BRDA:259,31,0,0
BRDA:259,31,1,1
BRDA:301,32,0,0
BRDA:301,32,1,0
BRDA:321,33,0,2
BRDA:321,33,1,16
BRDA:324,34,0,0
BRDA:324,34,1,1
BRDA:327,35,0,0
BRDA:327,35,1,1
BRDA:350,36,0,1
BRDA:350,36,1,0
BRDA:353,37,0,0
BRDA:353,37,1,1
BRDA:371,38,0,1
BRDA:371,38,1,1
BRDA:387,39,0,0
BRDA:387,39,1,1
BRDA:391,40,0,0
BRDA:391,40,1,1
BRDA:408,41,0,0
BRDA:408,41,1,1
BRDA:422,42,0,0
BRDA:422,42,1,0
BRDA:422,43,0,0
BRDA:422,43,1,0
BRDA:426,44,0,0
BRDA:426,44,1,0
BRDA:426,45,0,0
BRDA:426,45,1,0
BRDA:462,46,0,0
BRDA:462,46,1,1
BRDA:481,47,0,0
BRDA:481,47,1,1
BRF:97
BRH:57
end_of_record
TN:
SF:routes\jobDescriptions.js
FN:12,auth
FN:26,(anonymous_1)
FN:44,(anonymous_2)
FNF:3
FNH:0
FNDA:0,auth
FNDA:0,(anonymous_1)
FNDA:0,(anonymous_2)
DA:6,4
DA:7,4
DA:8,4
DA:9,4
DA:13,0
DA:14,0
DA:15,0
DA:16,0
DA:17,0
DA:18,0
DA:19,0
DA:21,0
DA:26,4
DA:27,0
DA:28,0
DA:29,0
DA:31,0
DA:32,0
DA:36,0
DA:38,0
DA:39,0
DA:44,4
DA:45,0
DA:46,0
DA:50,0
DA:52,0
DA:53,0
LF:27
LH:6
BRDA:9,0,0,4
BRDA:9,0,1,0
BRDA:14,1,0,0
BRDA:14,1,1,0
BRDA:28,2,0,0
BRDA:28,2,1,0
BRDA:28,3,0,0
BRDA:28,3,1,0
BRF:8
BRH:1
end_of_record
TN:
SF:routes\match.js
FN:18,getUserProfileObject
FN:84,getJobObject
FN:107,analyzeMatch
FN:176,(anonymous_3)
FN:268,(anonymous_4)
FNF:5
FNH:0
FNDA:0,getUserProfileObject
FNDA:0,getJobObject
FNDA:0,analyzeMatch
FNDA:0,(anonymous_3)
FNDA:0,(anonymous_4)
DA:6,4
DA:8,4
DA:12,4
DA:13,4
DA:20,0
DA:29,0
DA:38,0
DA:47,0
DA:55,0
DA:62,0
DA:64,0
DA:85,0
DA:93,0
DA:95,0
DA:108,0
DA:110,0
DA:137,0
DA:151,0
DA:152,0
DA:153,0
DA:155,0
DA:156,0
DA:159,0
DA:162,0
DA:176,4
DA:177,0
DA:180,0
DA:181,0
DA:183,0
DA:184,0
DA:185,0
DA:189,0
DA:190,0
DA:192,0
DA:198,0
DA:199,0
DA:204,0
DA:205,0
DA:207,0
DA:209,0
DA:230,0
DA:257,0
DA:259,0
DA:260,0
DA:261,0
DA:268,4
DA:269,0
DA:270,0
DA:290,0
DA:292,0
DA:293,0
LF:51
LH:6
BRDA:62,0,0,0
BRDA:62,0,1,0
BRDA:66,1,0,0
BRDA:66,1,1,0
BRDA:67,2,0,0
BRDA:67,2,1,0
BRDA:68,3,0,0
BRDA:68,3,1,0
BRDA:69,4,0,0
BRDA:69,4,1,0
BRDA:70,5,0,0
BRDA:70,5,1,0
BRDA:71,6,0,0
BRDA:71,6,1,0
BRDA:72,7,0,0
BRDA:72,7,1,0
BRDA:73,8,0,0
BRDA:73,8,1,0
BRDA:93,9,0,0
BRDA:93,9,1,0
BRDA:100,10,0,0
BRDA:100,10,1,0
BRDA:108,11,0,0
BRDA:108,11,1,0
BRDA:163,12,0,0
BRDA:163,12,1,0
BRDA:164,13,0,0
BRDA:164,13,1,0
BRDA:164,13,2,0
BRDA:165,14,0,0
BRDA:165,14,1,0
BRDA:165,14,2,0
BRDA:166,15,0,0
BRDA:166,15,1,0
BRDA:166,15,2,0
BRDA:167,16,0,0
BRDA:167,16,1,0
BRDA:168,17,0,0
BRDA:168,17,1,0
BRDA:169,18,0,0
BRDA:169,18,1,0
BRDA:183,19,0,0
BRDA:183,19,1,0
BRDA:183,20,0,0
BRDA:183,20,1,0
BRDA:183,20,2,0
BRDA:183,20,3,0
BRDA:189,21,0,0
BRDA:189,21,1,0
BRDA:189,22,0,0
BRDA:189,22,1,0
BRDA:193,23,0,0
BRDA:193,23,1,0
BRDA:194,24,0,0
BRDA:194,24,1,0
BRDA:195,25,0,0
BRDA:195,25,1,0
BRDA:204,26,0,0
BRDA:204,26,1,0
BRDA:240,27,0,0
BRDA:240,27,1,0
BRDA:241,28,0,0
BRDA:241,28,1,0
BRDA:242,29,0,0
BRDA:242,29,1,0
BRDA:243,30,0,0
BRDA:243,30,1,0
BRDA:246,31,0,0
BRDA:246,31,1,0
BRDA:247,32,0,0
BRDA:247,32,1,0
BRDA:248,33,0,0
BRDA:248,33,1,0
BRF:73
BRH:0
end_of_record
TN:
SF:routes\profile.js
FN:19,auth
FN:33,(anonymous_1)
FN:90,(anonymous_2)
FN:107,(anonymous_3)
FN:139,(anonymous_4)
FN:142,(anonymous_5)
FNF:6
FNH:0
FNDA:0,auth
FNDA:0,(anonymous_1)
FNDA:0,(anonymous_2)
FNDA:0,(anonymous_3)
FNDA:0,(anonymous_4)
FNDA:0,(anonymous_5)
DA:6,4
DA:7,4
DA:9,4
DA:12,4
DA:16,4
DA:20,0
DA:21,0
DA:22,0
DA:23,0
DA:24,0
DA:25,0
DA:26,0
DA:28,0
DA:33,4
DA:43,0
DA:44,0
DA:45,0
DA:49,0
DA:50,0
DA:66,0
DA:82,0
DA:84,0
DA:85,0
DA:90,4
DA:91,0
DA:92,0
DA:98,0
DA:99,0
DA:101,0
DA:102,0
DA:107,4
DA:108,0
DA:109,0
DA:111,0
DA:114,0
DA:117,0
DA:118,0
DA:123,0
DA:129,0
DA:134,0
DA:135,0
DA:139,4
DA:140,0
DA:142,0
DA:145,0
DA:175,0
DA:183,0
DA:185,0
DA:191,0
DA:200,0
DA:201,0
DA:202,0
DA:203,0
DA:204,0
DA:205,0
DA:207,0
DA:208,0
DA:209,0
DA:212,0
DA:213,0
DA:214,0
DA:217,0
DA:218,0
DA:219,0
DA:220,0
DA:221,0
DA:222,0
DA:223,0
DA:224,0
DA:225,0
DA:226,0
DA:227,0
DA:228,0
DA:233,0
DA:239,0
DA:240,0
LF:76
LH:9
BRDA:16,0,0,4
BRDA:16,0,1,0
BRDA:21,1,0,0
BRDA:21,1,1,0
BRDA:49,2,0,0
BRDA:49,2,1,0
BRDA:98,3,0,0
BRDA:98,3,1,0
BRDA:117,4,0,0
BRDA:117,4,1,0
BRDA:176,5,0,0
BRDA:176,5,1,0
BRDA:177,6,0,0
BRDA:177,6,1,0
BRDA:178,7,0,0
BRDA:178,7,1,0
BRDA:179,8,0,0
BRDA:179,8,1,0
BRDA:180,9,0,0
BRDA:180,9,1,0
BRDA:183,10,0,0
BRDA:183,10,1,0
BRDA:185,11,0,0
BRDA:185,11,1,0
BRDA:185,11,2,0
BRDA:185,11,3,0
BRDA:201,12,0,0
BRDA:201,12,1,0
BRDA:202,13,0,0
BRDA:202,13,1,0
BRDA:203,14,0,0
BRDA:203,14,1,0
BRDA:205,15,0,0
BRDA:205,15,1,0
BRDA:207,16,0,0
BRDA:207,16,1,0
BRDA:208,17,0,0
BRDA:208,17,1,0
BRDA:209,18,0,0
BRDA:209,18,1,0
BRDA:213,19,0,0
BRDA:213,19,1,0
BRDA:217,20,0,0
BRDA:217,20,1,0
BRDA:219,21,0,0
BRDA:219,21,1,0
BRDA:221,22,0,0
BRDA:221,22,1,0
BRDA:223,23,0,0
BRDA:223,23,1,0
BRDA:225,24,0,0
BRDA:225,24,1,0
BRDA:227,25,0,0
BRDA:227,25,1,0
BRF:54
BRH:1
end_of_record
TN:
SF:routes\projects.js
FN:17,auth
FN:34,(anonymous_1)
FN:76,(anonymous_2)
FN:102,(anonymous_3)
FN:121,(anonymous_4)
FN:161,(anonymous_5)
FN:191,(anonymous_6)
FNF:7
FNH:0
FNDA:0,auth
FNDA:0,(anonymous_1)
FNDA:0,(anonymous_2)
FNDA:0,(anonymous_3)
FNDA:0,(anonymous_4)
FNDA:0,(anonymous_5)
FNDA:0,(anonymous_6)
DA:6,4
DA:7,4
DA:8,4
DA:10,4
DA:14,4
DA:18,0
DA:19,0
DA:20,0
DA:21,0
DA:22,0
DA:23,0
DA:24,0
DA:26,0
DA:27,0
DA:34,4
DA:50,0
DA:52,0
DA:53,0
DA:58,0
DA:59,0
DA:69,0
DA:76,0
DA:87,0
DA:89,0
DA:94,0
DA:95,0
DA:102,4
DA:103,0
DA:104,0
DA:110,0
DA:111,0
DA:113,0
DA:114,0
DA:121,4
DA:137,0
DA:139,0
DA:140,0
DA:145,0
DA:146,0
DA:161,0
DA:175,0
DA:176,0
DA:178,0
DA:183,0
DA:184,0
DA:191,4
DA:192,0
DA:193,0
DA:202,0
DA:203,0
DA:205,0
DA:207,0
DA:208,0
LF:53
LH:9
BRDA:14,0,0,4
BRDA:14,0,1,0
BRDA:19,1,0,0
BRDA:19,1,1,0
BRDA:52,2,0,0
BRDA:52,2,1,0
BRDA:52,3,0,0
BRDA:52,3,1,0
BRDA:52,3,2,0
BRDA:52,3,3,0
BRDA:75,4,0,0
BRDA:75,4,1,0
BRDA:76,5,0,0
BRDA:76,5,1,0
BRDA:77,6,0,0
BRDA:77,6,1,0
BRDA:78,7,0,0
BRDA:78,7,1,0
BRDA:79,8,0,0
BRDA:79,8,1,0
BRDA:80,9,0,0
BRDA:80,9,1,0
BRDA:81,10,0,0
BRDA:81,10,1,0
BRDA:82,11,0,0
BRDA:82,11,1,0
BRDA:83,12,0,0
BRDA:83,12,1,0
BRDA:84,13,0,0
BRDA:84,13,1,0
BRDA:139,14,0,0
BRDA:139,14,1,0
BRDA:139,15,0,0
BRDA:139,15,1,0
BRDA:139,15,2,0
BRDA:139,15,3,0
BRDA:160,16,0,0
BRDA:160,16,1,0
BRDA:161,17,0,0
BRDA:161,17,1,0
BRDA:162,18,0,0
BRDA:162,18,1,0
BRDA:163,19,0,0
BRDA:163,19,1,0
BRDA:164,20,0,0
BRDA:164,20,1,0
BRDA:165,21,0,0
BRDA:165,21,1,0
BRDA:166,22,0,0
BRDA:166,22,1,0
BRDA:167,23,0,0
BRDA:167,23,1,0
BRDA:168,24,0,0
BRDA:168,24,1,0
BRDA:169,25,0,0
BRDA:169,25,1,0
BRDA:175,26,0,0
BRDA:175,26,1,0
BRDA:202,27,0,0
BRDA:202,27,1,0
BRF:60
BRH:1
end_of_record
TN:
SF:routes\resumePresets.js
FN:12,auth
FN:26,(anonymous_1)
FN:46,(anonymous_2)
FN:63,(anonymous_3)
FNF:4
FNH:0
FNDA:0,auth
FNDA:0,(anonymous_1)
FNDA:0,(anonymous_2)
FNDA:0,(anonymous_3)
DA:6,4
DA:7,4
DA:8,4
DA:9,4
DA:13,0
DA:14,0
DA:15,0
DA:16,0
DA:17,0
DA:18,0
DA:19,0
DA:21,0
DA:26,4
DA:27,0
DA:28,0
DA:29,0
DA:31,0
DA:32,0
DA:38,0
DA:40,0
DA:41,0
DA:46,4
DA:47,0
DA:48,0
DA:55,0
DA:57,0
DA:58,0
DA:63,4
DA:64,0
DA:65,0
DA:69,0
DA:71,0
LF:32
LH:7
BRDA:9,0,0,4
BRDA:9,0,1,0
BRDA:14,1,0,0
BRDA:14,1,1,0
BRDA:28,2,0,0
BRDA:28,2,1,0
BRDA:28,3,0,0
BRDA:28,3,1,0
BRF:8
BRH:1
end_of_record
TN:
SF:routes\resumes.js
FN:50,extractPdfText
FN:58,(anonymous_1)
FN:66,basicSectionParser
FN:69,(anonymous_3)
FN:89,normalizeSections
FN:111,(anonymous_5)
FN:116,(anonymous_6)
FN:146,toTemplateFileBase
FN:161,flattenForTemplate
FN:175,(anonymous_9)
FN:182,(anonymous_10)
FN:198,(anonymous_11)
FN:283,(anonymous_12)
FN:296,(anonymous_13)
FN:299,(anonymous_14)
FN:360,(anonymous_15)
FN:545,(anonymous_16)
FN:561,(anonymous_17)
FN:577,(anonymous_18)
FN:624,(anonymous_19)
FN:626,(anonymous_20)
FN:638,(anonymous_21)
FN:660,(anonymous_22)
FN:758,normalizeGeminiOutput
FN:771,(anonymous_24)
FN:774,(anonymous_25)
FN:785,(anonymous_26)
FN:798,(anonymous_27)
FN:892,(anonymous_28)
FN:905,(anonymous_29)
FN:923,(anonymous_30)
FNF:31
FNH:5
FNDA:0,extractPdfText
FNDA:0,(anonymous_1)
FNDA:0,basicSectionParser
FNDA:0,(anonymous_3)
FNDA:1,normalizeSections
FNDA:0,(anonymous_5)
FNDA:0,(anonymous_6)
FNDA:0,toTemplateFileBase
FNDA:1,flattenForTemplate
FNDA:0,(anonymous_9)
FNDA:0,(anonymous_10)
FNDA:1,(anonymous_11)
FNDA:0,(anonymous_12)
FNDA:0,(anonymous_13)
FNDA:0,(anonymous_14)
FNDA:0,(anonymous_15)
FNDA:1,(anonymous_16)
FNDA:1,(anonymous_17)
FNDA:0,(anonymous_18)
FNDA:0,(anonymous_19)
FNDA:0,(anonymous_20)
FNDA:0,(anonymous_21)
FNDA:0,(anonymous_22)
FNDA:0,normalizeGeminiOutput
FNDA:0,(anonymous_24)
FNDA:0,(anonymous_25)
FNDA:0,(anonymous_26)
FNDA:0,(anonymous_27)
FNDA:0,(anonymous_28)
FNDA:0,(anonymous_29)
FNDA:0,(anonymous_30)
DA:16,4
DA:21,4
DA:22,4
DA:23,4
DA:24,4
DA:26,4
DA:27,4
DA:29,4
DA:30,4
DA:32,4
DA:33,4
DA:34,0
DA:40,4
DA:41,4
DA:42,4
DA:44,0
DA:51,0
DA:52,0
DA:53,0
DA:54,0
DA:55,0
DA:56,0
DA:57,0
DA:58,0
DA:60,0
DA:67,0
DA:69,0
DA:71,0
DA:90,1
DA:91,1
DA:99,1
DA:100,5
DA:101,5
DA:102,4
DA:103,4
DA:106,1
DA:107,0
DA:108,0
DA:109,0
DA:111,0
DA:113,0
DA:116,1
DA:117,0
DA:118,0
DA:119,0
DA:120,0
DA:121,0
DA:122,0
DA:123,0
DA:128,1
DA:138,1
DA:147,0
DA:149,0
DA:151,0
DA:157,0
DA:162,1
DA:175,4
DA:176,0
DA:182,4
DA:183,0
DA:184,0
DA:188,0
DA:190,0
DA:191,0
DA:198,4
DA:199,1
DA:200,1
DA:208,1
DA:210,1
DA:211,0
DA:215,1
DA:218,1
DA:224,1
DA:225,0
DA:231,0
DA:233,1
DA:238,1
DA:242,1
DA:249,1
DA:250,1
DA:254,1
DA:257,1
DA:260,0
DA:261,0
DA:267,0
DA:278,0
DA:279,0
DA:283,4
DA:284,0
DA:285,0
DA:286,0
DA:287,0
DA:296,4
DA:297,0
DA:298,0
DA:299,0
DA:302,0
DA:324,0
DA:326,0
DA:344,0
DA:350,0
DA:351,0
DA:360,4
DA:361,0
DA:362,0
DA:364,0
DA:365,0
DA:366,0
DA:368,0
DA:369,0
DA:370,0
DA:371,0
DA:372,0
DA:373,0
DA:374,0
DA:375,0
DA:377,0
DA:380,0
DA:386,0
DA:510,0
DA:518,0
DA:519,0
DA:522,0
DA:523,0
DA:525,0
DA:526,0
DA:529,0
DA:531,0
DA:537,0
DA:538,0
DA:545,4
DA:546,1
DA:547,1
DA:552,1
DA:554,0
DA:555,0
DA:561,4
DA:562,1
DA:563,1
DA:567,0
DA:569,1
DA:570,1
DA:577,4
DA:578,0
DA:579,0
DA:583,0
DA:584,0
DA:586,0
DA:588,0
DA:592,0
DA:593,0
DA:598,0
DA:599,0
DA:600,0
DA:601,0
DA:602,0
DA:605,0
DA:606,0
DA:609,0
DA:610,0
DA:613,0
DA:615,0
DA:616,0
DA:617,0
DA:618,0
DA:619,0
DA:622,0
DA:623,0
DA:624,0
DA:625,0
DA:626,0
DA:628,0
DA:629,0
DA:632,0
DA:633,0
DA:634,0
DA:639,0
DA:646,0
DA:647,0
DA:650,0
DA:652,0
DA:653,0
DA:660,4
DA:661,0
DA:662,0
DA:664,0
DA:665,0
DA:669,0
DA:730,0
DA:738,0
DA:739,0
DA:743,0
DA:744,0
DA:747,0
DA:748,0
DA:751,0
DA:753,0
DA:754,0
DA:759,0
DA:760,0
DA:763,0
DA:770,0
DA:771,0
DA:775,0
DA:784,0
DA:785,0
DA:789,0
DA:790,0
DA:792,0
DA:798,4
DA:799,0
DA:800,0
DA:801,0
DA:802,0
DA:807,0
DA:852,0
DA:860,0
DA:861,0
DA:867,0
DA:868,0
DA:870,0
DA:871,0
DA:876,0
DA:885,0
DA:892,0
DA:905,0
DA:923,0
DA:928,0
DA:933,0
DA:935,0
DA:936,0
LF:231
LH:58
BRDA:30,0,0,0
BRDA:30,0,1,4
BRDA:33,1,0,0
BRDA:33,1,1,4
BRDA:42,2,0,4
BRDA:42,2,1,0
BRDA:66,3,0,0
BRDA:73,4,0,0
BRDA:73,4,1,0
BRDA:89,5,0,0
BRDA:101,6,0,4
BRDA:101,6,1,1
BRDA:106,7,0,0
BRDA:106,7,1,1
BRDA:107,8,0,0
BRDA:107,8,1,0
BRDA:108,9,0,0
BRDA:108,9,1,0
BRDA:117,10,0,0
BRDA:117,10,1,0
BRDA:129,11,0,0
BRDA:129,11,1,1
BRDA:129,12,0,1
BRDA:129,12,1,0
BRDA:146,13,0,0
BRDA:147,14,0,0
BRDA:147,14,1,0
BRDA:157,15,0,0
BRDA:157,15,1,0
BRDA:163,16,0,1
BRDA:163,16,1,0
BRDA:164,17,0,1
BRDA:164,17,1,0
BRDA:165,18,0,1
BRDA:165,18,1,0
BRDA:166,19,0,1
BRDA:166,19,1,0
BRDA:167,20,0,1
BRDA:167,20,1,0
BRDA:168,21,0,1
BRDA:168,21,1,0
BRDA:203,22,0,1
BRDA:204,23,0,0
BRDA:205,24,0,1
BRDA:207,25,0,1
BRDA:210,26,0,0
BRDA:210,26,1,1
BRDA:210,27,0,1
BRDA:210,27,1,1
BRDA:224,28,0,0
BRDA:224,28,1,1
BRDA:279,29,0,0
BRDA:279,29,1,0
BRDA:285,30,0,0
BRDA:285,30,1,0
BRDA:324,31,0,0
BRDA:324,31,1,0
BRDA:328,32,0,0
BRDA:328,32,1,0
BRDA:329,33,0,0
BRDA:329,33,1,0
BRDA:331,34,0,0
BRDA:331,34,1,0
BRDA:332,35,0,0
BRDA:332,35,1,0
BRDA:333,36,0,0
BRDA:333,36,1,0
BRDA:335,37,0,0
BRDA:335,37,1,0
BRDA:353,38,0,0
BRDA:353,38,1,0
BRDA:362,39,0,0
BRDA:362,39,1,0
BRDA:368,40,0,0
BRDA:368,40,1,0
BRDA:371,41,0,0
BRDA:371,41,1,0
BRDA:372,42,0,0
BRDA:372,42,1,0
BRDA:538,43,0,0
BRDA:538,43,1,0
BRDA:557,44,0,0
BRDA:557,44,1,0
BRDA:570,45,0,1
BRDA:570,45,1,0
BRDA:583,46,0,0
BRDA:583,46,1,0
BRDA:588,47,0,0
BRDA:588,47,1,0
BRDA:592,48,0,0
BRDA:592,48,1,0
BRDA:598,49,0,0
BRDA:598,49,1,0
BRDA:605,50,0,0
BRDA:605,50,1,0
BRDA:622,51,0,0
BRDA:622,51,1,0
BRDA:632,52,0,0
BRDA:632,52,1,0
BRDA:653,53,0,0
BRDA:653,53,1,0
BRDA:664,54,0,0
BRDA:664,54,1,0
BRDA:664,55,0,0
BRDA:664,55,1,0
BRDA:759,56,0,0
BRDA:759,56,1,0
BRDA:763,57,0,0
BRDA:763,57,1,0
BRDA:766,58,0,0
BRDA:766,58,1,0
BRDA:770,59,0,0
BRDA:770,59,1,0
BRDA:772,60,0,0
BRDA:772,60,1,0
BRDA:773,61,0,0
BRDA:773,61,1,0
BRDA:774,62,0,0
BRDA:774,62,1,0
BRDA:775,63,0,0
BRDA:775,63,1,0
BRDA:775,64,0,0
BRDA:775,64,1,0
BRDA:777,65,0,0
BRDA:777,65,1,0
BRDA:778,66,0,0
BRDA:778,66,1,0
BRDA:779,67,0,0
BRDA:779,67,1,0
BRDA:784,68,0,0
BRDA:784,68,1,0
BRDA:789,69,0,0
BRDA:789,69,1,0
BRDA:790,70,0,0
BRDA:790,70,1,0
BRDA:801,71,0,0
BRDA:801,71,1,0
BRDA:801,72,0,0
BRDA:801,72,1,0
BRDA:876,73,0,0
BRDA:876,73,1,0
BRDA:876,74,0,0
BRDA:876,74,1,0
BRDA:878,75,0,0
BRDA:878,75,1,0
BRDA:880,76,0,0
BRDA:880,76,1,0
BRDA:882,77,0,0
BRDA:882,77,1,0
BRDA:886,78,0,0
BRDA:886,78,1,0
BRDA:887,79,0,0
BRDA:887,79,1,0
BRDA:888,80,0,0
BRDA:888,80,1,0
BRDA:890,81,0,0
BRDA:890,81,1,0
BRDA:890,81,2,0
BRDA:893,82,0,0
BRDA:893,82,1,0
BRDA:893,82,2,0
BRDA:894,83,0,0
BRDA:894,83,1,0
BRDA:895,84,0,0
BRDA:895,84,1,0
BRDA:895,84,2,0
BRDA:897,85,0,0
BRDA:897,85,1,0
BRDA:897,85,2,0
BRDA:898,86,0,0
BRDA:898,86,1,0
BRDA:898,86,2,0
BRDA:900,87,0,0
BRDA:900,87,1,0
BRDA:902,88,0,0
BRDA:902,88,1,0
BRDA:903,89,0,0
BRDA:903,89,1,0
BRDA:905,90,0,0
BRDA:905,90,1,0
BRDA:905,91,0,0
BRDA:905,91,1,0
BRDA:907,92,0,0
BRDA:907,92,1,0
BRDA:908,93,0,0
BRDA:908,93,1,0
BRDA:909,94,0,0
BRDA:909,94,1,0
BRDA:910,95,0,0
BRDA:910,95,1,0
BRDA:910,95,2,0
BRDA:913,96,0,0
BRDA:913,96,1,0
BRDA:913,97,0,0
BRDA:913,97,1,0
BRDA:915,98,0,0
BRDA:915,98,1,0
BRDA:917,99,0,0
BRDA:917,99,1,0
BRDA:917,100,0,0
BRDA:917,100,1,0
BRDA:919,101,0,0
BRDA:919,101,1,0
BRDA:921,102,0,0
BRDA:921,102,1,0
BRDA:921,103,0,0
BRDA:921,103,1,0
BRDA:923,104,0,0
BRDA:923,104,1,0
BRDA:923,104,2,0
BRF:210
BRH:22
end_of_record
TN:
SF:routes\sectionPresets.js
FN:11,auth
FN:24,(anonymous_1)
FN:44,(anonymous_2)
FN:61,(anonymous_3)
FNF:4
FNH:0
FNDA:0,auth
FNDA:0,(anonymous_1)
FNDA:0,(anonymous_2)
FNDA:0,(anonymous_3)
DA:6,4
DA:7,4
DA:8,4
DA:9,4
DA:12,0
DA:13,0
DA:14,0
DA:15,0
DA:16,0
DA:17,0
DA:18,0
DA:20,0
DA:24,4
DA:25,0
DA:26,0
DA:27,0
DA:29,0
DA:30,0
DA:36,0
DA:38,0
DA:39,0
DA:44,4
DA:45,0
DA:46,0
DA:53,0
DA:55,0
DA:56,0
DA:61,4
DA:62,0
DA:63,0
DA:67,0
DA:69,0
LF:32
LH:7
BRDA:9,0,0,4
BRDA:9,0,1,0
BRDA:13,1,0,0
BRDA:13,1,1,0
BRDA:26,2,0,0
BRDA:26,2,1,0
BRDA:26,3,0,0
BRDA:26,3,1,0
BRDA:26,3,2,0
BRF:9
BRH:1
end_of_record
TN:
SF:routes\skillProgress.js
FN:13,auth
FN:35,(anonymous_1)
FN:55,(anonymous_2)
FNF:3
FNH:0
FNDA:0,auth
FNDA:0,(anonymous_1)
FNDA:0,(anonymous_2)
DA:6,4
DA:7,4
DA:8,4
DA:9,4
DA:10,4
DA:14,0
DA:16,0
DA:17,0
DA:20,0
DA:21,0
DA:22,0
DA:23,0
DA:24,0
DA:26,0
DA:35,4
DA:36,0
DA:37,0
DA:44,0
DA:46,0
DA:47,0
DA:55,4
DA:56,0
DA:57,0
DA:60,0
DA:62,0
DA:63,0
DA:66,0
DA:67,0
DA:76,0
DA:78,0
DA:79,0
LF:31
LH:7
BRDA:10,0,0,4
BRDA:10,0,1,0
BRDA:16,1,0,0
BRDA:16,1,1,0
BRDA:62,2,0,0
BRDA:62,2,1,0
BRF:6
BRH:1
end_of_record
TN:
SF:routes\skills.js
FN:13,auth
FN:27,(anonymous_1)
FN:53,(anonymous_2)
FN:67,(anonymous_3)
FN:87,(anonymous_4)
FNF:5
FNH:0
FNDA:0,auth
FNDA:0,(anonymous_1)
FNDA:0,(anonymous_2)
FNDA:0,(anonymous_3)
FNDA:0,(anonymous_4)
DA:6,4
DA:7,4
DA:8,4
DA:9,4
DA:10,4
DA:14,0
DA:15,0
DA:16,0
DA:17,0
DA:18,0
DA:19,0
DA:20,0
DA:22,0
DA:27,4
DA:28,0
DA:29,0
DA:31,0
DA:32,0
DA:36,0
DA:37,0
DA:39,0
DA:45,0
DA:47,0
DA:48,0
DA:53,4
DA:54,0
DA:55,0
DA:59,0
DA:61,0
DA:62,0
DA:67,4
DA:68,0
DA:69,0
DA:70,0
DA:78,0
DA:79,0
DA:81,0
DA:82,0
DA:87,4
DA:88,0
DA:89,0
DA:93,0
DA:94,0
DA:95,0
DA:97,0
DA:98,0
LF:46
LH:9
BRDA:10,0,0,4
BRDA:10,0,1,0
BRDA:15,1,0,0
BRDA:15,1,1,0
BRDA:29,2,0,0
BRDA:29,2,1,0
BRDA:36,3,0,0
BRDA:36,3,1,0
BRDA:78,4,0,0
BRDA:78,4,1,0
BRDA:93,5,0,0
BRDA:93,5,1,0
BRF:12
BRH:1
end_of_record
TN:
SF:routes\skillsGap.js
FN:16,auth
FN:46,(anonymous_1)
FN:59,(anonymous_2)
FN:76,(anonymous_3)
FN:93,calculatePriority
FN:114,(anonymous_5)
FN:116,(anonymous_6)
FN:149,(anonymous_7)
FN:152,getRes
FN:158,(anonymous_9)
FN:168,(anonymous_10)
FNF:11
FNH:0
FNDA:0,auth
FNDA:0,(anonymous_1)
FNDA:0,(anonymous_2)
FNDA:0,(anonymous_3)
FNDA:0,calculatePriority
FNDA:0,(anonymous_5)
FNDA:0,(anonymous_6)
FNDA:0,(anonymous_7)
FNDA:0,getRes
FNDA:0,(anonymous_9)
FNDA:0,(anonymous_10)
DA:9,4
DA:10,4
DA:11,4
DA:12,4
DA:13,4
DA:17,0
DA:18,0
DA:19,0
DA:20,0
DA:21,0
DA:22,0
DA:23,0
DA:25,0
DA:30,4
DA:31,4
DA:34,4
DA:35,4
DA:36,4
DA:37,4
DA:39,0
DA:46,4
DA:47,0
DA:48,0
DA:50,0
DA:52,0
DA:59,0
DA:66,0
DA:71,0
DA:72,0
DA:75,0
DA:76,0
DA:77,0
DA:80,0
DA:81,0
DA:82,0
DA:83,0
DA:94,0
DA:97,0
DA:98,0
DA:101,0
DA:102,0
DA:106,0
DA:109,0
DA:110,0
DA:114,0
DA:115,0
DA:116,0
DA:118,0
DA:119,0
DA:121,0
DA:127,0
DA:128,0
DA:130,0
DA:137,0
DA:139,0
DA:149,0
DA:153,0
DA:155,0
DA:157,0
DA:158,0
DA:164,0
DA:167,0
DA:168,0
DA:169,0
DA:173,0
DA:183,0
DA:184,0
LF:67
LH:12
BRDA:13,0,0,4
BRDA:13,0,1,0
BRDA:18,1,0,0
BRDA:18,1,1,0
BRDA:62,2,0,0
BRDA:62,2,1,0
BRDA:71,3,0,0
BRDA:71,3,1,0
BRDA:75,4,0,0
BRDA:75,4,1,0
BRDA:77,5,0,0
BRDA:77,5,1,0
BRDA:97,6,0,0
BRDA:97,6,1,0
BRDA:102,7,0,0
BRDA:102,7,1,0
BRDA:118,8,0,0
BRDA:118,8,1,0
BRDA:127,9,0,0
BRDA:127,9,1,0
BRDA:155,10,0,0
BRDA:155,10,1,0
BRDA:157,11,0,0
BRDA:157,11,1,0
BRF:24
BRH:1
end_of_record
TN:
SF:routes\upload.js
FN:20,(anonymous_0)
FN:21,(anonymous_1)
FN:30,(anonymous_2)
FN:38,(anonymous_3)
FNF:4
FNH:0
FNDA:0,(anonymous_0)
FNDA:0,(anonymous_1)
FNDA:0,(anonymous_2)
FNDA:0,(anonymous_3)
DA:7,4
DA:9,4
DA:10,4
DA:13,4
DA:14,4
DA:15,0
DA:19,4
DA:20,0
DA:22,0
DA:23,0
DA:27,4
DA:31,0
DA:32,0
DA:33,0
DA:38,4
DA:39,0
DA:40,0
LF:17
LH:8
BRDA:14,0,0,0
BRDA:14,0,1,4
BRDA:33,1,0,0
BRDA:33,1,1,0
BRF:4
BRH:1
end_of_record
TN:
SF:utils\renderTemplate.js
FN:19,(anonymous_0)
FN:25,(anonymous_1)
FN:30,(anonymous_2)
FN:42,(anonymous_3)
FN:50,(anonymous_4)
FN:55,(anonymous_5)
FN:60,(anonymous_6)
FN:90,categorizeSkills
FN:285,(anonymous_8)
FN:289,(anonymous_9)
FN:291,(anonymous_10)
FN:293,(anonymous_11)
FN:295,(anonymous_12)
FN:297,(anonymous_13)
FN:299,(anonymous_14)
FN:318,renderTemplate
FNF:16
FNH:2
FNDA:0,(anonymous_0)
FNDA:0,(anonymous_1)
FNDA:0,(anonymous_2)
FNDA:0,(anonymous_3)
FNDA:0,(anonymous_4)
FNDA:0,(anonymous_5)
FNDA:0,(anonymous_6)
FNDA:1,categorizeSkills
FNDA:0,(anonymous_8)
FNDA:0,(anonymous_9)
FNDA:0,(anonymous_10)
FNDA:0,(anonymous_11)
FNDA:0,(anonymous_12)
FNDA:0,(anonymous_13)
FNDA:0,(anonymous_14)
FNDA:1,renderTemplate
DA:8,4
DA:9,4
DA:12,4
DA:19,4
DA:20,0
DA:23,0
DA:25,0
DA:30,4
DA:31,0
DA:32,0
DA:33,0
DA:34,0
DA:35,0
DA:37,0
DA:42,4
DA:43,0
DA:44,0
DA:45,0
DA:46,0
DA:50,4
DA:51,0
DA:55,4
DA:56,0
DA:60,4
DA:61,0
DA:63,0
DA:81,0
DA:82,0
DA:84,0
DA:91,1
DA:101,1
DA:173,1
DA:191,1
DA:214,1
DA:240,1
DA:254,1
DA:264,1
DA:274,1
DA:275,0
DA:278,0
DA:282,0
DA:285,0
DA:289,0
DA:290,0
DA:291,0
DA:292,0
DA:293,0
DA:294,0
DA:295,0
DA:296,0
DA:297,0
DA:298,0
DA:299,0
DA:300,0
DA:301,0
DA:304,1
DA:319,1
DA:321,1
DA:322,1
DA:323,0
DA:324,0
DA:327,1
DA:330,1
DA:341,1
DA:342,1
DA:345,1
DA:346,1
DA:347,1
DA:350,1
DA:351,1
DA:352,1
DA:355,1
DA:356,1
DA:357,1
DA:360,1
DA:365,1
DA:366,1
DA:369,1
DA:376,0
DA:377,0
DA:378,0
DA:380,0
DA:381,0
LF:83
LH:39
BRDA:20,0,0,0
BRDA:20,0,1,0
BRDA:31,1,0,0
BRDA:31,1,1,0
BRDA:34,2,0,0
BRDA:34,2,1,0
BRDA:44,3,0,0
BRDA:44,3,1,0
BRDA:45,4,0,0
BRDA:45,4,1,0
BRDA:46,5,0,0
BRDA:46,5,1,0
BRDA:51,6,0,0
BRDA:51,6,1,0
BRDA:56,7,0,0
BRDA:56,7,1,0
BRDA:61,8,0,0
BRDA:61,8,1,0
BRDA:82,9,0,0
BRDA:82,9,1,0
BRDA:90,10,0,0
BRDA:276,11,0,0
BRDA:276,11,1,0
BRDA:276,12,0,0
BRDA:276,12,1,0
BRDA:278,13,0,0
BRDA:278,13,1,0
BRDA:282,14,0,0
BRDA:282,14,1,0
BRDA:289,15,0,0
BRDA:289,15,1,0
BRDA:291,16,0,0
BRDA:291,16,1,0
BRDA:293,17,0,0
BRDA:293,17,1,0
BRDA:295,18,0,0
BRDA:295,18,1,0
BRDA:297,19,0,0
BRDA:297,19,1,0
BRDA:299,20,0,0
BRDA:299,20,1,0
BRDA:322,21,0,0
BRDA:322,21,1,1
BRDA:351,22,0,1
BRDA:351,22,1,0
BRF:45
BRH:2
end_of_record
