TN:
SF:server.js
FN:46,(anonymous_0)
FN:47,(anonymous_1)
FN:53,makeToken
FN:59,auth
FN:76,(anonymous_4)
FN:123,(anonymous_5)
FN:147,(anonymous_6)
FN:152,(anonymous_7)
FN:179,(anonymous_8)
FN:222,(anonymous_9)
FN:237,(anonymous_10)
FN:252,(anonymous_11)
FN:298,(anonymous_12)
FN:340,(anonymous_13)
FN:356,(anonymous_14)
FN:362,(anonymous_15)
FN:366,(anonymous_16)
FNF:17
FNH:11
FNDA:8,(anonymous_0)
FNDA:0,(anonymous_1)
FNDA:2,makeToken
FNDA:5,auth
FNDA:4,(anonymous_4)
FNDA:3,(anonymous_5)
FNDA:1,(anonymous_6)
FNDA:0,(anonymous_7)
FNDA:0,(anonymous_8)
FNDA:1,(anonymous_9)
FNDA:1,(anonymous_10)
FNDA:2,(anonymous_11)
FNDA:1,(anonymous_12)
FNDA:55,(anonymous_13)
FNDA:0,(anonymous_14)
FNDA:0,(anonymous_15)
FNDA:0,(anonymous_16)
DA:22,8
DA:25,8
DA:26,8
DA:27,8
DA:29,8
DA:30,8
DA:33,8
DA:34,8
DA:37,8
DA:40,8
DA:44,8
DA:46,8
DA:47,0
DA:50,8
DA:51,8
DA:54,2
DA:60,5
DA:61,5
DA:62,4
DA:63,4
DA:64,4
DA:65,4
DA:66,4
DA:68,0
DA:73,8
DA:76,8
DA:83,4
DA:84,4
DA:85,4
DA:86,1
DA:88,3
DA:89,1
DA:93,2
DA:94,0
DA:96,2
DA:97,0
DA:102,2
DA:103,2
DA:106,2
DA:107,1
DA:109,1
DA:110,1
DA:114,1
DA:115,1
DA:117,0
DA:118,0
DA:123,8
DA:124,3
DA:125,3
DA:126,3
DA:127,3
DA:130,3
DA:131,1
DA:133,2
DA:134,2
DA:135,2
DA:136,1
DA:138,1
DA:139,1
DA:141,0
DA:142,0
DA:147,8
DA:148,1
DA:152,8
DA:153,0
DA:154,0
DA:155,0
DA:156,0
DA:160,0
DA:161,0
DA:162,0
DA:163,0
DA:164,0
DA:169,0
DA:173,0
DA:174,0
DA:179,8
DA:185,0
DA:186,0
DA:188,0
DA:189,0
DA:190,0
DA:196,0
DA:199,0
DA:200,0
DA:201,0
DA:202,0
DA:204,0
DA:205,0
DA:209,0
DA:210,0
DA:212,0
DA:213,0
DA:214,0
DA:216,0
DA:217,0
DA:222,8
DA:223,1
DA:224,1
DA:228,1
DA:229,0
DA:230,1
DA:232,0
DA:233,0
DA:237,8
DA:238,1
DA:239,1
DA:240,1
DA:244,1
DA:246,0
DA:247,0
DA:252,8
DA:253,2
DA:254,2
DA:255,2
DA:258,2
DA:259,0
DA:261,2
DA:262,2
DA:263,2
DA:265,1
DA:266,1
DA:268,0
DA:269,0
DA:298,8
DA:299,1
DA:300,1
DA:301,1
DA:302,0
DA:305,1
DA:310,0
DA:311,0
DA:312,0
DA:313,0
DA:316,0
DA:319,0
DA:320,0
DA:327,0
DA:329,0
DA:335,1
DA:336,1
DA:339,8
DA:340,8
DA:341,55
DA:342,55
DA:347,8
DA:348,8
DA:349,8
DA:350,8
DA:351,8
DA:352,8
DA:353,8
DA:356,8
DA:357,0
DA:358,0
DA:362,8
DA:365,8
DA:366,0
LF:158
LH:98
BRDA:50,0,0,8
BRDA:50,0,1,0
BRDA:61,1,0,1
BRDA:61,1,1,4
BRDA:78,2,0,1
BRDA:79,3,0,1
BRDA:80,4,0,1
BRDA:81,5,0,2
BRDA:82,6,0,2
BRDA:85,7,0,1
BRDA:85,7,1,3
BRDA:85,8,0,4
BRDA:85,8,1,3
BRDA:88,9,0,1
BRDA:88,9,1,2
BRDA:93,10,0,0
BRDA:93,10,1,2
BRDA:96,11,0,0
BRDA:96,11,1,2
BRDA:96,12,0,2
BRDA:96,12,1,2
BRDA:106,13,0,1
BRDA:106,13,1,1
BRDA:124,14,0,0
BRDA:124,15,0,0
BRDA:130,16,0,1
BRDA:130,16,1,2
BRDA:134,17,0,2
BRDA:134,17,1,0
BRDA:135,18,0,1
BRDA:135,18,1,1
BRDA:154,19,0,0
BRDA:160,20,0,0
BRDA:160,20,1,0
BRDA:181,21,0,0
BRDA:182,22,0,0
BRDA:183,23,0,0
BRDA:184,24,0,0
BRDA:190,25,0,0
BRDA:190,25,1,0
BRDA:191,26,0,0
BRDA:191,26,1,0
BRDA:191,26,2,0
BRDA:191,26,3,0
BRDA:199,27,0,0
BRDA:199,27,1,0
BRDA:201,28,0,0
BRDA:201,28,1,0
BRDA:209,29,0,0
BRDA:209,29,1,0
BRDA:228,30,0,0
BRDA:228,30,1,1
BRDA:238,31,0,0
BRDA:238,32,0,0
BRDA:254,33,0,0
BRDA:258,34,0,0
BRDA:258,34,1,2
BRDA:262,35,0,2
BRDA:262,35,1,0
BRDA:263,36,0,1
BRDA:263,36,1,1
BRDA:301,37,0,0
BRDA:301,37,1,1
BRDA:312,38,0,0
BRDA:312,38,1,0
BRDA:313,39,0,0
BRDA:313,39,1,0
BRDA:319,40,0,0
BRDA:319,40,1,0
BRDA:339,41,0,8
BRDA:339,41,1,0
BRDA:365,42,0,0
BRDA:365,42,1,8
BRF:73
BRH:33
end_of_record
TN:
SF:routes\certification.js
FN:13,auth
FN:28,(anonymous_1)
FN:85,(anonymous_2)
FN:99,(anonymous_3)
FN:156,(anonymous_4)
FNF:5
FNH:1
FNDA:7,auth
FNDA:0,(anonymous_1)
FNDA:0,(anonymous_2)
FNDA:0,(anonymous_3)
FNDA:0,(anonymous_4)
DA:6,8
DA:7,8
DA:8,8
DA:9,8
DA:10,8
DA:14,7
DA:15,7
DA:17,7
DA:18,7
DA:19,7
DA:20,7
DA:21,0
DA:23,7
DA:28,8
DA:29,0
DA:41,0
DA:43,0
DA:44,0
DA:49,0
DA:50,0
DA:52,0
DA:56,0
DA:77,0
DA:79,0
DA:80,0
DA:85,8
DA:86,0
DA:87,0
DA:91,0
DA:93,0
DA:94,0
DA:99,8
DA:100,0
DA:113,0
DA:114,0
DA:115,0
DA:117,0
DA:118,0
DA:119,0
DA:122,0
DA:125,0
DA:128,0
DA:129,0
DA:133,0
DA:134,0
DA:136,0
DA:138,0
DA:145,0
DA:146,0
DA:147,0
DA:148,0
DA:150,0
DA:151,0
DA:156,8
DA:157,0
DA:158,0
DA:162,0
DA:163,0
DA:164,0
DA:166,0
DA:167,0
LF:61
LH:16
BRDA:10,0,0,8
BRDA:10,0,1,0
BRDA:15,1,0,0
BRDA:15,1,1,7
BRDA:43,2,0,0
BRDA:43,2,1,0
BRDA:43,3,0,0
BRDA:43,3,1,0
BRDA:49,4,0,0
BRDA:49,4,1,0
BRDA:50,5,0,0
BRDA:50,5,1,0
BRDA:50,6,0,0
BRDA:50,6,1,0
BRDA:52,7,0,0
BRDA:52,7,1,0
BRDA:52,8,0,0
BRDA:52,8,1,0
BRDA:66,9,0,0
BRDA:66,9,1,0
BRDA:67,10,0,0
BRDA:67,10,1,0
BRDA:70,11,0,0
BRDA:70,11,1,0
BRDA:71,12,0,0
BRDA:71,12,1,0
BRDA:73,13,0,0
BRDA:73,13,1,0
BRDA:118,14,0,0
BRDA:118,14,1,0
BRDA:122,15,0,0
BRDA:122,15,1,0
BRDA:125,16,0,0
BRDA:125,16,1,0
BRDA:125,17,0,0
BRDA:125,17,1,0
BRDA:133,18,0,0
BRDA:133,18,1,0
BRDA:147,19,0,0
BRDA:147,19,1,0
BRDA:162,20,0,0
BRDA:162,20,1,0
BRF:42
BRH:2
end_of_record
TN:
SF:routes\education.js
FN:14,auth
FN:28,(anonymous_1)
FN:73,(anonymous_2)
FN:87,(anonymous_3)
FN:132,(anonymous_4)
FNF:5
FNH:1
FNDA:7,auth
FNDA:0,(anonymous_1)
FNDA:0,(anonymous_2)
FNDA:0,(anonymous_3)
FNDA:0,(anonymous_4)
DA:6,8
DA:7,8
DA:8,8
DA:10,8
DA:11,8
DA:15,7
DA:16,7
DA:17,7
DA:18,7
DA:19,7
DA:20,7
DA:21,0
DA:23,7
DA:28,8
DA:39,0
DA:41,0
DA:42,0
DA:44,0
DA:45,0
DA:65,0
DA:67,0
DA:68,0
DA:73,8
DA:74,0
DA:75,0
DA:79,0
DA:81,0
DA:82,0
DA:87,8
DA:98,0
DA:100,0
DA:101,0
DA:123,0
DA:124,0
DA:126,0
DA:127,0
DA:132,8
DA:133,0
DA:134,0
DA:138,0
DA:139,0
DA:140,0
DA:142,0
DA:143,0
LF:44
LH:16
BRDA:11,0,0,8
BRDA:11,0,1,0
BRDA:16,1,0,0
BRDA:16,1,1,7
BRDA:41,2,0,0
BRDA:41,2,1,0
BRDA:41,3,0,0
BRDA:41,3,1,0
BRDA:41,3,2,0
BRDA:57,4,0,0
BRDA:57,4,1,0
BRDA:58,5,0,0
BRDA:58,5,1,0
BRDA:59,6,0,0
BRDA:59,6,1,0
BRDA:60,7,0,0
BRDA:60,7,1,0
BRDA:61,8,0,0
BRDA:61,8,1,0
BRDA:62,9,0,0
BRDA:62,9,1,0
BRDA:112,10,0,0
BRDA:112,10,1,0
BRDA:113,11,0,0
BRDA:113,11,1,0
BRDA:114,12,0,0
BRDA:114,12,1,0
BRDA:115,13,0,0
BRDA:115,13,1,0
BRDA:116,14,0,0
BRDA:116,14,1,0
BRDA:117,15,0,0
BRDA:117,15,1,0
BRDA:123,16,0,0
BRDA:123,16,1,0
BRDA:138,17,0,0
BRDA:138,17,1,0
BRF:37
BRH:2
end_of_record
TN:
SF:routes\employment.js
FN:17,auth
FN:34,(anonymous_1)
FN:89,(anonymous_2)
FN:110,(anonymous_3)
FN:165,(anonymous_4)
FNF:5
FNH:1
FNDA:7,auth
FNDA:0,(anonymous_1)
FNDA:0,(anonymous_2)
FNDA:0,(anonymous_3)
FNDA:0,(anonymous_4)
DA:6,8
DA:7,8
DA:8,8
DA:10,8
DA:14,8
DA:18,7
DA:19,7
DA:20,7
DA:21,7
DA:22,7
DA:23,7
DA:24,0
DA:26,7
DA:27,7
DA:34,8
DA:43,0
DA:45,0
DA:46,0
DA:51,0
DA:52,0
DA:57,0
DA:58,0
DA:64,0
DA:75,0
DA:76,0
DA:81,0
DA:82,0
DA:89,8
DA:90,0
DA:91,0
DA:100,0
DA:102,0
DA:103,0
DA:110,8
DA:119,0
DA:121,0
DA:122,0
DA:127,0
DA:128,0
DA:149,0
DA:150,0
DA:152,0
DA:157,0
DA:158,0
DA:165,8
DA:166,0
DA:167,0
DA:176,0
DA:177,0
DA:179,0
DA:181,0
DA:182,0
LF:52
LH:17
BRDA:14,0,0,8
BRDA:14,0,1,0
BRDA:19,1,0,0
BRDA:19,1,1,7
BRDA:45,2,0,0
BRDA:45,2,1,0
BRDA:45,3,0,0
BRDA:45,3,1,0
BRDA:45,3,2,0
BRDA:51,4,0,0
BRDA:51,4,1,0
BRDA:51,5,0,0
BRDA:51,5,1,0
BRDA:51,5,2,0
BRDA:70,6,0,0
BRDA:70,6,1,0
BRDA:71,7,0,0
BRDA:71,7,1,0
BRDA:72,8,0,0
BRDA:72,8,1,0
BRDA:121,9,0,0
BRDA:121,9,1,0
BRDA:121,10,0,0
BRDA:121,10,1,0
BRDA:121,10,2,0
BRDA:141,11,0,0
BRDA:141,11,1,0
BRDA:142,12,0,0
BRDA:142,12,1,0
BRDA:143,13,0,0
BRDA:143,13,1,0
BRDA:149,14,0,0
BRDA:149,14,1,0
BRDA:176,15,0,0
BRDA:176,15,1,0
BRF:35
BRH:2
end_of_record
TN:
SF:routes\profile.js
FN:19,auth
FN:33,(anonymous_1)
FN:58,(anonymous_2)
FN:75,(anonymous_3)
FNF:4
FNH:1
FNDA:3,auth
FNDA:0,(anonymous_1)
FNDA:0,(anonymous_2)
FNDA:0,(anonymous_3)
DA:6,8
DA:7,8
DA:9,8
DA:12,8
DA:16,8
DA:20,3
DA:21,3
DA:22,2
DA:23,2
DA:24,2
DA:25,2
DA:26,0
DA:28,2
DA:33,8
DA:34,0
DA:35,0
DA:36,0
DA:37,0
DA:38,0
DA:44,0
DA:50,0
DA:52,0
DA:53,0
DA:58,8
DA:59,0
DA:60,0
DA:66,0
DA:67,0
DA:69,0
DA:70,0
DA:75,8
DA:76,0
DA:77,0
DA:79,0
DA:82,0
DA:83,0
DA:84,0
DA:89,0
DA:92,0
DA:94,0
DA:95,0
LF:41
LH:15
BRDA:16,0,0,8
BRDA:16,0,1,0
BRDA:21,1,0,1
BRDA:21,1,1,2
BRDA:37,2,0,0
BRDA:37,2,1,0
BRDA:66,3,0,0
BRDA:66,3,1,0
BRDA:83,4,0,0
BRDA:83,4,1,0
BRF:10
BRH:3
end_of_record
TN:
SF:routes\projects.js
FN:17,auth
FN:34,(anonymous_1)
FN:76,(anonymous_2)
FN:102,(anonymous_3)
FN:121,(anonymous_4)
FN:161,(anonymous_5)
FN:191,(anonymous_6)
FNF:7
FNH:1
FNDA:7,auth
FNDA:0,(anonymous_1)
FNDA:0,(anonymous_2)
FNDA:0,(anonymous_3)
FNDA:0,(anonymous_4)
FNDA:0,(anonymous_5)
FNDA:0,(anonymous_6)
DA:6,8
DA:7,8
DA:8,8
DA:10,8
DA:14,8
DA:18,7
DA:19,7
DA:20,7
DA:21,7
DA:22,7
DA:23,7
DA:24,0
DA:26,7
DA:27,7
DA:34,8
DA:50,0
DA:52,0
DA:53,0
DA:58,0
DA:59,0
DA:69,0
DA:76,0
DA:87,0
DA:89,0
DA:94,0
DA:95,0
DA:102,8
DA:103,0
DA:104,0
DA:110,0
DA:111,0
DA:113,0
DA:114,0
DA:121,8
DA:137,0
DA:139,0
DA:140,0
DA:145,0
DA:146,0
DA:161,0
DA:175,0
DA:176,0
DA:178,0
DA:183,0
DA:184,0
DA:191,8
DA:192,0
DA:193,0
DA:202,0
DA:203,0
DA:205,0
DA:207,0
DA:208,0
LF:53
LH:17
BRDA:14,0,0,8
BRDA:14,0,1,0
BRDA:19,1,0,0
BRDA:19,1,1,7
BRDA:52,2,0,0
BRDA:52,2,1,0
BRDA:52,3,0,0
BRDA:52,3,1,0
BRDA:52,3,2,0
BRDA:52,3,3,0
BRDA:75,4,0,0
BRDA:75,4,1,0
BRDA:76,5,0,0
BRDA:76,5,1,0
BRDA:77,6,0,0
BRDA:77,6,1,0
BRDA:78,7,0,0
BRDA:78,7,1,0
BRDA:79,8,0,0
BRDA:79,8,1,0
BRDA:80,9,0,0
BRDA:80,9,1,0
BRDA:81,10,0,0
BRDA:81,10,1,0
BRDA:82,11,0,0
BRDA:82,11,1,0
BRDA:83,12,0,0
BRDA:83,12,1,0
BRDA:84,13,0,0
BRDA:84,13,1,0
BRDA:139,14,0,0
BRDA:139,14,1,0
BRDA:139,15,0,0
BRDA:139,15,1,0
BRDA:139,15,2,0
BRDA:139,15,3,0
BRDA:160,16,0,0
BRDA:160,16,1,0
BRDA:161,17,0,0
BRDA:161,17,1,0
BRDA:162,18,0,0
BRDA:162,18,1,0
BRDA:163,19,0,0
BRDA:163,19,1,0
BRDA:164,20,0,0
BRDA:164,20,1,0
BRDA:165,21,0,0
BRDA:165,21,1,0
BRDA:166,22,0,0
BRDA:166,22,1,0
BRDA:167,23,0,0
BRDA:167,23,1,0
BRDA:168,24,0,0
BRDA:168,24,1,0
BRDA:169,25,0,0
BRDA:169,25,1,0
BRDA:175,26,0,0
BRDA:175,26,1,0
BRDA:202,27,0,0
BRDA:202,27,1,0
BRF:60
BRH:2
end_of_record
TN:
SF:routes\skills.js
FN:13,auth
FN:27,(anonymous_1)
FN:53,(anonymous_2)
FN:67,(anonymous_3)
FN:87,(anonymous_4)
FNF:5
FNH:0
FNDA:0,auth
FNDA:0,(anonymous_1)
FNDA:0,(anonymous_2)
FNDA:0,(anonymous_3)
FNDA:0,(anonymous_4)
DA:6,8
DA:7,8
DA:8,8
DA:9,8
DA:10,8
DA:14,0
DA:15,0
DA:16,0
DA:17,0
DA:18,0
DA:19,0
DA:20,0
DA:22,0
DA:27,8
DA:28,0
DA:29,0
DA:31,0
DA:32,0
DA:36,0
DA:37,0
DA:39,0
DA:45,0
DA:47,0
DA:48,0
DA:53,8
DA:54,0
DA:55,0
DA:59,0
DA:61,0
DA:62,0
DA:67,8
DA:68,0
DA:69,0
DA:70,0
DA:78,0
DA:79,0
DA:81,0
DA:82,0
DA:87,8
DA:88,0
DA:89,0
DA:93,0
DA:94,0
DA:95,0
DA:97,0
DA:98,0
LF:46
LH:9
BRDA:10,0,0,8
BRDA:10,0,1,0
BRDA:15,1,0,0
BRDA:15,1,1,0
BRDA:29,2,0,0
BRDA:29,2,1,0
BRDA:36,3,0,0
BRDA:36,3,1,0
BRDA:78,4,0,0
BRDA:78,4,1,0
BRDA:93,5,0,0
BRDA:93,5,1,0
BRF:12
BRH:1
end_of_record
TN:
SF:routes\upload.js
FN:20,(anonymous_0)
FN:21,(anonymous_1)
FN:30,(anonymous_2)
FN:38,(anonymous_3)
FNF:4
FNH:0
FNDA:0,(anonymous_0)
FNDA:0,(anonymous_1)
FNDA:0,(anonymous_2)
FNDA:0,(anonymous_3)
DA:7,8
DA:9,8
DA:10,8
DA:13,8
DA:14,8
DA:15,0
DA:19,8
DA:20,0
DA:22,0
DA:23,0
DA:27,8
DA:31,0
DA:32,0
DA:33,0
DA:38,8
DA:39,0
DA:40,0
LF:17
LH:8
BRDA:14,0,0,0
BRDA:14,0,1,8
BRDA:33,1,0,0
BRDA:33,1,1,0
BRF:4
BRH:1
end_of_record
TN:
SF:tests\setupPgMock.js
FN:12,(anonymous_0)
FN:14,(anonymous_1)
FN:15,(anonymous_2)
FNF:3
FNH:2
FNDA:1,(anonymous_0)
FNDA:7,(anonymous_1)
FNDA:0,(anonymous_2)
DA:4,1
DA:5,1
DA:12,1
DA:14,7
DA:15,0
LF:5
LH:4
BRF:0
BRH:0
end_of_record
